<?xml version="1.0" encoding="utf-8"?>
<!DOCTYPE coverage SYSTEM "http://cobertura.sourceforge.net/xml/coverage-04.dtd">
<coverage line-rate="0.825754527162978" branch-rate="0.597826086956522" lines-covered="2052" lines-valid="2485" branches-covered="165" branches-valid="276" complexity="652" version="0" timestamp="1717573641">
  <sources>
    <source>C:\</source>
  </sources>
  <packages>
    <package name="LibraryManagemenTest" line-rate="0.944078947368421" branch-rate="1" complexity="105">
      <classes>
        <class name="AutoGeneratedProgram" filename="C:\Users\VC\.nuget\packages\microsoft.net.test.sdk\17.5.0\build\netcoreapp3.1\Microsoft.NET.Test.Sdk.Program.cs" line-rate="0" branch-rate="1" complexity="1">
          <methods>
            <method name="Main" signature="(...)" line-rate="0" branch-rate="1" complexity="1">
              <lines>
                <line number="4" hits="0" branch="false" />
              </lines>
            </method>
          </methods>
          <lines>
            <line number="4" hits="0" branch="false" />
          </lines>
        </class>
        <class name="LibraryManagemenTest.AuthServicesTest" filename="C:\MyPersonalFiles\GensparkTraining\MiniProject\MiniProjectAppSolution\LibraryManagemenTest\AuthServicesTest.cs" line-rate="0.950819672131147" branch-rate="1" complexity="7">
          <methods>
            <method name="&lt;UserLoginIncorrectUserId" signature="()" line-rate="1" branch-rate="1" complexity="1">
              <lines>
                <line number="57" hits="2" branch="false" />
              </lines>
            </method>
            <method name="&lt;UserLoginIncorrectPassword" signature="()" line-rate="1" branch-rate="1" complexity="1">
              <lines>
                <line number="81" hits="2" branch="false" />
              </lines>
            </method>
            <method name="UpgradeToPremium" signature="()" line-rate="0.909090909090909" branch-rate="1" complexity="1">
              <lines>
                <line number="112" hits="1" branch="false" />
                <line number="113" hits="1" branch="false" />
                <line number="114" hits="1" branch="false" />
                <line number="115" hits="1" branch="false" />
                <line number="116" hits="1" branch="false" />
                <line number="117" hits="1" branch="false" />
                <line number="119" hits="1" branch="false" />
                <line number="122" hits="1" branch="false" />
                <line number="124" hits="1" branch="false" />
                <line number="125" hits="1" branch="false" />
                <line number="130" hits="0" branch="false" />
              </lines>
            </method>
            <method name="UserLogin" signature="()" line-rate="0.928571428571429" branch-rate="1" complexity="1">
              <lines>
                <line number="16" hits="1" branch="false" />
                <line number="17" hits="1" branch="false" />
                <line number="18" hits="1" branch="false" />
                <line number="19" hits="1" branch="false" />
                <line number="20" hits="1" branch="false" />
                <line number="21" hits="1" branch="false" />
                <line number="23" hits="1" branch="false" />
                <line number="26" hits="1" branch="false" />
                <line number="28" hits="1" branch="false" />
                <line number="29" hits="1" branch="false" />
                <line number="31" hits="1" branch="false" />
                <line number="33" hits="1" branch="false" />
                <line number="34" hits="1" branch="false" />
                <line number="37" hits="0" branch="false" />
              </lines>
            </method>
            <method name="UserLoginIncorrectPassword" signature="()" line-rate="1" branch-rate="1" complexity="1">
              <lines>
                <line number="65" hits="1" branch="false" />
                <line number="66" hits="1" branch="false" />
                <line number="67" hits="1" branch="false" />
                <line number="68" hits="1" branch="false" />
                <line number="69" hits="1" branch="false" />
                <line number="70" hits="1" branch="false" />
                <line number="72" hits="1" branch="false" />
                <line number="75" hits="1" branch="false" />
                <line number="77" hits="1" branch="false" />
                <line number="78" hits="1" branch="false" />
                <line number="81" hits="2" branch="false" />
                <line number="82" hits="1" branch="false" />
                <line number="85" hits="1" branch="false" />
              </lines>
            </method>
            <method name="UserLoginIncorrectUserId" signature="()" line-rate="1" branch-rate="1" complexity="1">
              <lines>
                <line number="41" hits="1" branch="false" />
                <line number="42" hits="1" branch="false" />
                <line number="43" hits="1" branch="false" />
                <line number="44" hits="1" branch="false" />
                <line number="45" hits="1" branch="false" />
                <line number="46" hits="1" branch="false" />
                <line number="48" hits="1" branch="false" />
                <line number="51" hits="1" branch="false" />
                <line number="53" hits="1" branch="false" />
                <line number="54" hits="1" branch="false" />
                <line number="57" hits="2" branch="false" />
                <line number="58" hits="1" branch="false" />
                <line number="61" hits="1" branch="false" />
              </lines>
            </method>
            <method name="UserRegister" signature="()" line-rate="0.9" branch-rate="1" complexity="1">
              <lines>
                <line number="92" hits="1" branch="false" />
                <line number="93" hits="1" branch="false" />
                <line number="94" hits="1" branch="false" />
                <line number="95" hits="1" branch="false" />
                <line number="96" hits="1" branch="false" />
                <line number="97" hits="1" branch="false" />
                <line number="99" hits="1" branch="false" />
                <line number="101" hits="1" branch="false" />
                <line number="102" hits="1" branch="false" />
                <line number="105" hits="0" branch="false" />
              </lines>
            </method>
          </methods>
          <lines>
            <line number="16" hits="1" branch="false" />
            <line number="17" hits="1" branch="false" />
            <line number="18" hits="1" branch="false" />
            <line number="19" hits="1" branch="false" />
            <line number="20" hits="1" branch="false" />
            <line number="21" hits="1" branch="false" />
            <line number="23" hits="1" branch="false" />
            <line number="26" hits="1" branch="false" />
            <line number="28" hits="1" branch="false" />
            <line number="29" hits="1" branch="false" />
            <line number="31" hits="1" branch="false" />
            <line number="33" hits="1" branch="false" />
            <line number="34" hits="1" branch="false" />
            <line number="37" hits="0" branch="false" />
            <line number="41" hits="1" branch="false" />
            <line number="42" hits="1" branch="false" />
            <line number="43" hits="1" branch="false" />
            <line number="44" hits="1" branch="false" />
            <line number="45" hits="1" branch="false" />
            <line number="46" hits="1" branch="false" />
            <line number="48" hits="1" branch="false" />
            <line number="51" hits="1" branch="false" />
            <line number="53" hits="1" branch="false" />
            <line number="54" hits="1" branch="false" />
            <line number="57" hits="2" branch="false" />
            <line number="58" hits="1" branch="false" />
            <line number="61" hits="1" branch="false" />
            <line number="65" hits="1" branch="false" />
            <line number="66" hits="1" branch="false" />
            <line number="67" hits="1" branch="false" />
            <line number="68" hits="1" branch="false" />
            <line number="69" hits="1" branch="false" />
            <line number="70" hits="1" branch="false" />
            <line number="72" hits="1" branch="false" />
            <line number="75" hits="1" branch="false" />
            <line number="77" hits="1" branch="false" />
            <line number="78" hits="1" branch="false" />
            <line number="81" hits="2" branch="false" />
            <line number="82" hits="1" branch="false" />
            <line number="85" hits="1" branch="false" />
            <line number="92" hits="1" branch="false" />
            <line number="93" hits="1" branch="false" />
            <line number="94" hits="1" branch="false" />
            <line number="95" hits="1" branch="false" />
            <line number="96" hits="1" branch="false" />
            <line number="97" hits="1" branch="false" />
            <line number="99" hits="1" branch="false" />
            <line number="101" hits="1" branch="false" />
            <line number="102" hits="1" branch="false" />
            <line number="105" hits="0" branch="false" />
            <line number="112" hits="1" branch="false" />
            <line number="113" hits="1" branch="false" />
            <line number="114" hits="1" branch="false" />
            <line number="115" hits="1" branch="false" />
            <line number="116" hits="1" branch="false" />
            <line number="117" hits="1" branch="false" />
            <line number="119" hits="1" branch="false" />
            <line number="122" hits="1" branch="false" />
            <line number="124" hits="1" branch="false" />
            <line number="125" hits="1" branch="false" />
            <line number="130" hits="0" branch="false" />
          </lines>
        </class>
        <class name="LibraryManagemenTest.BaseSetup" filename="C:\MyPersonalFiles\GensparkTraining\MiniProject\MiniProjectAppSolution\LibraryManagemenTest\BaseSetup.cs" line-rate="1" branch-rate="1" complexity="2">
          <methods>
            <method name="TearDown" signature="()" line-rate="1" branch-rate="1" complexity="1">
              <lines>
                <line number="138" hits="69" branch="false" />
                <line number="139" hits="69" branch="false" />
                <line number="140" hits="69" branch="false" />
                <line number="141" hits="69" branch="false" />
              </lines>
            </method>
            <method name="Setup" signature="()" line-rate="1" branch-rate="1" complexity="1">
              <lines>
                <line number="62" hits="69" branch="false" />
                <line number="64" hits="69" branch="false" />
                <line number="65" hits="69" branch="false" />
                <line number="66" hits="69" branch="false" />
                <line number="68" hits="69" branch="false" />
                <line number="70" hits="69" branch="false" />
                <line number="71" hits="69" branch="false" />
                <line number="72" hits="69" branch="false" />
                <line number="75" hits="69" branch="false" />
                <line number="76" hits="69" branch="false" />
                <line number="77" hits="69" branch="false" />
                <line number="78" hits="69" branch="false" />
                <line number="79" hits="69" branch="false" />
                <line number="80" hits="69" branch="false" />
                <line number="87" hits="69" branch="false" />
                <line number="88" hits="69" branch="false" />
                <line number="90" hits="69" branch="false" />
                <line number="91" hits="69" branch="false" />
                <line number="92" hits="69" branch="false" />
                <line number="93" hits="69" branch="false" />
                <line number="94" hits="69" branch="false" />
                <line number="95" hits="69" branch="false" />
                <line number="96" hits="69" branch="false" />
                <line number="97" hits="69" branch="false" />
                <line number="98" hits="69" branch="false" />
                <line number="99" hits="69" branch="false" />
                <line number="100" hits="69" branch="false" />
                <line number="101" hits="69" branch="false" />
                <line number="102" hits="69" branch="false" />
                <line number="103" hits="69" branch="false" />
                <line number="107" hits="69" branch="false" />
                <line number="109" hits="69" branch="false" />
                <line number="110" hits="69" branch="false" />
                <line number="113" hits="69" branch="false" />
                <line number="115" hits="69" branch="false" />
                <line number="117" hits="69" branch="false" />
                <line number="119" hits="69" branch="false" />
                <line number="121" hits="69" branch="false" />
                <line number="123" hits="69" branch="false" />
                <line number="125" hits="69" branch="false" />
                <line number="127" hits="69" branch="false" />
                <line number="129" hits="69" branch="false" />
                <line number="131" hits="69" branch="false" />
              </lines>
            </method>
          </methods>
          <lines>
            <line number="62" hits="69" branch="false" />
            <line number="64" hits="69" branch="false" />
            <line number="65" hits="69" branch="false" />
            <line number="66" hits="69" branch="false" />
            <line number="68" hits="69" branch="false" />
            <line number="70" hits="69" branch="false" />
            <line number="71" hits="69" branch="false" />
            <line number="72" hits="69" branch="false" />
            <line number="75" hits="69" branch="false" />
            <line number="76" hits="69" branch="false" />
            <line number="77" hits="69" branch="false" />
            <line number="78" hits="69" branch="false" />
            <line number="79" hits="69" branch="false" />
            <line number="80" hits="69" branch="false" />
            <line number="87" hits="69" branch="false" />
            <line number="88" hits="69" branch="false" />
            <line number="90" hits="69" branch="false" />
            <line number="91" hits="69" branch="false" />
            <line number="92" hits="69" branch="false" />
            <line number="93" hits="69" branch="false" />
            <line number="94" hits="69" branch="false" />
            <line number="95" hits="69" branch="false" />
            <line number="96" hits="69" branch="false" />
            <line number="97" hits="69" branch="false" />
            <line number="98" hits="69" branch="false" />
            <line number="99" hits="69" branch="false" />
            <line number="100" hits="69" branch="false" />
            <line number="101" hits="69" branch="false" />
            <line number="102" hits="69" branch="false" />
            <line number="103" hits="69" branch="false" />
            <line number="107" hits="69" branch="false" />
            <line number="109" hits="69" branch="false" />
            <line number="110" hits="69" branch="false" />
            <line number="113" hits="69" branch="false" />
            <line number="115" hits="69" branch="false" />
            <line number="117" hits="69" branch="false" />
            <line number="119" hits="69" branch="false" />
            <line number="121" hits="69" branch="false" />
            <line number="123" hits="69" branch="false" />
            <line number="125" hits="69" branch="false" />
            <line number="127" hits="69" branch="false" />
            <line number="129" hits="69" branch="false" />
            <line number="131" hits="69" branch="false" />
            <line number="138" hits="69" branch="false" />
            <line number="139" hits="69" branch="false" />
            <line number="140" hits="69" branch="false" />
            <line number="141" hits="69" branch="false" />
          </lines>
        </class>
        <class name="LibraryManagemenTest.BookServicesTest" filename="C:\MyPersonalFiles\GensparkTraining\MiniProject\MiniProjectAppSolution\LibraryManagemenTest\BookServicesTest.cs" line-rate="0.949152542372881" branch-rate="1" complexity="13">
          <methods>
            <method name="Setup" signature="()" line-rate="1" branch-rate="1" complexity="1">
              <lines>
                <line number="12" hits="8" branch="false" />
                <line number="13" hits="8" branch="false" />
              </lines>
            </method>
            <method name="&lt;GetFeedbackEmptyListFail" signature="()" line-rate="1" branch-rate="1" complexity="1">
              <lines>
                <line number="123" hits="2" branch="false" />
              </lines>
            </method>
            <method name="&lt;GetFeedbackFail" signature="()" line-rate="1" branch-rate="1" complexity="1">
              <lines>
                <line number="103" hits="2" branch="false" />
              </lines>
            </method>
            <method name="&lt;GiveFeedbackUserIdFail" signature="()" line-rate="1" branch-rate="1" complexity="1">
              <lines>
                <line number="50" hits="2" branch="false" />
              </lines>
            </method>
            <method name="&lt;GiveFeedbackBookIdFail" signature="()" line-rate="1" branch-rate="1" complexity="1">
              <lines>
                <line number="61" hits="2" branch="false" />
              </lines>
            </method>
            <method name="GetFeedback" signature="()" line-rate="0.909090909090909" branch-rate="1" complexity="1">
              <lines>
                <line number="68" hits="1" branch="false" />
                <line number="69" hits="1" branch="false" />
                <line number="70" hits="1" branch="false" />
                <line number="71" hits="1" branch="false" />
                <line number="74" hits="1" branch="false" />
                <line number="76" hits="1" branch="false" />
                <line number="80" hits="1" branch="false" />
                <line number="81" hits="1" branch="false" />
                <line number="82" hits="1" branch="false" />
                <line number="83" hits="1" branch="false" />
                <line number="85" hits="0" branch="false" />
              </lines>
            </method>
            <method name="GetFeedbackEmptyListFail" signature="()" line-rate="1" branch-rate="1" complexity="1">
              <lines>
                <line number="110" hits="1" branch="false" />
                <line number="111" hits="1" branch="false" />
                <line number="112" hits="1" branch="false" />
                <line number="113" hits="1" branch="false" />
                <line number="116" hits="1" branch="false" />
                <line number="117" hits="1" branch="false" />
                <line number="123" hits="2" branch="false" />
                <line number="124" hits="1" branch="false" />
                <line number="126" hits="1" branch="false" />
              </lines>
            </method>
            <method name="GetFeedbackFail" signature="()" line-rate="1" branch-rate="1" complexity="1">
              <lines>
                <line number="89" hits="1" branch="false" />
                <line number="90" hits="1" branch="false" />
                <line number="91" hits="1" branch="false" />
                <line number="92" hits="1" branch="false" />
                <line number="95" hits="1" branch="false" />
                <line number="97" hits="1" branch="false" />
                <line number="103" hits="2" branch="false" />
                <line number="104" hits="1" branch="false" />
                <line number="106" hits="1" branch="false" />
              </lines>
            </method>
            <method name="GiveFeedback" signature="()" line-rate="1" branch-rate="1" complexity="1">
              <lines>
                <line number="36" hits="1" branch="false" />
                <line number="37" hits="1" branch="false" />
                <line number="38" hits="1" branch="false" />
                <line number="39" hits="1" branch="false" />
                <line number="40" hits="1" branch="false" />
                <line number="42" hits="1" branch="false" />
              </lines>
            </method>
            <method name="GiveFeedbackBookIdFail" signature="()" line-rate="1" branch-rate="1" complexity="1">
              <lines>
                <line number="57" hits="1" branch="false" />
                <line number="58" hits="1" branch="false" />
                <line number="60" hits="1" branch="false" />
                <line number="61" hits="2" branch="false" />
                <line number="62" hits="1" branch="false" />
                <line number="64" hits="1" branch="false" />
              </lines>
            </method>
            <method name="GiveFeedbackUserIdFail" signature="()" line-rate="1" branch-rate="1" complexity="1">
              <lines>
                <line number="46" hits="1" branch="false" />
                <line number="47" hits="1" branch="false" />
                <line number="49" hits="1" branch="false" />
                <line number="50" hits="2" branch="false" />
                <line number="51" hits="1" branch="false" />
                <line number="53" hits="1" branch="false" />
              </lines>
            </method>
            <method name="ViewBooksForRent" signature="()" line-rate="0.8" branch-rate="1" complexity="1">
              <lines>
                <line number="26" hits="1" branch="false" />
                <line number="27" hits="1" branch="false" />
                <line number="29" hits="1" branch="false" />
                <line number="30" hits="1" branch="false" />
                <line number="31" hits="0" branch="false" />
              </lines>
            </method>
            <method name="ViewBooksForSale" signature="()" line-rate="0.8" branch-rate="1" complexity="1">
              <lines>
                <line number="17" hits="1" branch="false" />
                <line number="18" hits="1" branch="false" />
                <line number="20" hits="1" branch="false" />
                <line number="21" hits="1" branch="false" />
                <line number="22" hits="0" branch="false" />
              </lines>
            </method>
          </methods>
          <lines>
            <line number="12" hits="8" branch="false" />
            <line number="13" hits="8" branch="false" />
            <line number="17" hits="1" branch="false" />
            <line number="18" hits="1" branch="false" />
            <line number="20" hits="1" branch="false" />
            <line number="21" hits="1" branch="false" />
            <line number="22" hits="0" branch="false" />
            <line number="26" hits="1" branch="false" />
            <line number="27" hits="1" branch="false" />
            <line number="29" hits="1" branch="false" />
            <line number="30" hits="1" branch="false" />
            <line number="31" hits="0" branch="false" />
            <line number="36" hits="1" branch="false" />
            <line number="37" hits="1" branch="false" />
            <line number="38" hits="1" branch="false" />
            <line number="39" hits="1" branch="false" />
            <line number="40" hits="1" branch="false" />
            <line number="42" hits="1" branch="false" />
            <line number="46" hits="1" branch="false" />
            <line number="47" hits="1" branch="false" />
            <line number="49" hits="1" branch="false" />
            <line number="50" hits="2" branch="false" />
            <line number="51" hits="1" branch="false" />
            <line number="53" hits="1" branch="false" />
            <line number="57" hits="1" branch="false" />
            <line number="58" hits="1" branch="false" />
            <line number="60" hits="1" branch="false" />
            <line number="61" hits="2" branch="false" />
            <line number="62" hits="1" branch="false" />
            <line number="64" hits="1" branch="false" />
            <line number="68" hits="1" branch="false" />
            <line number="69" hits="1" branch="false" />
            <line number="70" hits="1" branch="false" />
            <line number="71" hits="1" branch="false" />
            <line number="74" hits="1" branch="false" />
            <line number="76" hits="1" branch="false" />
            <line number="80" hits="1" branch="false" />
            <line number="81" hits="1" branch="false" />
            <line number="82" hits="1" branch="false" />
            <line number="83" hits="1" branch="false" />
            <line number="85" hits="0" branch="false" />
            <line number="89" hits="1" branch="false" />
            <line number="90" hits="1" branch="false" />
            <line number="91" hits="1" branch="false" />
            <line number="92" hits="1" branch="false" />
            <line number="95" hits="1" branch="false" />
            <line number="97" hits="1" branch="false" />
            <line number="103" hits="2" branch="false" />
            <line number="104" hits="1" branch="false" />
            <line number="106" hits="1" branch="false" />
            <line number="110" hits="1" branch="false" />
            <line number="111" hits="1" branch="false" />
            <line number="112" hits="1" branch="false" />
            <line number="113" hits="1" branch="false" />
            <line number="116" hits="1" branch="false" />
            <line number="117" hits="1" branch="false" />
            <line number="123" hits="2" branch="false" />
            <line number="124" hits="1" branch="false" />
            <line number="126" hits="1" branch="false" />
          </lines>
        </class>
        <class name="LibraryManagemenTest.CartServicesTest" filename="C:\MyPersonalFiles\GensparkTraining\MiniProject\MiniProjectAppSolution\LibraryManagemenTest\CartServicesTest.cs" line-rate="0.948453608247423" branch-rate="1" complexity="26">
          <methods>
            <method name="&lt;AddItemsToCartBookIdFail" signature="()" line-rate="1" branch-rate="1" complexity="1">
              <lines>
                <line number="39" hits="2" branch="false" />
              </lines>
            </method>
            <method name="&lt;AddItemsToCartOutofStock" signature="()" line-rate="1" branch-rate="1" complexity="1">
              <lines>
                <line number="47" hits="2" branch="false" />
              </lines>
            </method>
            <method name="&lt;AddItemsToCartUserIdFail" signature="()" line-rate="1" branch-rate="1" complexity="1">
              <lines>
                <line number="30" hits="2" branch="false" />
              </lines>
            </method>
            <method name="&lt;CheckoutCartEmptyCartFail" signature="()" line-rate="1" branch-rate="1" complexity="1">
              <lines>
                <line number="118" hits="2" branch="false" />
              </lines>
            </method>
            <method name="&lt;CheckoutCartOutOfStockFail" signature="()" line-rate="1" branch-rate="1" complexity="1">
              <lines>
                <line number="131" hits="2" branch="false" />
              </lines>
            </method>
            <method name="&lt;GetCartItemsFail" signature="()" line-rate="1" branch-rate="1" complexity="1">
              <lines>
                <line number="153" hits="2" branch="false" />
              </lines>
            </method>
            <method name="&lt;GetRentCartItemsFail" signature="()" line-rate="1" branch-rate="1" complexity="1">
              <lines>
                <line number="181" hits="2" branch="false" />
              </lines>
            </method>
            <method name="&lt;GetSuperRentCartItemsFail" signature="()" line-rate="1" branch-rate="1" complexity="1">
              <lines>
                <line number="209" hits="2" branch="false" />
              </lines>
            </method>
            <method name="&lt;RemoveItemFromCartFail" signature="()" line-rate="1" branch-rate="1" complexity="1">
              <lines>
                <line number="80" hits="2" branch="false" />
              </lines>
            </method>
            <method name="AddItemsToCart" signature="()" line-rate="0.8" branch-rate="1" complexity="1">
              <lines>
                <line number="18" hits="1" branch="false" />
                <line number="19" hits="1" branch="false" />
                <line number="21" hits="1" branch="false" />
                <line number="22" hits="1" branch="false" />
                <line number="23" hits="0" branch="false" />
              </lines>
            </method>
            <method name="AddItemsToCartBookIdFail" signature="()" line-rate="1" branch-rate="1" complexity="1">
              <lines>
                <line number="36" hits="1" branch="false" />
                <line number="39" hits="2" branch="false" />
                <line number="40" hits="1" branch="false" />
                <line number="41" hits="1" branch="false" />
              </lines>
            </method>
            <method name="AddItemsToCartOutofStock" signature="()" line-rate="1" branch-rate="1" complexity="1">
              <lines>
                <line number="45" hits="1" branch="false" />
                <line number="47" hits="2" branch="false" />
                <line number="48" hits="1" branch="false" />
                <line number="49" hits="1" branch="false" />
              </lines>
            </method>
            <method name="AddItemsToCartUserIdFail" signature="()" line-rate="1" branch-rate="1" complexity="1">
              <lines>
                <line number="27" hits="1" branch="false" />
                <line number="30" hits="2" branch="false" />
                <line number="31" hits="1" branch="false" />
                <line number="32" hits="1" branch="false" />
              </lines>
            </method>
            <method name="CheckoutCart" signature="()" line-rate="0.857142857142857" branch-rate="1" complexity="1">
              <lines>
                <line number="89" hits="1" branch="false" />
                <line number="90" hits="1" branch="false" />
                <line number="91" hits="1" branch="false" />
                <line number="92" hits="1" branch="false" />
                <line number="94" hits="1" branch="false" />
                <line number="95" hits="1" branch="false" />
                <line number="97" hits="0" branch="false" />
              </lines>
            </method>
            <method name="CheckoutCartEmptyCartFail" signature="()" line-rate="1" branch-rate="1" complexity="1">
              <lines>
                <line number="114" hits="1" branch="false" />
                <line number="118" hits="2" branch="false" />
                <line number="119" hits="1" branch="false" />
                <line number="121" hits="1" branch="false" />
              </lines>
            </method>
            <method name="CheckoutCartOutOfStockFail" signature="()" line-rate="1" branch-rate="1" complexity="1">
              <lines>
                <line number="125" hits="1" branch="false" />
                <line number="126" hits="1" branch="false" />
                <line number="127" hits="1" branch="false" />
                <line number="128" hits="1" branch="false" />
                <line number="131" hits="2" branch="false" />
                <line number="132" hits="1" branch="false" />
                <line number="134" hits="1" branch="false" />
              </lines>
            </method>
            <method name="CheckoutCartPremiumUser" signature="()" line-rate="0.857142857142857" branch-rate="1" complexity="1">
              <lines>
                <line number="101" hits="1" branch="false" />
                <line number="102" hits="1" branch="false" />
                <line number="103" hits="1" branch="false" />
                <line number="104" hits="1" branch="false" />
                <line number="106" hits="1" branch="false" />
                <line number="107" hits="1" branch="false" />
                <line number="109" hits="0" branch="false" />
              </lines>
            </method>
            <method name="GetCartItems" signature="()" line-rate="1" branch-rate="1" complexity="1">
              <lines>
                <line number="139" hits="1" branch="false" />
                <line number="140" hits="1" branch="false" />
                <line number="141" hits="1" branch="false" />
                <line number="143" hits="1" branch="false" />
                <line number="145" hits="1" branch="false" />
                <line number="147" hits="1" branch="false" />
              </lines>
            </method>
            <method name="GetCartItemsFail" signature="()" line-rate="1" branch-rate="1" complexity="1">
              <lines>
                <line number="151" hits="1" branch="false" />
                <line number="153" hits="2" branch="false" />
                <line number="154" hits="1" branch="false" />
                <line number="156" hits="1" branch="false" />
              </lines>
            </method>
            <method name="GetRentCartItems" signature="()" line-rate="1" branch-rate="1" complexity="1">
              <lines>
                <line number="160" hits="1" branch="false" />
                <line number="161" hits="1" branch="false" />
                <line number="162" hits="1" branch="false" />
                <line number="163" hits="1" branch="false" />
                <line number="164" hits="1" branch="false" />
                <line number="165" hits="1" branch="false" />
                <line number="167" hits="1" branch="false" />
                <line number="169" hits="1" branch="false" />
                <line number="171" hits="1" branch="false" />
                <line number="173" hits="1" branch="false" />
              </lines>
            </method>
            <method name="GetRentCartItemsFail" signature="()" line-rate="1" branch-rate="1" complexity="1">
              <lines>
                <line number="179" hits="1" branch="false" />
                <line number="181" hits="2" branch="false" />
                <line number="182" hits="1" branch="false" />
                <line number="184" hits="1" branch="false" />
              </lines>
            </method>
            <method name="GetSuperRentCartItems" signature="()" line-rate="1" branch-rate="1" complexity="1">
              <lines>
                <line number="189" hits="1" branch="false" />
                <line number="190" hits="1" branch="false" />
                <line number="191" hits="1" branch="false" />
                <line number="192" hits="1" branch="false" />
                <line number="193" hits="1" branch="false" />
                <line number="194" hits="1" branch="false" />
                <line number="196" hits="1" branch="false" />
                <line number="198" hits="1" branch="false" />
                <line number="200" hits="1" branch="false" />
                <line number="202" hits="1" branch="false" />
              </lines>
            </method>
            <method name="GetSuperRentCartItemsFail" signature="()" line-rate="1" branch-rate="1" complexity="1">
              <lines>
                <line number="207" hits="1" branch="false" />
                <line number="209" hits="2" branch="false" />
                <line number="210" hits="1" branch="false" />
                <line number="212" hits="1" branch="false" />
              </lines>
            </method>
            <method name="RemoveItemFromCart" signature="()" line-rate="0.833333333333333" branch-rate="1" complexity="1">
              <lines>
                <line number="64" hits="1" branch="false" />
                <line number="66" hits="1" branch="false" />
                <line number="67" hits="1" branch="false" />
                <line number="69" hits="1" branch="false" />
                <line number="70" hits="1" branch="false" />
                <line number="71" hits="0" branch="false" />
              </lines>
            </method>
            <method name="RemoveItemFromCartFail" signature="()" line-rate="1" branch-rate="1" complexity="1">
              <lines>
                <line number="75" hits="1" branch="false" />
                <line number="77" hits="1" branch="false" />
                <line number="80" hits="2" branch="false" />
                <line number="81" hits="1" branch="false" />
                <line number="83" hits="1" branch="false" />
              </lines>
            </method>
            <method name="UpdateCartItemQuantity" signature="()" line-rate="0.833333333333333" branch-rate="1" complexity="1">
              <lines>
                <line number="53" hits="1" branch="false" />
                <line number="54" hits="1" branch="false" />
                <line number="56" hits="1" branch="false" />
                <line number="58" hits="1" branch="false" />
                <line number="59" hits="1" branch="false" />
                <line number="60" hits="0" branch="false" />
              </lines>
            </method>
          </methods>
          <lines>
            <line number="18" hits="1" branch="false" />
            <line number="19" hits="1" branch="false" />
            <line number="21" hits="1" branch="false" />
            <line number="22" hits="1" branch="false" />
            <line number="23" hits="0" branch="false" />
            <line number="27" hits="1" branch="false" />
            <line number="30" hits="2" branch="false" />
            <line number="31" hits="1" branch="false" />
            <line number="32" hits="1" branch="false" />
            <line number="36" hits="1" branch="false" />
            <line number="39" hits="2" branch="false" />
            <line number="40" hits="1" branch="false" />
            <line number="41" hits="1" branch="false" />
            <line number="45" hits="1" branch="false" />
            <line number="47" hits="2" branch="false" />
            <line number="48" hits="1" branch="false" />
            <line number="49" hits="1" branch="false" />
            <line number="53" hits="1" branch="false" />
            <line number="54" hits="1" branch="false" />
            <line number="56" hits="1" branch="false" />
            <line number="58" hits="1" branch="false" />
            <line number="59" hits="1" branch="false" />
            <line number="60" hits="0" branch="false" />
            <line number="64" hits="1" branch="false" />
            <line number="66" hits="1" branch="false" />
            <line number="67" hits="1" branch="false" />
            <line number="69" hits="1" branch="false" />
            <line number="70" hits="1" branch="false" />
            <line number="71" hits="0" branch="false" />
            <line number="75" hits="1" branch="false" />
            <line number="77" hits="1" branch="false" />
            <line number="80" hits="2" branch="false" />
            <line number="81" hits="1" branch="false" />
            <line number="83" hits="1" branch="false" />
            <line number="89" hits="1" branch="false" />
            <line number="90" hits="1" branch="false" />
            <line number="91" hits="1" branch="false" />
            <line number="92" hits="1" branch="false" />
            <line number="94" hits="1" branch="false" />
            <line number="95" hits="1" branch="false" />
            <line number="97" hits="0" branch="false" />
            <line number="101" hits="1" branch="false" />
            <line number="102" hits="1" branch="false" />
            <line number="103" hits="1" branch="false" />
            <line number="104" hits="1" branch="false" />
            <line number="106" hits="1" branch="false" />
            <line number="107" hits="1" branch="false" />
            <line number="109" hits="0" branch="false" />
            <line number="114" hits="1" branch="false" />
            <line number="118" hits="2" branch="false" />
            <line number="119" hits="1" branch="false" />
            <line number="121" hits="1" branch="false" />
            <line number="125" hits="1" branch="false" />
            <line number="126" hits="1" branch="false" />
            <line number="127" hits="1" branch="false" />
            <line number="128" hits="1" branch="false" />
            <line number="131" hits="2" branch="false" />
            <line number="132" hits="1" branch="false" />
            <line number="134" hits="1" branch="false" />
            <line number="139" hits="1" branch="false" />
            <line number="140" hits="1" branch="false" />
            <line number="141" hits="1" branch="false" />
            <line number="143" hits="1" branch="false" />
            <line number="145" hits="1" branch="false" />
            <line number="147" hits="1" branch="false" />
            <line number="151" hits="1" branch="false" />
            <line number="153" hits="2" branch="false" />
            <line number="154" hits="1" branch="false" />
            <line number="156" hits="1" branch="false" />
            <line number="160" hits="1" branch="false" />
            <line number="161" hits="1" branch="false" />
            <line number="162" hits="1" branch="false" />
            <line number="163" hits="1" branch="false" />
            <line number="164" hits="1" branch="false" />
            <line number="165" hits="1" branch="false" />
            <line number="167" hits="1" branch="false" />
            <line number="169" hits="1" branch="false" />
            <line number="171" hits="1" branch="false" />
            <line number="173" hits="1" branch="false" />
            <line number="179" hits="1" branch="false" />
            <line number="181" hits="2" branch="false" />
            <line number="182" hits="1" branch="false" />
            <line number="184" hits="1" branch="false" />
            <line number="189" hits="1" branch="false" />
            <line number="190" hits="1" branch="false" />
            <line number="191" hits="1" branch="false" />
            <line number="192" hits="1" branch="false" />
            <line number="193" hits="1" branch="false" />
            <line number="194" hits="1" branch="false" />
            <line number="196" hits="1" branch="false" />
            <line number="198" hits="1" branch="false" />
            <line number="200" hits="1" branch="false" />
            <line number="202" hits="1" branch="false" />
            <line number="207" hits="1" branch="false" />
            <line number="209" hits="2" branch="false" />
            <line number="210" hits="1" branch="false" />
            <line number="212" hits="1" branch="false" />
          </lines>
        </class>
        <class name="LibraryManagemenTest.FineServicesTest" filename="C:\MyPersonalFiles\GensparkTraining\MiniProject\MiniProjectAppSolution\LibraryManagemenTest\FineServicesTest.cs" line-rate="0.936507936507937" branch-rate="1" complexity="14">
          <methods>
            <method name="&lt;PayFineFOrOneBookBookNotReturnedFail" signature="()" line-rate="1" branch-rate="1" complexity="1">
              <lines>
                <line number="75" hits="2" branch="false" />
              </lines>
            </method>
            <method name="&lt;PayFineForAllBooksAlreadyPaidException" signature="()" line-rate="1" branch-rate="1" complexity="1">
              <lines>
                <line number="112" hits="2" branch="false" />
              </lines>
            </method>
            <method name="&lt;PayFineForAllBooksBooksNotReturned" signature="()" line-rate="1" branch-rate="1" complexity="1">
              <lines>
                <line number="141" hits="2" branch="false" />
              </lines>
            </method>
            <method name="&lt;VerifyUnPaidFineFail" signature="()" line-rate="1" branch-rate="1" complexity="1">
              <lines>
                <line number="63" hits="2" branch="false" />
              </lines>
            </method>
            <method name="&lt;ViewFinesFail" signature="()" line-rate="1" branch-rate="1" complexity="1">
              <lines>
                <line number="35" hits="2" branch="false" />
              </lines>
            </method>
            <method name="PayFineFOrOneBookBookNotReturnedFail" signature="()" line-rate="1" branch-rate="1" complexity="1">
              <lines>
                <line number="71" hits="1" branch="false" />
                <line number="72" hits="1" branch="false" />
                <line number="75" hits="2" branch="false" />
                <line number="76" hits="1" branch="false" />
                <line number="79" hits="1" branch="false" />
              </lines>
            </method>
            <method name="PayFineForAllBooks" signature="()" line-rate="0.909090909090909" branch-rate="1" complexity="1">
              <lines>
                <line number="121" hits="1" branch="false" />
                <line number="122" hits="1" branch="false" />
                <line number="123" hits="1" branch="false" />
                <line number="124" hits="1" branch="false" />
                <line number="125" hits="1" branch="false" />
                <line number="126" hits="1" branch="false" />
                <line number="127" hits="1" branch="false" />
                <line number="129" hits="1" branch="false" />
                <line number="131" hits="1" branch="false" />
                <line number="132" hits="1" branch="false" />
                <line number="133" hits="0" branch="false" />
              </lines>
            </method>
            <method name="PayFineForAllBooksAlreadyPaidException" signature="()" line-rate="1" branch-rate="1" complexity="1">
              <lines>
                <line number="101" hits="1" branch="false" />
                <line number="102" hits="1" branch="false" />
                <line number="103" hits="1" branch="false" />
                <line number="104" hits="1" branch="false" />
                <line number="105" hits="1" branch="false" />
                <line number="106" hits="1" branch="false" />
                <line number="107" hits="1" branch="false" />
                <line number="109" hits="1" branch="false" />
                <line number="112" hits="2" branch="false" />
                <line number="113" hits="1" branch="false" />
                <line number="117" hits="1" branch="false" />
              </lines>
            </method>
            <method name="PayFineForAllBooksBooksNotReturned" signature="()" line-rate="1" branch-rate="1" complexity="1">
              <lines>
                <line number="137" hits="1" branch="false" />
                <line number="138" hits="1" branch="false" />
                <line number="141" hits="2" branch="false" />
                <line number="142" hits="1" branch="false" />
                <line number="144" hits="1" branch="false" />
              </lines>
            </method>
            <method name="PayFineForOneBook" signature="()" line-rate="0.909090909090909" branch-rate="1" complexity="1">
              <lines>
                <line number="83" hits="1" branch="false" />
                <line number="84" hits="1" branch="false" />
                <line number="85" hits="1" branch="false" />
                <line number="86" hits="1" branch="false" />
                <line number="87" hits="1" branch="false" />
                <line number="88" hits="1" branch="false" />
                <line number="89" hits="1" branch="false" />
                <line number="91" hits="1" branch="false" />
                <line number="92" hits="1" branch="false" />
                <line number="93" hits="1" branch="false" />
                <line number="96" hits="0" branch="false" />
              </lines>
            </method>
            <method name="VerifyUnPaidFine" signature="()" line-rate="0.833333333333333" branch-rate="1" complexity="1">
              <lines>
                <line number="44" hits="1" branch="false" />
                <line number="46" hits="1" branch="false" />
                <line number="48" hits="1" branch="false" />
                <line number="51" hits="1" branch="false" />
                <line number="52" hits="1" branch="false" />
                <line number="55" hits="0" branch="false" />
              </lines>
            </method>
            <method name="VerifyUnPaidFineFail" signature="()" line-rate="1" branch-rate="1" complexity="1">
              <lines>
                <line number="61" hits="1" branch="false" />
                <line number="63" hits="2" branch="false" />
                <line number="64" hits="1" branch="false" />
                <line number="66" hits="1" branch="false" />
              </lines>
            </method>
            <method name="ViewFines" signature="()" line-rate="0.833333333333333" branch-rate="1" complexity="1">
              <lines>
                <line number="16" hits="1" branch="false" />
                <line number="18" hits="1" branch="false" />
                <line number="20" hits="1" branch="false" />
                <line number="23" hits="1" branch="false" />
                <line number="24" hits="1" branch="false" />
                <line number="27" hits="0" branch="false" />
              </lines>
            </method>
            <method name="ViewFinesFail" signature="()" line-rate="1" branch-rate="1" complexity="1">
              <lines>
                <line number="32" hits="1" branch="false" />
                <line number="35" hits="2" branch="false" />
                <line number="36" hits="1" branch="false" />
                <line number="39" hits="1" branch="false" />
              </lines>
            </method>
          </methods>
          <lines>
            <line number="16" hits="1" branch="false" />
            <line number="18" hits="1" branch="false" />
            <line number="20" hits="1" branch="false" />
            <line number="23" hits="1" branch="false" />
            <line number="24" hits="1" branch="false" />
            <line number="27" hits="0" branch="false" />
            <line number="32" hits="1" branch="false" />
            <line number="35" hits="2" branch="false" />
            <line number="36" hits="1" branch="false" />
            <line number="39" hits="1" branch="false" />
            <line number="44" hits="1" branch="false" />
            <line number="46" hits="1" branch="false" />
            <line number="48" hits="1" branch="false" />
            <line number="51" hits="1" branch="false" />
            <line number="52" hits="1" branch="false" />
            <line number="55" hits="0" branch="false" />
            <line number="61" hits="1" branch="false" />
            <line number="63" hits="2" branch="false" />
            <line number="64" hits="1" branch="false" />
            <line number="66" hits="1" branch="false" />
            <line number="71" hits="1" branch="false" />
            <line number="72" hits="1" branch="false" />
            <line number="75" hits="2" branch="false" />
            <line number="76" hits="1" branch="false" />
            <line number="79" hits="1" branch="false" />
            <line number="83" hits="1" branch="false" />
            <line number="84" hits="1" branch="false" />
            <line number="85" hits="1" branch="false" />
            <line number="86" hits="1" branch="false" />
            <line number="87" hits="1" branch="false" />
            <line number="88" hits="1" branch="false" />
            <line number="89" hits="1" branch="false" />
            <line number="91" hits="1" branch="false" />
            <line number="92" hits="1" branch="false" />
            <line number="93" hits="1" branch="false" />
            <line number="96" hits="0" branch="false" />
            <line number="101" hits="1" branch="false" />
            <line number="102" hits="1" branch="false" />
            <line number="103" hits="1" branch="false" />
            <line number="104" hits="1" branch="false" />
            <line number="105" hits="1" branch="false" />
            <line number="106" hits="1" branch="false" />
            <line number="107" hits="1" branch="false" />
            <line number="109" hits="1" branch="false" />
            <line number="112" hits="2" branch="false" />
            <line number="113" hits="1" branch="false" />
            <line number="117" hits="1" branch="false" />
            <line number="121" hits="1" branch="false" />
            <line number="122" hits="1" branch="false" />
            <line number="123" hits="1" branch="false" />
            <line number="124" hits="1" branch="false" />
            <line number="125" hits="1" branch="false" />
            <line number="126" hits="1" branch="false" />
            <line number="127" hits="1" branch="false" />
            <line number="129" hits="1" branch="false" />
            <line number="131" hits="1" branch="false" />
            <line number="132" hits="1" branch="false" />
            <line number="133" hits="0" branch="false" />
            <line number="137" hits="1" branch="false" />
            <line number="138" hits="1" branch="false" />
            <line number="141" hits="2" branch="false" />
            <line number="142" hits="1" branch="false" />
            <line number="144" hits="1" branch="false" />
          </lines>
        </class>
        <class name="LibraryManagemenTest.PurchaseServicesTest" filename="C:\MyPersonalFiles\GensparkTraining\MiniProject\MiniProjectAppSolution\LibraryManagemenTest\PurchaseServicesTest.cs" line-rate="0.944954128440367" branch-rate="1" complexity="12">
          <methods>
            <method name="&lt;ViewPurchaseDetailsFail" signature="()" line-rate="1" branch-rate="1" complexity="1">
              <lines>
                <line number="239" hits="2" branch="false" />
              </lines>
            </method>
            <method name="&lt;PurchaseBooksForSaleEmptyInputFail" signature="()" line-rate="1" branch-rate="1" complexity="1">
              <lines>
                <line number="54" hits="2" branch="false" />
              </lines>
            </method>
            <method name="&lt;PurchaseBooksForRentEmptyInputFail" signature="()" line-rate="1" branch-rate="1" complexity="1">
              <lines>
                <line number="128" hits="2" branch="false" />
              </lines>
            </method>
            <method name="PurchaseBooksForRentEmptyInputFail" signature="()" line-rate="1" branch-rate="1" complexity="1">
              <lines>
                <line number="114" hits="1" branch="false" />
                <line number="116" hits="1" branch="false" />
                <line number="119" hits="1" branch="false" />
                <line number="122" hits="1" branch="false" />
                <line number="124" hits="1" branch="false" />
                <line number="128" hits="2" branch="false" />
                <line number="129" hits="1" branch="false" />
                <line number="132" hits="1" branch="false" />
              </lines>
            </method>
            <method name="PurchaseBooksForSaleEmptyInputFail" signature="()" line-rate="1" branch-rate="1" complexity="1">
              <lines>
                <line number="40" hits="1" branch="false" />
                <line number="42" hits="1" branch="false" />
                <line number="45" hits="1" branch="false" />
                <line number="48" hits="1" branch="false" />
                <line number="50" hits="1" branch="false" />
                <line number="54" hits="2" branch="false" />
                <line number="55" hits="1" branch="false" />
                <line number="58" hits="1" branch="false" />
              </lines>
            </method>
            <method name="PurchaseNewBooksForRent" signature="()" line-rate="0.923076923076923" branch-rate="1" complexity="1">
              <lines>
                <line number="136" hits="1" branch="false" />
                <line number="138" hits="1" branch="false" />
                <line number="140" hits="1" branch="false" />
                <line number="141" hits="1" branch="false" />
                <line number="143" hits="1" branch="false" />
                <line number="144" hits="1" branch="false" />
                <line number="145" hits="1" branch="false" />
                <line number="147" hits="1" branch="false" />
                <line number="149" hits="1" branch="false" />
                <line number="151" hits="1" branch="false" />
                <line number="153" hits="1" branch="false" />
                <line number="154" hits="1" branch="false" />
                <line number="157" hits="0" branch="false" />
              </lines>
            </method>
            <method name="PurchaseNewBooksForSale" signature="()" line-rate="0.923076923076923" branch-rate="1" complexity="1">
              <lines>
                <line number="62" hits="1" branch="false" />
                <line number="64" hits="1" branch="false" />
                <line number="66" hits="1" branch="false" />
                <line number="67" hits="1" branch="false" />
                <line number="69" hits="1" branch="false" />
                <line number="70" hits="1" branch="false" />
                <line number="71" hits="1" branch="false" />
                <line number="73" hits="1" branch="false" />
                <line number="75" hits="1" branch="false" />
                <line number="77" hits="1" branch="false" />
                <line number="79" hits="1" branch="false" />
                <line number="80" hits="1" branch="false" />
                <line number="83" hits="0" branch="false" />
              </lines>
            </method>
            <method name="PurchasePresentBooksForRent" signature="()" line-rate="0.923076923076923" branch-rate="1" complexity="1">
              <lines>
                <line number="88" hits="1" branch="false" />
                <line number="90" hits="1" branch="false" />
                <line number="92" hits="1" branch="false" />
                <line number="93" hits="1" branch="false" />
                <line number="95" hits="1" branch="false" />
                <line number="96" hits="1" branch="false" />
                <line number="97" hits="1" branch="false" />
                <line number="99" hits="1" branch="false" />
                <line number="101" hits="1" branch="false" />
                <line number="103" hits="1" branch="false" />
                <line number="105" hits="1" branch="false" />
                <line number="106" hits="1" branch="false" />
                <line number="109" hits="0" branch="false" />
              </lines>
            </method>
            <method name="PurchasePresentBooksForSale" signature="()" line-rate="0.923076923076923" branch-rate="1" complexity="1">
              <lines>
                <line number="15" hits="1" branch="false" />
                <line number="17" hits="1" branch="false" />
                <line number="19" hits="1" branch="false" />
                <line number="20" hits="1" branch="false" />
                <line number="22" hits="1" branch="false" />
                <line number="23" hits="1" branch="false" />
                <line number="24" hits="1" branch="false" />
                <line number="26" hits="1" branch="false" />
                <line number="28" hits="1" branch="false" />
                <line number="30" hits="1" branch="false" />
                <line number="32" hits="1" branch="false" />
                <line number="33" hits="1" branch="false" />
                <line number="36" hits="0" branch="false" />
              </lines>
            </method>
            <method name="ViewPurchaseDetails" signature="()" line-rate="0.928571428571429" branch-rate="1" complexity="1">
              <lines>
                <line number="192" hits="1" branch="false" />
                <line number="194" hits="1" branch="false" />
                <line number="196" hits="1" branch="false" />
                <line number="197" hits="1" branch="false" />
                <line number="199" hits="1" branch="false" />
                <line number="200" hits="1" branch="false" />
                <line number="201" hits="1" branch="false" />
                <line number="203" hits="1" branch="false" />
                <line number="205" hits="1" branch="false" />
                <line number="207" hits="1" branch="false" />
                <line number="212" hits="1" branch="false" />
                <line number="214" hits="1" branch="false" />
                <line number="215" hits="1" branch="false" />
                <line number="217" hits="0" branch="false" />
              </lines>
            </method>
            <method name="ViewPurchaseDetailsFail" signature="()" line-rate="1" branch-rate="1" complexity="1">
              <lines>
                <line number="222" hits="1" branch="false" />
                <line number="224" hits="1" branch="false" />
                <line number="226" hits="1" branch="false" />
                <line number="227" hits="1" branch="false" />
                <line number="229" hits="1" branch="false" />
                <line number="230" hits="1" branch="false" />
                <line number="231" hits="1" branch="false" />
                <line number="233" hits="1" branch="false" />
                <line number="235" hits="1" branch="false" />
                <line number="237" hits="1" branch="false" />
                <line number="239" hits="2" branch="false" />
                <line number="240" hits="1" branch="false" />
                <line number="242" hits="1" branch="false" />
              </lines>
            </method>
            <method name="ViewPurchases" signature="()" line-rate="0.928571428571429" branch-rate="1" complexity="1">
              <lines>
                <line number="161" hits="1" branch="false" />
                <line number="163" hits="1" branch="false" />
                <line number="165" hits="1" branch="false" />
                <line number="166" hits="1" branch="false" />
                <line number="168" hits="1" branch="false" />
                <line number="169" hits="1" branch="false" />
                <line number="170" hits="1" branch="false" />
                <line number="172" hits="1" branch="false" />
                <line number="174" hits="1" branch="false" />
                <line number="176" hits="1" branch="false" />
                <line number="181" hits="1" branch="false" />
                <line number="183" hits="1" branch="false" />
                <line number="184" hits="1" branch="false" />
                <line number="186" hits="0" branch="false" />
              </lines>
            </method>
          </methods>
          <lines>
            <line number="15" hits="1" branch="false" />
            <line number="17" hits="1" branch="false" />
            <line number="19" hits="1" branch="false" />
            <line number="20" hits="1" branch="false" />
            <line number="22" hits="1" branch="false" />
            <line number="23" hits="1" branch="false" />
            <line number="24" hits="1" branch="false" />
            <line number="26" hits="1" branch="false" />
            <line number="28" hits="1" branch="false" />
            <line number="30" hits="1" branch="false" />
            <line number="32" hits="1" branch="false" />
            <line number="33" hits="1" branch="false" />
            <line number="36" hits="0" branch="false" />
            <line number="40" hits="1" branch="false" />
            <line number="42" hits="1" branch="false" />
            <line number="45" hits="1" branch="false" />
            <line number="48" hits="1" branch="false" />
            <line number="50" hits="1" branch="false" />
            <line number="54" hits="2" branch="false" />
            <line number="55" hits="1" branch="false" />
            <line number="58" hits="1" branch="false" />
            <line number="62" hits="1" branch="false" />
            <line number="64" hits="1" branch="false" />
            <line number="66" hits="1" branch="false" />
            <line number="67" hits="1" branch="false" />
            <line number="69" hits="1" branch="false" />
            <line number="70" hits="1" branch="false" />
            <line number="71" hits="1" branch="false" />
            <line number="73" hits="1" branch="false" />
            <line number="75" hits="1" branch="false" />
            <line number="77" hits="1" branch="false" />
            <line number="79" hits="1" branch="false" />
            <line number="80" hits="1" branch="false" />
            <line number="83" hits="0" branch="false" />
            <line number="88" hits="1" branch="false" />
            <line number="90" hits="1" branch="false" />
            <line number="92" hits="1" branch="false" />
            <line number="93" hits="1" branch="false" />
            <line number="95" hits="1" branch="false" />
            <line number="96" hits="1" branch="false" />
            <line number="97" hits="1" branch="false" />
            <line number="99" hits="1" branch="false" />
            <line number="101" hits="1" branch="false" />
            <line number="103" hits="1" branch="false" />
            <line number="105" hits="1" branch="false" />
            <line number="106" hits="1" branch="false" />
            <line number="109" hits="0" branch="false" />
            <line number="114" hits="1" branch="false" />
            <line number="116" hits="1" branch="false" />
            <line number="119" hits="1" branch="false" />
            <line number="122" hits="1" branch="false" />
            <line number="124" hits="1" branch="false" />
            <line number="128" hits="2" branch="false" />
            <line number="129" hits="1" branch="false" />
            <line number="132" hits="1" branch="false" />
            <line number="136" hits="1" branch="false" />
            <line number="138" hits="1" branch="false" />
            <line number="140" hits="1" branch="false" />
            <line number="141" hits="1" branch="false" />
            <line number="143" hits="1" branch="false" />
            <line number="144" hits="1" branch="false" />
            <line number="145" hits="1" branch="false" />
            <line number="147" hits="1" branch="false" />
            <line number="149" hits="1" branch="false" />
            <line number="151" hits="1" branch="false" />
            <line number="153" hits="1" branch="false" />
            <line number="154" hits="1" branch="false" />
            <line number="157" hits="0" branch="false" />
            <line number="161" hits="1" branch="false" />
            <line number="163" hits="1" branch="false" />
            <line number="165" hits="1" branch="false" />
            <line number="166" hits="1" branch="false" />
            <line number="168" hits="1" branch="false" />
            <line number="169" hits="1" branch="false" />
            <line number="170" hits="1" branch="false" />
            <line number="172" hits="1" branch="false" />
            <line number="174" hits="1" branch="false" />
            <line number="176" hits="1" branch="false" />
            <line number="181" hits="1" branch="false" />
            <line number="183" hits="1" branch="false" />
            <line number="184" hits="1" branch="false" />
            <line number="186" hits="0" branch="false" />
            <line number="192" hits="1" branch="false" />
            <line number="194" hits="1" branch="false" />
            <line number="196" hits="1" branch="false" />
            <line number="197" hits="1" branch="false" />
            <line number="199" hits="1" branch="false" />
            <line number="200" hits="1" branch="false" />
            <line number="201" hits="1" branch="false" />
            <line number="203" hits="1" branch="false" />
            <line number="205" hits="1" branch="false" />
            <line number="207" hits="1" branch="false" />
            <line number="212" hits="1" branch="false" />
            <line number="214" hits="1" branch="false" />
            <line number="215" hits="1" branch="false" />
            <line number="217" hits="0" branch="false" />
            <line number="222" hits="1" branch="false" />
            <line number="224" hits="1" branch="false" />
            <line number="226" hits="1" branch="false" />
            <line number="227" hits="1" branch="false" />
            <line number="229" hits="1" branch="false" />
            <line number="230" hits="1" branch="false" />
            <line number="231" hits="1" branch="false" />
            <line number="233" hits="1" branch="false" />
            <line number="235" hits="1" branch="false" />
            <line number="237" hits="1" branch="false" />
            <line number="239" hits="2" branch="false" />
            <line number="240" hits="1" branch="false" />
            <line number="242" hits="1" branch="false" />
          </lines>
        </class>
        <class name="LibraryManagemenTest.RentServicesTest" filename="C:\MyPersonalFiles\GensparkTraining\MiniProject\MiniProjectAppSolution\LibraryManagemenTest\RentServicesTest.cs" line-rate="0.956043956043956" branch-rate="1" complexity="16">
          <methods>
            <method name="&lt;RentBooksEmptyInputFail" signature="()" line-rate="1" branch-rate="1" complexity="1">
              <lines>
                <line number="64" hits="2" branch="false" />
              </lines>
            </method>
            <method name="&lt;RentBooksDuplicateBooks" signature="()" line-rate="1" branch-rate="1" complexity="1">
              <lines>
                <line number="80" hits="2" branch="false" />
              </lines>
            </method>
            <method name="&lt;RentBooksInvalidBookIdFail" signature="()" line-rate="1" branch-rate="1" complexity="1">
              <lines>
                <line number="97" hits="2" branch="false" />
              </lines>
            </method>
            <method name="&lt;RentBooksSuperCartNotPremiumUserFail" signature="()" line-rate="1" branch-rate="1" complexity="1">
              <lines>
                <line number="114" hits="2" branch="false" />
              </lines>
            </method>
            <method name="&lt;RentBooksSuperCartItemExceededFail" signature="()" line-rate="1" branch-rate="1" complexity="1">
              <lines>
                <line number="131" hits="2" branch="false" />
              </lines>
            </method>
            <method name="&lt;ReturnRentedBooksMismatchBooks" signature="()" line-rate="1" branch-rate="1" complexity="1">
              <lines>
                <line number="178" hits="2" branch="false" />
              </lines>
            </method>
            <method name="RentBooksDuplicateBooks" signature="()" line-rate="1" branch-rate="1" complexity="1">
              <lines>
                <line number="71" hits="1" branch="false" />
                <line number="73" hits="1" branch="false" />
                <line number="75" hits="1" branch="false" />
                <line number="76" hits="1" branch="false" />
                <line number="77" hits="1" branch="false" />
                <line number="78" hits="1" branch="false" />
                <line number="80" hits="2" branch="false" />
                <line number="81" hits="1" branch="false" />
                <line number="83" hits="1" branch="false" />
              </lines>
            </method>
            <method name="RentBooksEmptyInputFail" signature="()" line-rate="1" branch-rate="1" complexity="1">
              <lines>
                <line number="53" hits="1" branch="false" />
                <line number="55" hits="1" branch="false" />
                <line number="57" hits="1" branch="false" />
                <line number="58" hits="1" branch="false" />
                <line number="59" hits="1" branch="false" />
                <line number="60" hits="1" branch="false" />
                <line number="64" hits="2" branch="false" />
                <line number="65" hits="1" branch="false" />
                <line number="67" hits="1" branch="false" />
              </lines>
            </method>
            <method name="RentBooksInvalidBookIdFail" signature="()" line-rate="1" branch-rate="1" complexity="1">
              <lines>
                <line number="88" hits="1" branch="false" />
                <line number="90" hits="1" branch="false" />
                <line number="92" hits="1" branch="false" />
                <line number="93" hits="1" branch="false" />
                <line number="94" hits="1" branch="false" />
                <line number="95" hits="1" branch="false" />
                <line number="97" hits="2" branch="false" />
                <line number="98" hits="1" branch="false" />
                <line number="100" hits="1" branch="false" />
              </lines>
            </method>
            <method name="RentBooksNormalCart" signature="()" line-rate="0.9" branch-rate="1" complexity="1">
              <lines>
                <line number="16" hits="1" branch="false" />
                <line number="18" hits="1" branch="false" />
                <line number="20" hits="1" branch="false" />
                <line number="21" hits="1" branch="false" />
                <line number="22" hits="1" branch="false" />
                <line number="23" hits="1" branch="false" />
                <line number="25" hits="1" branch="false" />
                <line number="27" hits="1" branch="false" />
                <line number="28" hits="1" branch="false" />
                <line number="30" hits="0" branch="false" />
              </lines>
            </method>
            <method name="RentBooksSuperCart" signature="()" line-rate="0.9" branch-rate="1" complexity="1">
              <lines>
                <line number="34" hits="1" branch="false" />
                <line number="36" hits="1" branch="false" />
                <line number="38" hits="1" branch="false" />
                <line number="39" hits="1" branch="false" />
                <line number="40" hits="1" branch="false" />
                <line number="41" hits="1" branch="false" />
                <line number="43" hits="1" branch="false" />
                <line number="45" hits="1" branch="false" />
                <line number="46" hits="1" branch="false" />
                <line number="48" hits="0" branch="false" />
              </lines>
            </method>
            <method name="RentBooksSuperCartItemExceededFail" signature="()" line-rate="1" branch-rate="1" complexity="1">
              <lines>
                <line number="122" hits="1" branch="false" />
                <line number="124" hits="1" branch="false" />
                <line number="126" hits="1" branch="false" />
                <line number="127" hits="1" branch="false" />
                <line number="128" hits="1" branch="false" />
                <line number="129" hits="1" branch="false" />
                <line number="131" hits="2" branch="false" />
                <line number="132" hits="1" branch="false" />
                <line number="134" hits="1" branch="false" />
              </lines>
            </method>
            <method name="RentBooksSuperCartNotPremiumUserFail" signature="()" line-rate="1" branch-rate="1" complexity="1">
              <lines>
                <line number="104" hits="1" branch="false" />
                <line number="106" hits="1" branch="false" />
                <line number="108" hits="1" branch="false" />
                <line number="109" hits="1" branch="false" />
                <line number="110" hits="1" branch="false" />
                <line number="111" hits="1" branch="false" />
                <line number="114" hits="2" branch="false" />
                <line number="115" hits="1" branch="false" />
                <line number="117" hits="1" branch="false" />
              </lines>
            </method>
            <method name="ReturnRentedBooksMismatchBooks" signature="()" line-rate="1" branch-rate="1" complexity="1">
              <lines>
                <line number="170" hits="1" branch="false" />
                <line number="172" hits="1" branch="false" />
                <line number="173" hits="1" branch="false" />
                <line number="174" hits="1" branch="false" />
                <line number="175" hits="1" branch="false" />
                <line number="178" hits="2" branch="false" />
                <line number="179" hits="1" branch="false" />
                <line number="182" hits="1" branch="false" />
              </lines>
            </method>
            <method name="ReturnRentedBooksNormalCart" signature="()" line-rate="0.888888888888889" branch-rate="1" complexity="1">
              <lines>
                <line number="154" hits="1" branch="false" />
                <line number="156" hits="1" branch="false" />
                <line number="157" hits="1" branch="false" />
                <line number="158" hits="1" branch="false" />
                <line number="159" hits="1" branch="false" />
                <line number="160" hits="1" branch="false" />
                <line number="162" hits="1" branch="false" />
                <line number="163" hits="1" branch="false" />
                <line number="166" hits="0" branch="false" />
              </lines>
            </method>
            <method name="ReturnRentedBooksSuperCart" signature="()" line-rate="0.888888888888889" branch-rate="1" complexity="1">
              <lines>
                <line number="138" hits="1" branch="false" />
                <line number="140" hits="1" branch="false" />
                <line number="141" hits="1" branch="false" />
                <line number="142" hits="1" branch="false" />
                <line number="143" hits="1" branch="false" />
                <line number="144" hits="1" branch="false" />
                <line number="146" hits="1" branch="false" />
                <line number="147" hits="1" branch="false" />
                <line number="150" hits="0" branch="false" />
              </lines>
            </method>
          </methods>
          <lines>
            <line number="16" hits="1" branch="false" />
            <line number="18" hits="1" branch="false" />
            <line number="20" hits="1" branch="false" />
            <line number="21" hits="1" branch="false" />
            <line number="22" hits="1" branch="false" />
            <line number="23" hits="1" branch="false" />
            <line number="25" hits="1" branch="false" />
            <line number="27" hits="1" branch="false" />
            <line number="28" hits="1" branch="false" />
            <line number="30" hits="0" branch="false" />
            <line number="34" hits="1" branch="false" />
            <line number="36" hits="1" branch="false" />
            <line number="38" hits="1" branch="false" />
[...]
            <line number="390" hits="0" branch="false" />
            <line number="391" hits="0" branch="false" />
            <line number="392" hits="0" branch="false" />
            <line number="393" hits="0" branch="false" />
            <line number="394" hits="0" branch="false" />
            <line number="395" hits="0" branch="false" />
            <line number="396" hits="0" branch="false" />
            <line number="399" hits="0" branch="false" />
          </lines>
        </class>
        <class name="MiniProjectApp.Services.SaleServices" filename="C:\MyPersonalFiles\GensparkTraining\MiniProject\MiniProjectAppSolution\MiniProjectApp\Services\SaleServices.cs" line-rate="1" branch-rate="1" complexity="7">
          <methods>
            <method name=".ctor" signature="(...)" line-rate="1" branch-rate="1" complexity="1">
              <lines>
                <line number="16" hits="69" branch="false" />
                <line number="17" hits="69" branch="false" />
                <line number="18" hits="69" branch="false" />
                <line number="19" hits="69" branch="false" />
                <line number="20" hits="69" branch="false" />
                <line number="21" hits="69" branch="false" />
              </lines>
            </method>
            <method name="ViewOrderDetail" signature="()" line-rate="1" branch-rate="1" complexity="1">
              <lines>
                <line number="41" hits="2" branch="false" />
                <line number="43" hits="2" branch="false" />
                <line number="45" hits="1" branch="false" />
                <line number="47" hits="1" branch="false" />
                <line number="49" hits="1" branch="false" />
              </lines>
            </method>
            <method name="ViewOrders" signature="()" line-rate="1" branch-rate="1" complexity="2">
              <lines>
                <line number="25" hits="2" branch="false" />
                <line number="26" hits="2" branch="false" />
                <line number="27" hits="2" branch="false" />
                <line number="29" hits="5" branch="false" />
                <line number="31" hits="2" branch="true" condition-coverage="100% (2/2)" />
                <line number="32" hits="1" branch="false" />
                <line number="33" hits="1" branch="false" />
                <line number="36" hits="1" branch="false" />
                <line number="38" hits="1" branch="false" />
              </lines>
            </method>
            <method name="ViewRentDetail" signature="()" line-rate="1" branch-rate="1" complexity="1">
              <lines>
                <line number="69" hits="1" branch="false" />
                <line number="71" hits="1" branch="false" />
                <line number="73" hits="1" branch="false" />
                <line number="75" hits="1" branch="false" />
                <line number="77" hits="1" branch="false" />
              </lines>
            </method>
            <method name="ViewRents" signature="()" line-rate="1" branch-rate="1" complexity="2">
              <lines>
                <line number="52" hits="2" branch="false" />
                <line number="53" hits="2" branch="false" />
                <line number="54" hits="2" branch="false" />
                <line number="56" hits="10" branch="false" />
                <line number="58" hits="2" branch="true" condition-coverage="100% (2/2)" />
                <line number="59" hits="1" branch="false" />
                <line number="60" hits="1" branch="false" />
                <line number="63" hits="1" branch="false" />
                <line number="65" hits="1" branch="false" />
              </lines>
            </method>
          </methods>
          <lines>
            <line number="16" hits="69" branch="false" />
            <line number="17" hits="69" branch="false" />
            <line number="18" hits="69" branch="false" />
            <line number="19" hits="69" branch="false" />
            <line number="20" hits="69" branch="false" />
            <line number="21" hits="69" branch="false" />
            <line number="25" hits="2" branch="false" />
            <line number="26" hits="2" branch="false" />
            <line number="27" hits="2" branch="false" />
            <line number="29" hits="5" branch="false" />
            <line number="31" hits="2" branch="true" condition-coverage="100% (2/2)" />
            <line number="32" hits="1" branch="false" />
            <line number="33" hits="1" branch="false" />
            <line number="36" hits="1" branch="false" />
            <line number="38" hits="1" branch="false" />
            <line number="41" hits="2" branch="false" />
            <line number="43" hits="2" branch="false" />
            <line number="45" hits="1" branch="false" />
            <line number="47" hits="1" branch="false" />
            <line number="49" hits="1" branch="false" />
            <line number="52" hits="2" branch="false" />
            <line number="53" hits="2" branch="false" />
            <line number="54" hits="2" branch="false" />
            <line number="56" hits="10" branch="false" />
            <line number="58" hits="2" branch="true" condition-coverage="100% (2/2)" />
            <line number="59" hits="1" branch="false" />
            <line number="60" hits="1" branch="false" />
            <line number="63" hits="1" branch="false" />
            <line number="65" hits="1" branch="false" />
            <line number="69" hits="1" branch="false" />
            <line number="71" hits="1" branch="false" />
            <line number="73" hits="1" branch="false" />
            <line number="75" hits="1" branch="false" />
            <line number="77" hits="1" branch="false" />
          </lines>
        </class>
        <class name="MiniProjectApp.Services.UserValidationService" filename="C:\MyPersonalFiles\GensparkTraining\MiniProject\MiniProjectAppSolution\MiniProjectApp\Services\UserValidationService.cs" line-rate="1" branch-rate="0.8125" complexity="12">
          <methods>
            <method name="CalculateFineForOneBook" signature="()" line-rate="1" branch-rate="1" complexity="1">
              <lines>
                <line number="232" hits="30" branch="false" />
                <line number="233" hits="30" branch="false" />
                <line number="234" hits="30" branch="false" />
              </lines>
            </method>
            <method name=".ctor" signature="(...)" line-rate="1" branch-rate="1" complexity="1">
              <lines>
                <line number="20" hits="69" branch="false" />
                <line number="21" hits="69" branch="false" />
                <line number="22" hits="69" branch="false" />
                <line number="23" hits="69" branch="false" />
                <line number="24" hits="69" branch="false" />
                <line number="25" hits="69" branch="false" />
                <line number="26" hits="69" branch="false" />
                <line number="27" hits="69" branch="false" />
                <line number="28" hits="69" branch="false" />
                <line number="29" hits="69" branch="false" />
                <line number="31" hits="69" branch="false" />
              </lines>
            </method>
            <method name="VerifyDue" signature="()" line-rate="1" branch-rate="0.833333333333333" complexity="8">
              <lines>
                <line number="72" hits="11" branch="false" />
                <line number="127" hits="11" branch="false" />
                <line number="129" hits="29" branch="true" condition-coverage="50% (1/2)" />
                <line number="130" hits="13" branch="true" condition-coverage="50% (1/2)" />
                <line number="131" hits="11" branch="false" />
                <line number="132" hits="11" branch="false" />
                <line number="133" hits="51" branch="true" condition-coverage="100% (2/2)" />
                <line number="134" hits="9" branch="false" />
                <line number="135" hits="9" branch="false" />
                <line number="136" hits="9" branch="false" />
                <line number="137" hits="9" branch="false" />
                <line number="139" hits="9" branch="false" />
                <line number="140" hits="9" branch="false" />
                <line number="141" hits="9" branch="false" />
                <line number="143" hits="9" branch="false" />
                <line number="144" hits="9" branch="false" />
                <line number="145" hits="45" branch="true" condition-coverage="100% (2/2)" />
                <line number="146" hits="9" branch="false" />
                <line number="148" hits="9" branch="false" />
                <line number="150" hits="9" branch="false" />
                <line number="152" hits="9" branch="false" />
                <line number="153" hits="9" branch="false" />
                <line number="154" hits="9" branch="false" />
                <line number="155" hits="9" branch="false" />
                <line number="156" hits="9" branch="false" />
                <line number="157" hits="9" branch="false" />
                <line number="158" hits="9" branch="false" />
                <line number="160" hits="9" branch="false" />
                <line number="161" hits="9" branch="false" />
                <line number="162" hits="9" branch="false" />
                <line number="165" hits="9" branch="false" />
                <line number="167" hits="9" branch="false" />
                <line number="168" hits="9" branch="false" />
                <line number="169" hits="9" branch="false" />
                <line number="170" hits="9" branch="false" />
                <line number="173" hits="9" branch="false" />
                <line number="178" hits="35" branch="true" condition-coverage="100% (2/2)" />
                <line number="179" hits="1" branch="false" />
                <line number="180" hits="1" branch="false" />
                <line number="181" hits="1" branch="false" />
                <line number="182" hits="1" branch="false" />
                <line number="184" hits="1" branch="false" />
                <line number="185" hits="1" branch="false" />
                <line number="186" hits="1" branch="false" />
                <line number="188" hits="1" branch="false" />
                <line number="189" hits="1" branch="false" />
                <line number="190" hits="5" branch="true" condition-coverage="100% (2/2)" />
                <line number="191" hits="1" branch="false" />
                <line number="193" hits="1" branch="false" />
                <line number="195" hits="1" branch="false" />
                <line number="197" hits="1" branch="false" />
                <line number="198" hits="1" branch="false" />
                <line number="199" hits="1" branch="false" />
                <line number="200" hits="1" branch="false" />
                <line number="201" hits="1" branch="false" />
                <line number="202" hits="1" branch="false" />
                <line number="203" hits="1" branch="false" />
                <line number="205" hits="1" branch="false" />
                <line number="207" hits="1" branch="false" />
                <line number="208" hits="1" branch="false" />
                <line number="211" hits="1" branch="false" />
                <line number="213" hits="1" branch="false" />
                <line number="214" hits="1" branch="false" />
                <line number="215" hits="1" branch="false" />
                <line number="216" hits="1" branch="false" />
                <line number="219" hits="1" branch="false" />
                <line number="221" hits="11" branch="false" />
                <line number="222" hits="11" branch="false" />
                <line number="223" hits="11" branch="false" />
                <line number="225" hits="11" branch="false" />
                <line number="229" hits="11" branch="false" />
              </lines>
            </method>
            <method name="VerifyUserPaidFine" signature="()" line-rate="1" branch-rate="0.75" complexity="2">
              <lines>
                <line number="37" hits="2" branch="false" />
                <line number="38" hits="2" branch="false" />
                <line number="43" hits="2" branch="false" />
                <line number="44" hits="3" branch="true" condition-coverage="50% (1/2)" />
                <line number="48" hits="2" branch="true" condition-coverage="100% (2/2)" />
                <line number="49" hits="1" branch="false" />
                <line number="50" hits="1" branch="false" />
                <line number="51" hits="1" branch="false" />
                <line number="52" hits="1" branch="false" />
                <line number="53" hits="1" branch="false" />
                <line number="54" hits="1" branch="false" />
                <line number="55" hits="1" branch="false" />
                <line number="59" hits="1" branch="false" />
                <line number="60" hits="1" branch="false" />
                <line number="61" hits="1" branch="false" />
                <line number="62" hits="1" branch="false" />
                <line number="63" hits="1" branch="false" />
                <line number="64" hits="1" branch="false" />
                <line number="65" hits="1" branch="false" />
                <line number="68" hits="2" branch="false" />
              </lines>
            </method>
          </methods>
          <lines>
            <line number="20" hits="69" branch="false" />
            <line number="21" hits="69" branch="false" />
            <line number="22" hits="69" branch="false" />
            <line number="23" hits="69" branch="false" />
            <line number="24" hits="69" branch="false" />
            <line number="25" hits="69" branch="false" />
            <line number="26" hits="69" branch="false" />
            <line number="27" hits="69" branch="false" />
            <line number="28" hits="69" branch="false" />
            <line number="29" hits="69" branch="false" />
            <line number="31" hits="69" branch="false" />
            <line number="37" hits="2" branch="false" />
            <line number="38" hits="2" branch="false" />
            <line number="43" hits="2" branch="false" />
            <line number="44" hits="3" branch="true" condition-coverage="50% (1/2)" />
            <line number="48" hits="2" branch="true" condition-coverage="100% (2/2)" />
            <line number="49" hits="1" branch="false" />
            <line number="50" hits="1" branch="false" />
            <line number="51" hits="1" branch="false" />
            <line number="52" hits="1" branch="false" />
            <line number="53" hits="1" branch="false" />
            <line number="54" hits="1" branch="false" />
            <line number="55" hits="1" branch="false" />
            <line number="59" hits="1" branch="false" />
            <line number="60" hits="1" branch="false" />
            <line number="61" hits="1" branch="false" />
            <line number="62" hits="1" branch="false" />
            <line number="63" hits="1" branch="false" />
            <line number="64" hits="1" branch="false" />
            <line number="65" hits="1" branch="false" />
            <line number="68" hits="2" branch="false" />
            <line number="72" hits="11" branch="false" />
            <line number="127" hits="11" branch="false" />
            <line number="129" hits="29" branch="true" condition-coverage="50% (1/2)" />
            <line number="130" hits="13" branch="true" condition-coverage="50% (1/2)" />
            <line number="131" hits="11" branch="false" />
            <line number="132" hits="11" branch="false" />
            <line number="133" hits="51" branch="true" condition-coverage="100% (2/2)" />
            <line number="134" hits="9" branch="false" />
            <line number="135" hits="9" branch="false" />
            <line number="136" hits="9" branch="false" />
            <line number="137" hits="9" branch="false" />
            <line number="139" hits="9" branch="false" />
            <line number="140" hits="9" branch="false" />
            <line number="141" hits="9" branch="false" />
            <line number="143" hits="9" branch="false" />
            <line number="144" hits="9" branch="false" />
            <line number="145" hits="45" branch="true" condition-coverage="100% (2/2)" />
            <line number="146" hits="9" branch="false" />
            <line number="148" hits="9" branch="false" />
            <line number="150" hits="9" branch="false" />
            <line number="152" hits="9" branch="false" />
            <line number="153" hits="9" branch="false" />
            <line number="154" hits="9" branch="false" />
            <line number="155" hits="9" branch="false" />
            <line number="156" hits="9" branch="false" />
            <line number="157" hits="9" branch="false" />
            <line number="158" hits="9" branch="false" />
            <line number="160" hits="9" branch="false" />
            <line number="161" hits="9" branch="false" />
            <line number="162" hits="9" branch="false" />
            <line number="165" hits="9" branch="false" />
            <line number="167" hits="9" branch="false" />
            <line number="168" hits="9" branch="false" />
            <line number="169" hits="9" branch="false" />
            <line number="170" hits="9" branch="false" />
            <line number="173" hits="9" branch="false" />
            <line number="178" hits="35" branch="true" condition-coverage="100% (2/2)" />
            <line number="179" hits="1" branch="false" />
            <line number="180" hits="1" branch="false" />
            <line number="181" hits="1" branch="false" />
            <line number="182" hits="1" branch="false" />
            <line number="184" hits="1" branch="false" />
            <line number="185" hits="1" branch="false" />
            <line number="186" hits="1" branch="false" />
            <line number="188" hits="1" branch="false" />
            <line number="189" hits="1" branch="false" />
            <line number="190" hits="5" branch="true" condition-coverage="100% (2/2)" />
            <line number="191" hits="1" branch="false" />
            <line number="193" hits="1" branch="false" />
            <line number="195" hits="1" branch="false" />
            <line number="197" hits="1" branch="false" />
            <line number="198" hits="1" branch="false" />
            <line number="199" hits="1" branch="false" />
            <line number="200" hits="1" branch="false" />
            <line number="201" hits="1" branch="false" />
            <line number="202" hits="1" branch="false" />
            <line number="203" hits="1" branch="false" />
            <line number="205" hits="1" branch="false" />
            <line number="207" hits="1" branch="false" />
            <line number="208" hits="1" branch="false" />
            <line number="211" hits="1" branch="false" />
            <line number="213" hits="1" branch="false" />
            <line number="214" hits="1" branch="false" />
            <line number="215" hits="1" branch="false" />
            <line number="216" hits="1" branch="false" />
            <line number="219" hits="1" branch="false" />
            <line number="221" hits="11" branch="false" />
            <line number="222" hits="11" branch="false" />
            <line number="223" hits="11" branch="false" />
            <line number="225" hits="11" branch="false" />
            <line number="229" hits="11" branch="false" />
            <line number="232" hits="30" branch="false" />
            <line number="233" hits="30" branch="false" />
            <line number="234" hits="30" branch="false" />
          </lines>
        </class>
      </classes>
    </package>
  </packages>
</coverage>