TpTrace Verbose: 0 : 13672, 1, 2024/06/04, 01:47:22.864, 10087834905136, vstest.console.dll, Version: 17.9.0-release-24072-02 Current process architecture: X64
TpTrace Verbose: 0 : 13672, 1, 2024/06/04, 01:47:22.868, 10087834942568, vstest.console.dll, Runtime location: C:\Program Files\dotnet\shared\Microsoft.NETCore.App\8.0.3
TpTrace Verbose: 0 : 13672, 1, 2024/06/04, 01:47:22.871, 10087834969716, vstest.console.dll, ArtifactProcessingPostProcessModeProcessorExecutor.Initialize: ArtifactProcessingMode.Collect
TpTrace Verbose: 0 : 13672, 1, 2024/06/04, 01:47:22.871, 10087834971473, vstest.console.dll, TestSessionCorrelationIdProcessorModeProcessorExecutor.Initialize: TestSessionCorrelationId '38564_360570ab-5bbd-4c88-877a-4437bd925bed'
TpTrace Information: 0 : 13672, 1, 2024/06/04, 01:47:22.877, 10087835033931, vstest.console.dll, FilePatternParser: The given file C:\MyPersonalFiles\GensparkTraining\MiniProject\MiniProjectAppSolution\LibraryManagemenTest\bin\Debug\net6.0\fine-code-coverage\build-output\LibraryManagemenTest.dll is a full path.
TpTrace Verbose: 0 : 13672, 1, 2024/06/04, 01:47:22.881, 10087835069246, vstest.console.dll, TestPluginCache.DiscoverTestExtensions: finding test extensions in assemblies ends with: RuntimeProvider.dll TPluginInfo: Microsoft.VisualStudio.TestPlatform.Common.ExtensionFramework.Utilities.TestRuntimePluginInformation TExtension: Microsoft.VisualStudio.TestPlatform.ObjectModel.Host.ITestRuntimeProvider
TpTrace Verbose: 0 : 13672, 1, 2024/06/04, 01:47:22.881, 10087835072505, vstest.console.dll, TestPluginCache.GetExtensionPaths: Filtered extension paths: 
TpTrace Verbose: 0 : 13672, 1, 2024/06/04, 01:47:22.881, 10087835073258, vstest.console.dll, TestPluginCache.GetExtensionPaths: Added default extension paths: C:\Program Files\dotnet\sdk\8.0.202\Extensions\Microsoft.Diagnostics.NETCore.Client.dll
C:\Program Files\dotnet\sdk\8.0.202\Extensions\Microsoft.TestPlatform.Extensions.BlameDataCollector.dll
C:\Program Files\dotnet\sdk\8.0.202\Extensions\Microsoft.TestPlatform.Extensions.EventLogCollector.dll
C:\Program Files\dotnet\sdk\8.0.202\Extensions\Microsoft.TestPlatform.TestHostRuntimeProvider.dll
C:\Program Files\dotnet\sdk\8.0.202\Extensions\Microsoft.VisualStudio.TestPlatform.Extensions.Html.TestLogger.dll
C:\Program Files\dotnet\sdk\8.0.202\Extensions\Microsoft.VisualStudio.TestPlatform.Extensions.Trx.TestLogger.dll
TpTrace Verbose: 0 : 13672, 1, 2024/06/04, 01:47:22.881, 10087835073604, vstest.console.dll, TestPluginCache.GetExtensionPaths: Added unfilterableExtensionPaths: 
TpTrace Information: 0 : 13672, 1, 2024/06/04, 01:47:22.881, 10087835077790, vstest.console.dll, AssemblyResolver.ctor: Creating AssemblyResolver with searchDirectories C:\Program Files\dotnet\sdk\8.0.202\Extensions,C:\Program Files\dotnet\sdk\8.0.202
TpTrace Verbose: 0 : 13672, 1, 2024/06/04, 01:47:22.883, 10087835090243, vstest.console.dll, TestPluginCache.DiscoverTestExtensions: Discovering the extensions using extension path.
TpTrace Verbose: 0 : 13672, 1, 2024/06/04, 01:47:22.883, 10087835091560, vstest.console.dll, TestPluginCache.GetExtensionPaths: Filtered extension paths: 
TpTrace Verbose: 0 : 13672, 1, 2024/06/04, 01:47:22.883, 10087835091940, vstest.console.dll, TestPluginCache.GetExtensionPaths: Added default extension paths: C:\Program Files\dotnet\sdk\8.0.202\Extensions\Microsoft.Diagnostics.NETCore.Client.dll
C:\Program Files\dotnet\sdk\8.0.202\Extensions\Microsoft.TestPlatform.Extensions.BlameDataCollector.dll
C:\Program Files\dotnet\sdk\8.0.202\Extensions\Microsoft.TestPlatform.Extensions.EventLogCollector.dll
C:\Program Files\dotnet\sdk\8.0.202\Extensions\Microsoft.TestPlatform.TestHostRuntimeProvider.dll
C:\Program Files\dotnet\sdk\8.0.202\Extensions\Microsoft.VisualStudio.TestPlatform.Extensions.Html.TestLogger.dll
C:\Program Files\dotnet\sdk\8.0.202\Extensions\Microsoft.VisualStudio.TestPlatform.Extensions.Trx.TestLogger.dll
TpTrace Verbose: 0 : 13672, 1, 2024/06/04, 01:47:22.883, 10087835092245, vstest.console.dll, TestPluginCache.GetExtensionPaths: Added unfilterableExtensionPaths: 
TpTrace Verbose: 0 : 13672, 1, 2024/06/04, 01:47:22.883, 10087835093243, vstest.console.dll, TestPluginCache.DiscoverTestExtensions: Discovering the extensions using allExtensionPaths: C:\Program Files\dotnet\sdk\8.0.202\Extensions\Microsoft.Diagnostics.NETCore.Client.dll
C:\Program Files\dotnet\sdk\8.0.202\Extensions\Microsoft.TestPlatform.Extensions.BlameDataCollector.dll
C:\Program Files\dotnet\sdk\8.0.202\Extensions\Microsoft.TestPlatform.Extensions.EventLogCollector.dll
C:\Program Files\dotnet\sdk\8.0.202\Extensions\Microsoft.TestPlatform.TestHostRuntimeProvider.dll
C:\Program Files\dotnet\sdk\8.0.202\Extensions\Microsoft.VisualStudio.TestPlatform.Extensions.Html.TestLogger.dll
C:\Program Files\dotnet\sdk\8.0.202\Extensions\Microsoft.VisualStudio.TestPlatform.Extensions.Trx.TestLogger.dll
TpTrace Information: 0 : 13672, 1, 2024/06/04, 01:47:22.883, 10087835094179, vstest.console.dll, AssemblyResolver.AddSearchDirectories: Adding more searchDirectories C:\Program Files\dotnet\sdk\8.0.202\Extensions,C:\Program Files\dotnet\sdk\8.0.202
TpTrace Information: 0 : 13672, 1, 2024/06/04, 01:47:22.883, 10087835094597, vstest.console.dll, AssemblyResolver.AddSearchDirectories: Adding more searchDirectories C:\Program Files\dotnet\sdk\8.0.202\Extensions,C:\Program Files\dotnet\sdk\8.0.202
TpTrace Information: 0 : 13672, 1, 2024/06/04, 01:47:22.883, 10087835094851, vstest.console.dll, AssemblyResolver.AddSearchDirectories: Adding more searchDirectories C:\Program Files\dotnet\sdk\8.0.202\Extensions,C:\Program Files\dotnet\sdk\8.0.202
TpTrace Information: 0 : 13672, 1, 2024/06/04, 01:47:22.883, 10087835095090, vstest.console.dll, AssemblyResolver.AddSearchDirectories: Adding more searchDirectories C:\Program Files\dotnet\sdk\8.0.202\Extensions,C:\Program Files\dotnet\sdk\8.0.202
TpTrace Information: 0 : 13672, 1, 2024/06/04, 01:47:22.883, 10087835095422, vstest.console.dll, AssemblyResolver.AddSearchDirectories: Adding more searchDirectories C:\Program Files\dotnet\sdk\8.0.202\Extensions,C:\Program Files\dotnet\sdk\8.0.202
TpTrace Information: 0 : 13672, 1, 2024/06/04, 01:47:22.883, 10087835095752, vstest.console.dll, AssemblyResolver.AddSearchDirectories: Adding more searchDirectories C:\Program Files\dotnet\sdk\8.0.202\Extensions,C:\Program Files\dotnet\sdk\8.0.202
TpTrace Information: 0 : 13672, 1, 2024/06/04, 01:47:22.884, 10087835100689, vstest.console.dll, AssemblyResolver.OnResolve: Microsoft.Diagnostics.NETCore.Client: Resolving assembly.
TpTrace Information: 0 : 13672, 1, 2024/06/04, 01:47:22.884, 10087835101706, vstest.console.dll, AssemblyResolver.OnResolve: Microsoft.Diagnostics.NETCore.Client: Searching in: 'C:\Program Files\dotnet\sdk\8.0.202\Extensions'.
TpTrace Information: 0 : 13672, 1, 2024/06/04, 01:47:22.890, 10087835166524, vstest.console.dll, AssemblyResolver.OnResolve: Microsoft.Diagnostics.NETCore.Client: Loading assembly 'C:\Program Files\dotnet\sdk\8.0.202\Extensions\Microsoft.Diagnostics.NETCore.Client.dll'.
TpTrace Information: 0 : 13672, 1, 2024/06/04, 01:47:22.891, 10087835173563, vstest.console.dll, AssemblyResolver.OnResolve: Resolved assembly: Microsoft.Diagnostics.NETCore.Client, from path: C:\Program Files\dotnet\sdk\8.0.202\Extensions\Microsoft.Diagnostics.NETCore.Client.dll
TpTrace Verbose: 0 : 13672, 1, 2024/06/04, 01:47:22.895, 10087835214510, vstest.console.dll, MetadataReaderExtensionsHelper: Discovering extensions inside assembly 'Microsoft.Diagnostics.NETCore.Client, Version=0.2.9.2401, Culture=neutral, PublicKeyToken=31bf3856ad364e35' file path 'C:\Program Files\dotnet\sdk\8.0.202\Extensions\Microsoft.Diagnostics.NETCore.Client.dll'
TpTrace Information: 0 : 13672, 1, 2024/06/04, 01:47:22.899, 10087835248871, vstest.console.dll, AssemblyResolver.OnResolve: Microsoft.Bcl.AsyncInterfaces: Resolving assembly.
TpTrace Information: 0 : 13672, 1, 2024/06/04, 01:47:22.899, 10087835249881, vstest.console.dll, AssemblyResolver.OnResolve: Microsoft.Bcl.AsyncInterfaces: Searching in: 'C:\Program Files\dotnet\sdk\8.0.202\Extensions'.
TpTrace Information: 0 : 13672, 1, 2024/06/04, 01:47:22.899, 10087835250679, vstest.console.dll, AssemblyResolver.OnResolve: Microsoft.Bcl.AsyncInterfaces: Assembly path does not exist: 'C:\Program Files\dotnet\sdk\8.0.202\Extensions\Microsoft.Bcl.AsyncInterfaces.dll', returning.
TpTrace Information: 0 : 13672, 1, 2024/06/04, 01:47:22.899, 10087835251546, vstest.console.dll, AssemblyResolver.OnResolve: Microsoft.Bcl.AsyncInterfaces: Assembly path does not exist: 'C:\Program Files\dotnet\sdk\8.0.202\Extensions\Microsoft.Bcl.AsyncInterfaces.exe', returning.
TpTrace Information: 0 : 13672, 1, 2024/06/04, 01:47:22.899, 10087835251931, vstest.console.dll, AssemblyResolver.OnResolve: Microsoft.Bcl.AsyncInterfaces: Searching in: 'C:\Program Files\dotnet\sdk\8.0.202'.
TpTrace Information: 0 : 13672, 1, 2024/06/04, 01:47:22.899, 10087835252423, vstest.console.dll, AssemblyResolver.OnResolve: Microsoft.Bcl.AsyncInterfaces: Assembly path does not exist: 'C:\Program Files\dotnet\sdk\8.0.202\Microsoft.Bcl.AsyncInterfaces.dll', returning.
TpTrace Information: 0 : 13672, 1, 2024/06/04, 01:47:22.899, 10087835252972, vstest.console.dll, AssemblyResolver.OnResolve: Microsoft.Bcl.AsyncInterfaces: Assembly path does not exist: 'C:\Program Files\dotnet\sdk\8.0.202\Microsoft.Bcl.AsyncInterfaces.exe', returning.
TpTrace Information: 0 : 13672, 1, 2024/06/04, 01:47:22.899, 10087835253220, vstest.console.dll, AssemblyResolver.OnResolve: Microsoft.Bcl.AsyncInterfaces: Failed to load assembly.
TpTrace Verbose: 0 : 13672, 1, 2024/06/04, 01:47:22.899, 10087835253545, vstest.console.dll, CurrentDomainAssemblyResolve: Resolving assembly 'Microsoft.Bcl.AsyncInterfaces'.
TpTrace Information: 0 : 13672, 1, 2024/06/04, 01:47:22.899, 10087835254025, vstest.console.dll, AssemblyResolver.OnResolve: Microsoft.Bcl.AsyncInterfaces: Resolving assembly.
TpTrace Information: 0 : 13672, 1, 2024/06/04, 01:47:22.899, 10087835254441, vstest.console.dll, AssemblyResolver.OnResolve: Microsoft.Bcl.AsyncInterfaces: Resolved from cache.
TpTrace Verbose: 0 : 13672, 1, 2024/06/04, 01:47:22.899, 10087835254679, vstest.console.dll, CurrentDomainAssemblyResolve: Resolving assembly 'Microsoft.Bcl.AsyncInterfaces'.
TpTrace Verbose: 0 : 13672, 1, 2024/06/04, 01:47:22.899, 10087835255184, vstest.console.dll, CurrentDomainAssemblyResolve: Failed to resolve assembly 'Microsoft.Bcl.AsyncInterfaces'.
TpTrace Verbose: 0 : 13672, 1, 2024/06/04, 01:47:22.900, 10087835263958, vstest.console.dll, CurrentDomainAssemblyResolve: Failed to resolve assembly 'Microsoft.Bcl.AsyncInterfaces'.
TpTrace Warning: 0 : 13672, 1, 2024/06/04, 01:47:22.909, 10087835355636, vstest.console.dll, TestPluginDiscoverer: Failed to get types from assembly 'Microsoft.Diagnostics.NETCore.Client, Version=0.2.9.2401, Culture=neutral, PublicKeyToken=31bf3856ad364e35'. Error: System.Reflection.ReflectionTypeLoadException: Unable to load one or more of the requested types.
Could not load file or assembly 'Microsoft.Bcl.AsyncInterfaces, Version=6.0.0.0, Culture=neutral, PublicKeyToken=cc7b13ffcd2ddd51'. The system cannot find the file specified.
   at System.Reflection.RuntimeModule.GetTypes(RuntimeModule module)
   at System.Reflection.RuntimeModule.GetTypes()
   at Microsoft.VisualStudio.TestPlatform.Common.ExtensionFramework.TestPluginDiscoverer.GetTestExtensionsFromAssembly[TPluginInfo,TExtension](Assembly assembly, Dictionary`2 pluginInfos, String filePath) in /_/src/Microsoft.TestPlatform.Common/ExtensionFramework/TestPluginDiscoverer.cs:line 158
System.IO.FileNotFoundException: Could not load file or assembly 'Microsoft.Bcl.AsyncInterfaces, Version=6.0.0.0, Culture=neutral, PublicKeyToken=cc7b13ffcd2ddd51'. The system cannot find the file specified.
File name: 'Microsoft.Bcl.AsyncInterfaces, Version=6.0.0.0, Culture=neutral, PublicKeyToken=cc7b13ffcd2ddd51'
 ---> System.IO.FileNotFoundException: Could not load file or assembly 'Microsoft.Bcl.AsyncInterfaces, Culture=neutral, PublicKeyToken=null'. The system cannot find the file specified.
File name: 'Microsoft.Bcl.AsyncInterfaces, Culture=neutral, PublicKeyToken=null'
   at System.Reflection.RuntimeAssembly.InternalLoad(AssemblyName assemblyName, StackCrawlMark& stackMark, AssemblyLoadContext assemblyLoadContext, RuntimeAssembly requestingAssembly, Boolean throwOnFileNotFound)
   at System.Reflection.Assembly.Load(AssemblyName assemblyRef)
   at Microsoft.VisualStudio.TestPlatform.Common.ExtensionFramework.TestPluginCache.CurrentDomainAssemblyResolve(Object sender, AssemblyResolveEventArgs args) in /_/src/Microsoft.TestPlatform.Common/ExtensionFramework/TestPluginCache.cs:line 513
   at System.Runtime.Loader.AssemblyLoadContext.GetFirstResolvedAssemblyFromResolvingEvent(AssemblyName assemblyName)
   at System.Runtime.Loader.AssemblyLoadContext.ResolveUsingEvent(AssemblyName assemblyName)
   at System.Runtime.Loader.AssemblyLoadContext.ResolveUsingResolvingEvent(IntPtr gchManagedAssemblyLoadContext, AssemblyName assemblyName)
TpTrace Warning: 0 : 13672, 1, 2024/06/04, 01:47:22.910, 10087835359350, vstest.console.dll, LoaderExceptions: System.IO.FileNotFoundException: Could not load file or assembly 'Microsoft.Bcl.AsyncInterfaces, Version=6.0.0.0, Culture=neutral, PublicKeyToken=cc7b13ffcd2ddd51'. The system cannot find the file specified.
File name: 'Microsoft.Bcl.AsyncInterfaces, Version=6.0.0.0, Culture=neutral, PublicKeyToken=cc7b13ffcd2ddd51'
 ---> System.IO.FileNotFoundException: Could not load file or assembly 'Microsoft.Bcl.AsyncInterfaces, Culture=neutral, PublicKeyToken=null'. The system cannot find the file specified.
File name: 'Microsoft.Bcl.AsyncInterfaces, Culture=neutral, PublicKeyToken=null'
   at System.Reflection.RuntimeAssembly.InternalLoad(AssemblyName assemblyName, StackCrawlMark& stackMark, AssemblyLoadContext assemblyLoadContext, RuntimeAssembly requestingAssembly, Boolean throwOnFileNotFound)
   at System.Reflection.Assembly.Load(AssemblyName assemblyRef)
   at Microsoft.VisualStudio.TestPlatform.Common.ExtensionFramework.TestPluginCache.CurrentDomainAssemblyResolve(Object sender, AssemblyResolveEventArgs args) in /_/src/Microsoft.TestPlatform.Common/ExtensionFramework/TestPluginCache.cs:line 513
   at System.Runtime.Loader.AssemblyLoadContext.GetFirstResolvedAssemblyFromResolvingEvent(AssemblyName assemblyName)
   at System.Runtime.Loader.AssemblyLoadContext.ResolveUsingEvent(AssemblyName assemblyName)
   at System.Runtime.Loader.AssemblyLoadContext.ResolveUsingResolvingEvent(IntPtr gchManagedAssemblyLoadContext, AssemblyName assemblyName)
TpTrace Information: 0 : 13672, 1, 2024/06/04, 01:47:22.910, 10087835360753, vstest.console.dll, AssemblyResolver.OnResolve: Microsoft.TestPlatform.Extensions.BlameDataCollector: Resolving assembly.
TpTrace Information: 0 : 13672, 1, 2024/06/04, 01:47:22.910, 10087835361179, vstest.console.dll, AssemblyResolver.OnResolve: Microsoft.TestPlatform.Extensions.BlameDataCollector: Searching in: 'C:\Program Files\dotnet\sdk\8.0.202\Extensions'.
TpTrace Information: 0 : 13672, 1, 2024/06/04, 01:47:22.910, 10087835364313, vstest.console.dll, AssemblyResolver.OnResolve: Microsoft.TestPlatform.Extensions.BlameDataCollector: Loading assembly 'C:\Program Files\dotnet\sdk\8.0.202\Extensions\Microsoft.TestPlatform.Extensions.BlameDataCollector.dll'.
TpTrace Information: 0 : 13672, 1, 2024/06/04, 01:47:22.911, 10087835370628, vstest.console.dll, AssemblyResolver.OnResolve: Resolved assembly: Microsoft.TestPlatform.Extensions.BlameDataCollector, from path: C:\Program Files\dotnet\sdk\8.0.202\Extensions\Microsoft.TestPlatform.Extensions.BlameDataCollector.dll
TpTrace Verbose: 0 : 13672, 1, 2024/06/04, 01:47:22.911, 10087835371375, vstest.console.dll, MetadataReaderExtensionsHelper: Discovering extensions inside assembly 'Microsoft.TestPlatform.Extensions.BlameDataCollector, Version=15.0.0.0, Culture=neutral, PublicKeyToken=b03f5f7f11d50a3a' file path 'C:\Program Files\dotnet\sdk\8.0.202\Extensions\Microsoft.TestPlatform.Extensions.BlameDataCollector.dll'
TpTrace Information: 0 : 13672, 1, 2024/06/04, 01:47:22.912, 10087835383443, vstest.console.dll, AssemblyResolver.OnResolve: Microsoft.TestPlatform.Extensions.EventLogCollector: Resolving assembly.
TpTrace Information: 0 : 13672, 1, 2024/06/04, 01:47:22.912, 10087835384354, vstest.console.dll, AssemblyResolver.OnResolve: Microsoft.TestPlatform.Extensions.EventLogCollector: Searching in: 'C:\Program Files\dotnet\sdk\8.0.202\Extensions'.
TpTrace Information: 0 : 13672, 1, 2024/06/04, 01:47:22.912, 10087835386538, vstest.console.dll, AssemblyResolver.OnResolve: Microsoft.TestPlatform.Extensions.EventLogCollector: Loading assembly 'C:\Program Files\dotnet\sdk\8.0.202\Extensions\Microsoft.TestPlatform.Extensions.EventLogCollector.dll'.
TpTrace Information: 0 : 13672, 1, 2024/06/04, 01:47:22.913, 10087835392806, vstest.console.dll, AssemblyResolver.OnResolve: Resolved assembly: Microsoft.TestPlatform.Extensions.EventLogCollector, from path: C:\Program Files\dotnet\sdk\8.0.202\Extensions\Microsoft.TestPlatform.Extensions.EventLogCollector.dll
TpTrace Verbose: 0 : 13672, 1, 2024/06/04, 01:47:22.913, 10087835393407, vstest.console.dll, MetadataReaderExtensionsHelper: Discovering extensions inside assembly 'Microsoft.TestPlatform.Extensions.EventLogCollector, Version=15.0.0.0, Culture=neutral, PublicKeyToken=b03f5f7f11d50a3a' file path 'C:\Program Files\dotnet\sdk\8.0.202\Extensions\Microsoft.TestPlatform.Extensions.EventLogCollector.dll'
TpTrace Information: 0 : 13672, 1, 2024/06/04, 01:47:22.915, 10087835413548, vstest.console.dll, AssemblyResolver.OnResolve: Microsoft.TestPlatform.TestHostRuntimeProvider: Resolving assembly.
TpTrace Information: 0 : 13672, 1, 2024/06/04, 01:47:22.915, 10087835414580, vstest.console.dll, AssemblyResolver.OnResolve: Microsoft.TestPlatform.TestHostRuntimeProvider: Searching in: 'C:\Program Files\dotnet\sdk\8.0.202\Extensions'.
TpTrace Information: 0 : 13672, 1, 2024/06/04, 01:47:22.915, 10087835418186, vstest.console.dll, AssemblyResolver.OnResolve: Microsoft.TestPlatform.TestHostRuntimeProvider: Loading assembly 'C:\Program Files\dotnet\sdk\8.0.202\Extensions\Microsoft.TestPlatform.TestHostRuntimeProvider.dll'.
TpTrace Information: 0 : 13672, 1, 2024/06/04, 01:47:22.916, 10087835423275, vstest.console.dll, AssemblyResolver.OnResolve: Resolved assembly: Microsoft.TestPlatform.TestHostRuntimeProvider, from path: C:\Program Files\dotnet\sdk\8.0.202\Extensions\Microsoft.TestPlatform.TestHostRuntimeProvider.dll
TpTrace Verbose: 0 : 13672, 1, 2024/06/04, 01:47:22.916, 10087835423986, vstest.console.dll, MetadataReaderExtensionsHelper: Discovering extensions inside assembly 'Microsoft.TestPlatform.TestHostRuntimeProvider, Version=15.0.0.0, Culture=neutral, PublicKeyToken=b03f5f7f11d50a3a' file path 'C:\Program Files\dotnet\sdk\8.0.202\Extensions\Microsoft.TestPlatform.TestHostRuntimeProvider.dll'
TpTrace Information: 0 : 13672, 1, 2024/06/04, 01:47:22.917, 10087835436919, vstest.console.dll, GetTestExtensionFromType: Register extension with identifier data 'HostProvider://DefaultTestHost' and type 'Microsoft.VisualStudio.TestPlatform.CrossPlatEngine.Hosting.DefaultTestHostManager, Microsoft.TestPlatform.TestHostRuntimeProvider, Version=15.0.0.0, Culture=neutral, PublicKeyToken=b03f5f7f11d50a3a' inside file 'C:\Program Files\dotnet\sdk\8.0.202\Extensions\Microsoft.TestPlatform.TestHostRuntimeProvider.dll'
TpTrace Information: 0 : 13672, 1, 2024/06/04, 01:47:22.918, 10087835439764, vstest.console.dll, GetTestExtensionFromType: Register extension with identifier data 'HostProvider://DotnetTestHost' and type 'Microsoft.VisualStudio.TestPlatform.CrossPlatEngine.Hosting.DotnetTestHostManager, Microsoft.TestPlatform.TestHostRuntimeProvider, Version=15.0.0.0, Culture=neutral, PublicKeyToken=b03f5f7f11d50a3a' inside file 'C:\Program Files\dotnet\sdk\8.0.202\Extensions\Microsoft.TestPlatform.TestHostRuntimeProvider.dll'
TpTrace Information: 0 : 13672, 1, 2024/06/04, 01:47:22.918, 10087835440450, vstest.console.dll, AssemblyResolver.OnResolve: Microsoft.VisualStudio.TestPlatform.Extensions.Html.TestLogger: Resolving assembly.
TpTrace Information: 0 : 13672, 1, 2024/06/04, 01:47:22.918, 10087835440841, vstest.console.dll, AssemblyResolver.OnResolve: Microsoft.VisualStudio.TestPlatform.Extensions.Html.TestLogger: Searching in: 'C:\Program Files\dotnet\sdk\8.0.202\Extensions'.
TpTrace Information: 0 : 13672, 1, 2024/06/04, 01:47:22.918, 10087835443268, vstest.console.dll, AssemblyResolver.OnResolve: Microsoft.VisualStudio.TestPlatform.Extensions.Html.TestLogger: Loading assembly 'C:\Program Files\dotnet\sdk\8.0.202\Extensions\Microsoft.VisualStudio.TestPlatform.Extensions.Html.TestLogger.dll'.
TpTrace Information: 0 : 13672, 1, 2024/06/04, 01:47:22.918, 10087835448552, vstest.console.dll, AssemblyResolver.OnResolve: Resolved assembly: Microsoft.VisualStudio.TestPlatform.Extensions.Html.TestLogger, from path: C:\Program Files\dotnet\sdk\8.0.202\Extensions\Microsoft.VisualStudio.TestPlatform.Extensions.Html.TestLogger.dll
TpTrace Verbose: 0 : 13672, 1, 2024/06/04, 01:47:22.919, 10087835449368, vstest.console.dll, MetadataReaderExtensionsHelper: Discovering extensions inside assembly 'Microsoft.VisualStudio.TestPlatform.Extensions.Html.TestLogger, Version=15.0.0.0, Culture=neutral, PublicKeyToken=b03f5f7f11d50a3a' file path 'C:\Program Files\dotnet\sdk\8.0.202\Extensions\Microsoft.VisualStudio.TestPlatform.Extensions.Html.TestLogger.dll'
TpTrace Information: 0 : 13672, 1, 2024/06/04, 01:47:22.919, 10087835456472, vstest.console.dll, AssemblyResolver.OnResolve: Microsoft.VisualStudio.TestPlatform.Extensions.Trx.TestLogger: Resolving assembly.
TpTrace Information: 0 : 13672, 1, 2024/06/04, 01:47:22.919, 10087835457008, vstest.console.dll, AssemblyResolver.OnResolve: Microsoft.VisualStudio.TestPlatform.Extensions.Trx.TestLogger: Searching in: 'C:\Program Files\dotnet\sdk\8.0.202\Extensions'.
TpTrace Information: 0 : 13672, 1, 2024/06/04, 01:47:22.920, 10087835459705, vstest.console.dll, AssemblyResolver.OnResolve: Microsoft.VisualStudio.TestPlatform.Extensions.Trx.TestLogger: Loading assembly 'C:\Program Files\dotnet\sdk\8.0.202\Extensions\Microsoft.VisualStudio.TestPlatform.Extensions.Trx.TestLogger.dll'.
TpTrace Information: 0 : 13672, 1, 2024/06/04, 01:47:22.920, 10087835464853, vstest.console.dll, AssemblyResolver.OnResolve: Resolved assembly: Microsoft.VisualStudio.TestPlatform.Extensions.Trx.TestLogger, from path: C:\Program Files\dotnet\sdk\8.0.202\Extensions\Microsoft.VisualStudio.TestPlatform.Extensions.Trx.TestLogger.dll
TpTrace Verbose: 0 : 13672, 1, 2024/06/04, 01:47:22.920, 10087835465397, vstest.console.dll, MetadataReaderExtensionsHelper: Discovering extensions inside assembly 'Microsoft.VisualStudio.TestPlatform.Extensions.Trx.TestLogger, Version=15.0.0.0, Culture=neutral, PublicKeyToken=b03f5f7f11d50a3a' file path 'C:\Program Files\dotnet\sdk\8.0.202\Extensions\Microsoft.VisualStudio.TestPlatform.Extensions.Trx.TestLogger.dll'
TpTrace Verbose: 0 : 13672, 1, 2024/06/04, 01:47:22.921, 10087835473622, vstest.console.dll, TestPluginCache: Discovered the extensions using extension path ''.
TpTrace Verbose: 0 : 13672, 1, 2024/06/04, 01:47:22.921, 10087835474302, vstest.console.dll, TestPluginCache: Discoverers are ''.
TpTrace Verbose: 0 : 13672, 1, 2024/06/04, 01:47:22.921, 10087835474539, vstest.console.dll, TestPluginCache: Executors are ''.
TpTrace Verbose: 0 : 13672, 1, 2024/06/04, 01:47:22.921, 10087835474788, vstest.console.dll, TestPluginCache: Executors2 are ''.
TpTrace Verbose: 0 : 13672, 1, 2024/06/04, 01:47:22.921, 10087835475000, vstest.console.dll, TestPluginCache: Setting providers are ''.
TpTrace Verbose: 0 : 13672, 1, 2024/06/04, 01:47:22.921, 10087835475298, vstest.console.dll, TestPluginCache: Loggers are ''.
TpTrace Verbose: 0 : 13672, 1, 2024/06/04, 01:47:22.921, 10087835476713, vstest.console.dll, TestPluginCache: TestHosts are 'HostProvider://DefaultTestHost,HostProvider://DotnetTestHost'.
TpTrace Verbose: 0 : 13672, 1, 2024/06/04, 01:47:22.921, 10087835477018, vstest.console.dll, TestPluginCache: DataCollectors are ''.
TpTrace Information: 0 : 13672, 1, 2024/06/04, 01:47:22.934, 10087835606504, vstest.console.dll, RunTestsArgumentProcessor:Execute: Test run is starting.
TpTrace Verbose: 0 : 13672, 1, 2024/06/04, 01:47:22.934, 10087835608021, vstest.console.dll, RunTestsArgumentProcessor:Execute: Queuing Test run.
TpTrace Information: 0 : 13672, 1, 2024/06/04, 01:47:22.935, 10087835613847, vstest.console.dll, TestRequestManager.RunTests: run tests started.
TpTrace Information: 0 : 13672, 1, 2024/06/04, 01:47:22.937, 10087835629404, vstest.console.dll, AssemblyMetadataProvider.GetFrameworkName: Determined framework:'.NETCoreApp,Version=v6.0' for source: 'C:\MyPersonalFiles\GensparkTraining\MiniProject\MiniProjectAppSolution\LibraryManagemenTest\bin\Debug\net6.0\fine-code-coverage\build-output\LibraryManagemenTest.dll'
TpTrace Information: 0 : 13672, 1, 2024/06/04, 01:47:22.937, 10087835631208, vstest.console.dll, Determined framework for all sources: .NETCoreApp,Version=v6.0
TpTrace Verbose: 0 : 13672, 1, 2024/06/04, 01:47:22.937, 10087835636030, vstest.console.dll, TestRequestManager.UpdateRunSettingsIfRequired: Default architecture: X64 IsDefaultTargetArchitecture: True, Current process architecture: X64 OperatingSystem: Windows.
TpTrace Information: 0 : 13672, 1, 2024/06/04, 01:47:22.940, 10087835662637, vstest.console.dll, AssemblyMetadataProvider.GetArchitecture: Determined architecture:AnyCPU info for assembly: C:\MyPersonalFiles\GensparkTraining\MiniProject\MiniProjectAppSolution\LibraryManagemenTest\bin\Debug\net6.0\fine-code-coverage\build-output\LibraryManagemenTest.dll
TpTrace Information: 0 : 13672, 1, 2024/06/04, 01:47:22.940, 10087835663896, vstest.console.dll, Determined platform for source 'C:\MyPersonalFiles\GensparkTraining\MiniProject\MiniProjectAppSolution\LibraryManagemenTest\bin\Debug\net6.0\fine-code-coverage\build-output\LibraryManagemenTest.dll' was AnyCPU and it will use the default plaform X64.
TpTrace Information: 0 : 13672, 1, 2024/06/04, 01:47:22.940, 10087835664220, vstest.console.dll, None of the sources provided any runnable platform, using the default platform: X64
TpTrace Information: 0 : 13672, 1, 2024/06/04, 01:47:22.940, 10087835665268, vstest.console.dll, Platform was updated to 'X64'.
TpTrace Information: 0 : 13672, 1, 2024/06/04, 01:47:22.944, 10087835707816, vstest.console.dll, InferRunSettingsHelper.IsTestSettingsEnabled: Unable to navigate to RunSettings/MSTest. Current node: RunSettings
TpTrace Information: 0 : 13672, 1, 2024/06/04, 01:47:22.945, 10087835715707, vstest.console.dll, AssemblyResolver.OnResolve: Microsoft.VisualStudio.TestPlatform.Fakes: Resolving assembly.
TpTrace Information: 0 : 13672, 1, 2024/06/04, 01:47:22.945, 10087835716729, vstest.console.dll, AssemblyResolver.OnResolve: Microsoft.VisualStudio.TestPlatform.Fakes: Searching in: 'C:\Program Files\dotnet\sdk\8.0.202\Extensions'.
TpTrace Information: 0 : 13672, 1, 2024/06/04, 01:47:22.945, 10087835718135, vstest.console.dll, AssemblyResolver.OnResolve: Microsoft.VisualStudio.TestPlatform.Fakes: Assembly path does not exist: 'C:\Program Files\dotnet\sdk\8.0.202\Extensions\Microsoft.VisualStudio.TestPlatform.Fakes.dll', returning.
TpTrace Information: 0 : 13672, 1, 2024/06/04, 01:47:22.946, 10087835719135, vstest.console.dll, AssemblyResolver.OnResolve: Microsoft.VisualStudio.TestPlatform.Fakes: Assembly path does not exist: 'C:\Program Files\dotnet\sdk\8.0.202\Extensions\Microsoft.VisualStudio.TestPlatform.Fakes.exe', returning.
TpTrace Information: 0 : 13672, 1, 2024/06/04, 01:47:22.946, 10087835719528, vstest.console.dll, AssemblyResolver.OnResolve: Microsoft.VisualStudio.TestPlatform.Fakes: Searching in: 'C:\Program Files\dotnet\sdk\8.0.202'.
TpTrace Information: 0 : 13672, 1, 2024/06/04, 01:47:22.946, 10087835720282, vstest.console.dll, AssemblyResolver.OnResolve: Microsoft.VisualStudio.TestPlatform.Fakes: Assembly path does not exist: 'C:\Program Files\dotnet\sdk\8.0.202\Microsoft.VisualStudio.TestPlatform.Fakes.dll', returning.
TpTrace Information: 0 : 13672, 1, 2024/06/04, 01:47:22.946, 10087835721062, vstest.console.dll, AssemblyResolver.OnResolve: Microsoft.VisualStudio.TestPlatform.Fakes: Assembly path does not exist: 'C:\Program Files\dotnet\sdk\8.0.202\Microsoft.VisualStudio.TestPlatform.Fakes.exe', returning.
TpTrace Information: 0 : 13672, 1, 2024/06/04, 01:47:22.946, 10087835721450, vstest.console.dll, AssemblyResolver.OnResolve: Microsoft.VisualStudio.TestPlatform.Fakes: Failed to load assembly.
TpTrace Information: 0 : 13672, 1, 2024/06/04, 01:47:22.946, 10087835727176, vstest.console.dll, Failed to load assembly Microsoft.VisualStudio.TestPlatform.Fakes, Version=17.0.0.0, Culture=neutral. Reason:System.IO.FileNotFoundException: Could not load file or assembly 'Microsoft.VisualStudio.TestPlatform.Fakes, Version=17.0.0.0, Culture=neutral, PublicKeyToken=null'. The system cannot find the file specified.
File name: 'Microsoft.VisualStudio.TestPlatform.Fakes, Version=17.0.0.0, Culture=neutral, PublicKeyToken=null'
   at System.Reflection.RuntimeAssembly.InternalLoad(AssemblyName assemblyName, StackCrawlMark& stackMark, AssemblyLoadContext assemblyLoadContext, RuntimeAssembly requestingAssembly, Boolean throwOnFileNotFound)
   at System.Reflection.Assembly.Load(AssemblyName assemblyRef)
   at Microsoft.VisualStudio.TestPlatform.Common.Utilities.FakesUtilities.LoadTestPlatformAssembly() in /_/src/Microsoft.TestPlatform.Common/Utilities/FakesUtilities.cs:line 272
TpTrace Verbose: 0 : 13672, 1, 2024/06/04, 01:47:22.951, 10087835778195, vstest.console.dll, TestPluginCache.DiscoverTestExtensions: finding test extensions in assemblies ends with: TestLogger.dll TPluginInfo: Microsoft.VisualStudio.TestPlatform.Common.ExtensionFramework.Utilities.TestLoggerPluginInformation TExtension: Microsoft.VisualStudio.TestPlatform.ObjectModel.Client.ITestLogger
TpTrace Verbose: 0 : 13672, 1, 2024/06/04, 01:47:22.952, 10087835779925, vstest.console.dll, TestPluginCache.GetExtensionPaths: Filtered extension paths: 
TpTrace Verbose: 0 : 13672, 1, 2024/06/04, 01:47:22.952, 10087835780209, vstest.console.dll, TestPluginCache.GetExtensionPaths: Added default extension paths: C:\Program Files\dotnet\sdk\8.0.202\Extensions\Microsoft.Diagnostics.NETCore.Client.dll
C:\Program Files\dotnet\sdk\8.0.202\Extensions\Microsoft.TestPlatform.Extensions.BlameDataCollector.dll
C:\Program Files\dotnet\sdk\8.0.202\Extensions\Microsoft.TestPlatform.Extensions.EventLogCollector.dll
C:\Program Files\dotnet\sdk\8.0.202\Extensions\Microsoft.TestPlatform.TestHostRuntimeProvider.dll
C:\Program Files\dotnet\sdk\8.0.202\Extensions\Microsoft.VisualStudio.TestPlatform.Extensions.Html.TestLogger.dll
C:\Program Files\dotnet\sdk\8.0.202\Extensions\Microsoft.VisualStudio.TestPlatform.Extensions.Trx.TestLogger.dll
TpTrace Verbose: 0 : 13672, 1, 2024/06/04, 01:47:22.952, 10087835780537, vstest.console.dll, TestPluginCache.GetExtensionPaths: Added unfilterableExtensionPaths: 
TpTrace Information: 0 : 13672, 1, 2024/06/04, 01:47:22.952, 10087835782016, vstest.console.dll, AssemblyResolver.AddSearchDirectories: Adding more searchDirectories C:\Program Files\dotnet\sdk\8.0.202\Extensions,C:\Program Files\dotnet\sdk\8.0.202
TpTrace Verbose: 0 : 13672, 1, 2024/06/04, 01:47:22.952, 10087835782402, vstest.console.dll, TestPluginCache.DiscoverTestExtensions: Discovering the extensions using extension path.
TpTrace Verbose: 0 : 13672, 1, 2024/06/04, 01:47:22.952, 10087835782708, vstest.console.dll, TestPluginCache.GetExtensionPaths: Filtered extension paths: 
TpTrace Verbose: 0 : 13672, 1, 2024/06/04, 01:47:22.952, 10087835782999, vstest.console.dll, TestPluginCache.GetExtensionPaths: Added default extension paths: C:\Program Files\dotnet\sdk\8.0.202\Extensions\Microsoft.Diagnostics.NETCore.Client.dll
C:\Program Files\dotnet\sdk\8.0.202\Extensions\Microsoft.TestPlatform.Extensions.BlameDataCollector.dll
C:\Program Files\dotnet\sdk\8.0.202\Extensions\Microsoft.TestPlatform.Extensions.EventLogCollector.dll
C:\Program Files\dotnet\sdk\8.0.202\Extensions\Microsoft.TestPlatform.TestHostRuntimeProvider.dll
C:\Program Files\dotnet\sdk\8.0.202\Extensions\Microsoft.VisualStudio.TestPlatform.Extensions.Html.TestLogger.dll
C:\Program Files\dotnet\sdk\8.0.202\Extensions\Microsoft.VisualStudio.TestPlatform.Extensions.Trx.TestLogger.dll
TpTrace Verbose: 0 : 13672, 1, 2024/06/04, 01:47:22.952, 10087835783244, vstest.console.dll, TestPluginCache.GetExtensionPaths: Added unfilterableExtensionPaths: 
TpTrace Verbose: 0 : 13672, 1, 2024/06/04, 01:47:22.952, 10087835783939, vstest.console.dll, TestPluginCache.DiscoverTestExtensions: Discovering the extensions using allExtensionPaths: C:\Program Files\dotnet\sdk\8.0.202\Extensions\Microsoft.Diagnostics.NETCore.Client.dll
C:\Program Files\dotnet\sdk\8.0.202\Extensions\Microsoft.TestPlatform.Extensions.BlameDataCollector.dll
C:\Program Files\dotnet\sdk\8.0.202\Extensions\Microsoft.TestPlatform.Extensions.EventLogCollector.dll
C:\Program Files\dotnet\sdk\8.0.202\Extensions\Microsoft.TestPlatform.TestHostRuntimeProvider.dll
C:\Program Files\dotnet\sdk\8.0.202\Extensions\Microsoft.VisualStudio.TestPlatform.Extensions.Html.TestLogger.dll
C:\Program Files\dotnet\sdk\8.0.202\Extensions\Microsoft.VisualStudio.TestPlatform.Extensions.Trx.TestLogger.dll
TpTrace Information: 0 : 13672, 1, 2024/06/04, 01:47:22.952, 10087835784457, vstest.console.dll, AssemblyResolver.AddSearchDirectories: Adding more searchDirectories C:\Program Files\dotnet\sdk\8.0.202\Extensions,C:\Program Files\dotnet\sdk\8.0.202
TpTrace Information: 0 : 13672, 1, 2024/06/04, 01:47:22.952, 10087835784726, vstest.console.dll, AssemblyResolver.AddSearchDirectories: Adding more searchDirectories C:\Program Files\dotnet\sdk\8.0.202\Extensions,C:\Program Files\dotnet\sdk\8.0.202
TpTrace Information: 0 : 13672, 1, 2024/06/04, 01:47:22.952, 10087835784965, vstest.console.dll, AssemblyResolver.AddSearchDirectories: Adding more searchDirectories C:\Program Files\dotnet\sdk\8.0.202\Extensions,C:\Program Files\dotnet\sdk\8.0.202
TpTrace Information: 0 : 13672, 1, 2024/06/04, 01:47:22.952, 10087835785202, vstest.console.dll, AssemblyResolver.AddSearchDirectories: Adding more searchDirectories C:\Program Files\dotnet\sdk\8.0.202\Extensions,C:\Program Files\dotnet\sdk\8.0.202
TpTrace Information: 0 : 13672, 1, 2024/06/04, 01:47:22.952, 10087835785502, vstest.console.dll, AssemblyResolver.AddSearchDirectories: Adding more searchDirectories C:\Program Files\dotnet\sdk\8.0.202\Extensions,C:\Program Files\dotnet\sdk\8.0.202
TpTrace Information: 0 : 13672, 1, 2024/06/04, 01:47:22.952, 10087835785738, vstest.console.dll, AssemblyResolver.AddSearchDirectories: Adding more searchDirectories C:\Program Files\dotnet\sdk\8.0.202\Extensions,C:\Program Files\dotnet\sdk\8.0.202
TpTrace Verbose: 0 : 13672, 1, 2024/06/04, 01:47:22.952, 10087835786659, vstest.console.dll, MetadataReaderExtensionsHelper: Discovering extensions inside assembly 'Microsoft.Diagnostics.NETCore.Client, Version=0.2.9.2401, Culture=neutral, PublicKeyToken=31bf3856ad364e35' file path 'C:\Program Files\dotnet\sdk\8.0.202\Extensions\Microsoft.Diagnostics.NETCore.Client.dll'
TpTrace Information: 0 : 13672, 1, 2024/06/04, 01:47:22.953, 10087835794414, vstest.console.dll, AssemblyResolver.OnResolve: Microsoft.Bcl.AsyncInterfaces: Resolving assembly.
TpTrace Information: 0 : 13672, 1, 2024/06/04, 01:47:22.953, 10087835795105, vstest.console.dll, AssemblyResolver.OnResolve: Microsoft.Bcl.AsyncInterfaces: Resolved from cache.
TpTrace Verbose: 0 : 13672, 1, 2024/06/04, 01:47:22.953, 10087835795351, vstest.console.dll, CurrentDomainAssemblyResolve: Resolving assembly 'Microsoft.Bcl.AsyncInterfaces'.
TpTrace Information: 0 : 13672, 1, 2024/06/04, 01:47:22.953, 10087835795718, vstest.console.dll, AssemblyResolver.OnResolve: Microsoft.Bcl.AsyncInterfaces: Resolving assembly.
TpTrace Information: 0 : 13672, 1, 2024/06/04, 01:47:22.953, 10087835795963, vstest.console.dll, AssemblyResolver.OnResolve: Microsoft.Bcl.AsyncInterfaces: Resolved from cache.
TpTrace Verbose: 0 : 13672, 1, 2024/06/04, 01:47:22.953, 10087835796189, vstest.console.dll, CurrentDomainAssemblyResolve: Resolving assembly 'Microsoft.Bcl.AsyncInterfaces'.
TpTrace Verbose: 0 : 13672, 1, 2024/06/04, 01:47:22.953, 10087835796438, vstest.console.dll, CurrentDomainAssemblyResolve: Failed to resolve assembly 'Microsoft.Bcl.AsyncInterfaces'.
TpTrace Verbose: 0 : 13672, 1, 2024/06/04, 01:47:22.953, 10087835797595, vstest.console.dll, CurrentDomainAssemblyResolve: Failed to resolve assembly 'Microsoft.Bcl.AsyncInterfaces'.
TpTrace Warning: 0 : 13672, 1, 2024/06/04, 01:47:22.954, 10087835801512, vstest.console.dll, TestPluginDiscoverer: Failed to get types from assembly 'Microsoft.Diagnostics.NETCore.Client, Version=0.2.9.2401, Culture=neutral, PublicKeyToken=31bf3856ad364e35'. Error: System.Reflection.ReflectionTypeLoadException: Unable to load one or more of the requested types.
Could not load file or assembly 'Microsoft.Bcl.AsyncInterfaces, Version=6.0.0.0, Culture=neutral, PublicKeyToken=cc7b13ffcd2ddd51'. The system cannot find the file specified.
   at System.Reflection.RuntimeModule.GetTypes(RuntimeModule module)
   at System.Reflection.RuntimeModule.GetTypes()
   at Microsoft.VisualStudio.TestPlatform.Common.ExtensionFramework.TestPluginDiscoverer.GetTestExtensionsFromAssembly[TPluginInfo,TExtension](Assembly assembly, Dictionary`2 pluginInfos, String filePath) in /_/src/Microsoft.TestPlatform.Common/ExtensionFramework/TestPluginDiscoverer.cs:line 158
System.IO.FileNotFoundException: Could not load file or assembly 'Microsoft.Bcl.AsyncInterfaces, Version=6.0.0.0, Culture=neutral, PublicKeyToken=cc7b13ffcd2ddd51'. The system cannot find the file specified.
File name: 'Microsoft.Bcl.AsyncInterfaces, Version=6.0.0.0, Culture=neutral, PublicKeyToken=cc7b13ffcd2ddd51'
 ---> System.IO.FileNotFoundException: Could not load file or assembly 'Microsoft.Bcl.AsyncInterfaces, Culture=neutral, PublicKeyToken=null'. The system cannot find the file specified.
File name: 'Microsoft.Bcl.AsyncInterfaces, Culture=neutral, PublicKeyToken=null'
   at System.Reflection.RuntimeAssembly.InternalLoad(AssemblyName assemblyName, StackCrawlMark& stackMark, AssemblyLoadContext assemblyLoadContext, RuntimeAssembly requestingAssembly, Boolean throwOnFileNotFound)
   at System.Reflection.Assembly.Load(AssemblyName assemblyRef)
   at Microsoft.VisualStudio.TestPlatform.Common.ExtensionFramework.TestPluginCache.CurrentDomainAssemblyResolve(Object sender, AssemblyResolveEventArgs args) in /_/src/Microsoft.TestPlatform.Common/ExtensionFramework/TestPluginCache.cs:line 513
   at System.Runtime.Loader.AssemblyLoadContext.GetFirstResolvedAssemblyFromResolvingEvent(AssemblyName assemblyName)
   at System.Runtime.Loader.AssemblyLoadContext.ResolveUsingEvent(AssemblyName assemblyName)
   at System.Runtime.Loader.AssemblyLoadContext.ResolveUsingResolvingEvent(IntPtr gchManagedAssemblyLoadContext, AssemblyName assemblyName)
TpTrace Warning: 0 : 13672, 1, 2024/06/04, 01:47:22.954, 10087835802925, vstest.console.dll, LoaderExceptions: System.IO.FileNotFoundException: Could not load file or assembly 'Microsoft.Bcl.AsyncInterfaces, Version=6.0.0.0, Culture=neutral, PublicKeyToken=cc7b13ffcd2ddd51'. The system cannot find the file specified.
File name: 'Microsoft.Bcl.AsyncInterfaces, Version=6.0.0.0, Culture=neutral, PublicKeyToken=cc7b13ffcd2ddd51'
 ---> System.IO.FileNotFoundException: Could not load file or assembly 'Microsoft.Bcl.AsyncInterfaces, Culture=neutral, PublicKeyToken=null'. The system cannot find the file specified.
File name: 'Microsoft.Bcl.AsyncInterfaces, Culture=neutral, PublicKeyToken=null'
   at System.Reflection.RuntimeAssembly.InternalLoad(AssemblyName assemblyName, StackCrawlMark& stackMark, AssemblyLoadContext assemblyLoadContext, RuntimeAssembly requestingAssembly, Boolean throwOnFileNotFound)
   at System.Reflection.Assembly.Load(AssemblyName assemblyRef)
   at Microsoft.VisualStudio.TestPlatform.Common.ExtensionFramework.TestPluginCache.CurrentDomainAssemblyResolve(Object sender, AssemblyResolveEventArgs args) in /_/src/Microsoft.TestPlatform.Common/ExtensionFramework/TestPluginCache.cs:line 513
   at System.Runtime.Loader.AssemblyLoadContext.GetFirstResolvedAssemblyFromResolvingEvent(AssemblyName assemblyName)
   at System.Runtime.Loader.AssemblyLoadContext.ResolveUsingEvent(AssemblyName assemblyName)
   at System.Runtime.Loader.AssemblyLoadContext.ResolveUsingResolvingEvent(IntPtr gchManagedAssemblyLoadContext, AssemblyName assemblyName)
TpTrace Verbose: 0 : 13672, 1, 2024/06/04, 01:47:22.954, 10087835803929, vstest.console.dll, MetadataReaderExtensionsHelper: Discovering extensions inside assembly 'Microsoft.TestPlatform.Extensions.BlameDataCollector, Version=15.0.0.0, Culture=neutral, PublicKeyToken=b03f5f7f11d50a3a' file path 'C:\Program Files\dotnet\sdk\8.0.202\Extensions\Microsoft.TestPlatform.Extensions.BlameDataCollector.dll'
TpTrace Information: 0 : 13672, 1, 2024/06/04, 01:47:22.954, 10087835807714, vstest.console.dll, GetTestExtensionFromType: Register extension with identifier data 'logger://Microsoft/TestPlatform/Extensions/Blame/v1' and type 'Microsoft.TestPlatform.Extensions.BlameDataCollector.BlameLogger, Microsoft.TestPlatform.Extensions.BlameDataCollector, Version=15.0.0.0, Culture=neutral, PublicKeyToken=b03f5f7f11d50a3a' inside file 'C:\Program Files\dotnet\sdk\8.0.202\Extensions\Microsoft.TestPlatform.Extensions.BlameDataCollector.dll'
TpTrace Verbose: 0 : 13672, 1, 2024/06/04, 01:47:22.954, 10087835808401, vstest.console.dll, MetadataReaderExtensionsHelper: Discovering extensions inside assembly 'Microsoft.TestPlatform.Extensions.EventLogCollector, Version=15.0.0.0, Culture=neutral, PublicKeyToken=b03f5f7f11d50a3a' file path 'C:\Program Files\dotnet\sdk\8.0.202\Extensions\Microsoft.TestPlatform.Extensions.EventLogCollector.dll'
TpTrace Verbose: 0 : 13672, 1, 2024/06/04, 01:47:22.955, 10087835811068, vstest.console.dll, MetadataReaderExtensionsHelper: Discovering extensions inside assembly 'Microsoft.TestPlatform.TestHostRuntimeProvider, Version=15.0.0.0, Culture=neutral, PublicKeyToken=b03f5f7f11d50a3a' file path 'C:\Program Files\dotnet\sdk\8.0.202\Extensions\Microsoft.TestPlatform.TestHostRuntimeProvider.dll'
TpTrace Verbose: 0 : 13672, 1, 2024/06/04, 01:47:22.955, 10087835813459, vstest.console.dll, MetadataReaderExtensionsHelper: Discovering extensions inside assembly 'Microsoft.VisualStudio.TestPlatform.Extensions.Html.TestLogger, Version=15.0.0.0, Culture=neutral, PublicKeyToken=b03f5f7f11d50a3a' file path 'C:\Program Files\dotnet\sdk\8.0.202\Extensions\Microsoft.VisualStudio.TestPlatform.Extensions.Html.TestLogger.dll'
TpTrace Information: 0 : 13672, 1, 2024/06/04, 01:47:22.955, 10087835818156, vstest.console.dll, GetTestExtensionFromType: Register extension with identifier data 'logger://Microsoft/TestPlatform/HtmlLogger/v1' and type 'Microsoft.VisualStudio.TestPlatform.Extensions.HtmlLogger.HtmlLogger, Microsoft.VisualStudio.TestPlatform.Extensions.Html.TestLogger, Version=15.0.0.0, Culture=neutral, PublicKeyToken=b03f5f7f11d50a3a' inside file 'C:\Program Files\dotnet\sdk\8.0.202\Extensions\Microsoft.VisualStudio.TestPlatform.Extensions.Html.TestLogger.dll'
TpTrace Verbose: 0 : 13672, 1, 2024/06/04, 01:47:22.956, 10087835818775, vstest.console.dll, MetadataReaderExtensionsHelper: Discovering extensions inside assembly 'Microsoft.VisualStudio.TestPlatform.Extensions.Trx.TestLogger, Version=15.0.0.0, Culture=neutral, PublicKeyToken=b03f5f7f11d50a3a' file path 'C:\Program Files\dotnet\sdk\8.0.202\Extensions\Microsoft.VisualStudio.TestPlatform.Extensions.Trx.TestLogger.dll'
TpTrace Information: 0 : 13672, 1, 2024/06/04, 01:47:22.956, 10087835821660, vstest.console.dll, GetTestExtensionFromType: Register extension with identifier data 'logger://Microsoft/TestPlatform/TrxLogger/v1' and type 'Microsoft.VisualStudio.TestPlatform.Extensions.TrxLogger.TrxLogger, Microsoft.VisualStudio.TestPlatform.Extensions.Trx.TestLogger, Version=15.0.0.0, Culture=neutral, PublicKeyToken=b03f5f7f11d50a3a' inside file 'C:\Program Files\dotnet\sdk\8.0.202\Extensions\Microsoft.VisualStudio.TestPlatform.Extensions.Trx.TestLogger.dll'
TpTrace Verbose: 0 : 13672, 1, 2024/06/04, 01:47:22.956, 10087835822444, vstest.console.dll, TestPluginCache: Discovered the extensions using extension path ''.
TpTrace Verbose: 0 : 13672, 1, 2024/06/04, 01:47:22.956, 10087835822748, vstest.console.dll, TestPluginCache: Discoverers are ''.
TpTrace Verbose: 0 : 13672, 1, 2024/06/04, 01:47:22.956, 10087835822966, vstest.console.dll, TestPluginCache: Executors are ''.
TpTrace Verbose: 0 : 13672, 1, 2024/06/04, 01:47:22.956, 10087835823581, vstest.console.dll, TestPluginCache: Executors2 are ''.
TpTrace Verbose: 0 : 13672, 1, 2024/06/04, 01:47:22.956, 10087835823928, vstest.console.dll, TestPluginCache: Setting providers are ''.
TpTrace Verbose: 0 : 13672, 1, 2024/06/04, 01:47:22.956, 10087835824652, vstest.console.dll, TestPluginCache: Loggers are 'logger://Microsoft/TestPlatform/Extensions/Blame/v1,logger://Microsoft/TestPlatform/HtmlLogger/v1,logger://Microsoft/TestPlatform/TrxLogger/v1'.
TpTrace Verbose: 0 : 13672, 1, 2024/06/04, 01:47:22.956, 10087835825031, vstest.console.dll, TestPluginCache: TestHosts are 'HostProvider://DefaultTestHost,HostProvider://DotnetTestHost'.
TpTrace Verbose: 0 : 13672, 1, 2024/06/04, 01:47:22.956, 10087835825258, vstest.console.dll, TestPluginCache: DataCollectors are ''.
TpTrace Information: 0 : 13672, 1, 2024/06/04, 01:47:22.957, 10087835832840, vstest.console.dll, TestPluginManager.CreateTestExtension: Attempting to load test extension: Microsoft.TestPlatform.Extensions.BlameDataCollector.BlameLogger
TpTrace Verbose: 0 : 13672, 1, 2024/06/04, 01:47:22.963, 10087835897098, vstest.console.dll, TestEngine: Initializing Parallel Execution as MaxCpuCount is set to: 1
TpTrace Information: 0 : 13672, 1, 2024/06/04, 01:47:22.965, 10087835913171, vstest.console.dll, TestPluginManager.CreateTestExtension: Attempting to load test extension: Microsoft.VisualStudio.TestPlatform.CrossPlatEngine.Hosting.DefaultTestHostManager
TpTrace Information: 0 : 13672, 1, 2024/06/04, 01:47:22.966, 10087835925905, vstest.console.dll, TestPluginManager.CreateTestExtension: Attempting to load test extension: Microsoft.VisualStudio.TestPlatform.CrossPlatEngine.Hosting.DotnetTestHostManager
TpTrace Information: 0 : 13672, 1, 2024/06/04, 01:47:22.967, 10087835932704, vstest.console.dll, InferRunSettingsHelper.IsTestSettingsEnabled: Unable to navigate to RunSettings/MSTest. Current node: RunSettings
TpTrace Verbose: 0 : 13672, 1, 2024/06/04, 01:47:22.968, 10087835943773, vstest.console.dll, ParallelOperationManager.ClearSlots: Clearing all slots. Slots should accept more work: True
TpTrace Verbose: 0 : 13672, 1, 2024/06/04, 01:47:22.969, 10087835949584, vstest.console.dll, ParallelOperationManager.SetOccupiedSlotCount: Setting slot counts AvailableSlotCount = 1, OccupiedSlotCount = 0.
TpTrace Verbose: 0 : 13672, 1, 2024/06/04, 01:47:22.969, 10087835951893, vstest.console.dll, Occupied slots:

TpTrace Verbose: 0 : 13672, 1, 2024/06/04, 01:47:22.971, 10087835977228, vstest.console.dll, TestEngine.GetExecutionManager: Chosen execution manager 'Microsoft.VisualStudio.TestPlatform.CrossPlatEngine.Client.Parallel.ParallelProxyExecutionManager, Microsoft.TestPlatform.CrossPlatEngine, Version=15.0.0.0, Culture=neutral, PublicKeyToken=b03f5f7f11d50a3a' ParallelLevel '1'.
TpTrace Verbose: 0 : 13672, 1, 2024/06/04, 01:47:22.971, 10087835978289, vstest.console.dll, TestRunRequest.ExecuteAsync: Creating test run request.
TpTrace Verbose: 0 : 13672, 1, 2024/06/04, 01:47:22.972, 10087835980420, vstest.console.dll, TestRunRequest.ExecuteAsync: Starting.
TpTrace Information: 0 : 13672, 1, 2024/06/04, 01:47:22.973, 10087835989891, vstest.console.dll, TestRunRequest.ExecuteAsync: Starting run with settings:TestRunCriteria:
   KeepAlive=False,FrequencyOfRunStatsChangeEvent=10,RunStatsChangeEventTimeout=00:00:01.5000000,TestCaseFilter=,TestExecutorLauncher=
   Settingsxml=<RunSettings>
  <RunConfiguration>
    <ResultsDirectory>C:\MyPersonalFiles\GensparkTraining\MiniProject\MiniProjectAppSolution\LibraryManagemenTest\bin\Debug\net6.0\fine-code-coverage\coverage-tool-output</ResultsDirectory>
    <TargetPlatform>X64</TargetPlatform>
    <TargetFrameworkVersion>.NETCoreApp,Version=v6.0</TargetFrameworkVersion>
    <DesignMode>False</DesignMode>
    <CollectSourceInformation>False</CollectSourceInformation>
  </RunConfiguration>
  <LoggerRunSettings>
    <Loggers>
      <Logger friendlyName="blame" enabled="True" />
      <Logger friendlyName="Console" uri="logger://microsoft/TestPlatform/ConsoleLogger/v1" assemblyQualifiedName="Microsoft.VisualStudio.TestPlatform.CommandLine.Internal.ConsoleLogger, vstest.console, Version=15.0.0.0, Culture=neutral, PublicKeyToken=b03f5f7f11d50a3a" codeBase="C:\Program Files\dotnet\sdk\8.0.202\vstest.console.dll" enabled="True" />
    </Loggers>
  </LoggerRunSettings>
  <DataCollectionRunSettings>
    <DataCollectors>
      <DataCollector friendlyName="blame" enabled="True">
        <Configuration>
          <ResultsDirectory>C:\MyPersonalFiles\GensparkTraining\MiniProject\MiniProjectAppSolution\LibraryManagemenTest\bin\Debug\net6.0\fine-code-coverage\coverage-tool-output</ResultsDirectory>
        </Configuration>
      </DataCollector>
    </DataCollectors>
  </DataCollectionRunSettings>
</RunSettings>

TpTrace Verbose: 0 : 13672, 1, 2024/06/04, 01:47:22.973, 10087835990989, vstest.console.dll, TestRunRequest.ExecuteAsync: Wait for the first run request is over.
TpTrace Verbose: 0 : 13672, 1, 2024/06/04, 01:47:22.973, 10087835993364, vstest.console.dll, MulticastDelegateUtilities.SafeInvoke: TestRun.TestRunStart: Invoking callbacks was skipped because there are no subscribers.
TpTrace Verbose: 0 : 13672, 4, 2024/06/04, 01:47:22.973, 10087835995410, vstest.console.dll, MulticastDelegateUtilities.SafeInvoke: InternalTestLoggerEvents.SendTestRunStart: Invoking callback 1/1 for Microsoft.VisualStudio.TestPlatform.CommandLine.Internal.ConsoleLogger., took 0 ms.
TpTrace Verbose: 0 : 13672, 1, 2024/06/04, 01:47:22.974, 10087836001287, vstest.console.dll, ParallelProxyExecutionManager: Start execution. Total sources: 1
TpTrace Verbose: 0 : 13672, 1, 2024/06/04, 01:47:22.974, 10087836003863, vstest.console.dll, ParallelOperationManager.StartWork: Starting adding 1 workloads.
TpTrace Verbose: 0 : 13672, 1, 2024/06/04, 01:47:22.974, 10087836004375, vstest.console.dll, ParallelOperationManager.ClearSlots: Clearing all slots. Slots should accept more work: True
TpTrace Verbose: 0 : 13672, 1, 2024/06/04, 01:47:22.974, 10087836004886, vstest.console.dll, ParallelOperationManager.SetOccupiedSlotCount: Setting slot counts AvailableSlotCount = 1, OccupiedSlotCount = 0.
TpTrace Verbose: 0 : 13672, 1, 2024/06/04, 01:47:22.974, 10087836005181, vstest.console.dll, Occupied slots:

TpTrace Verbose: 0 : 13672, 1, 2024/06/04, 01:47:22.975, 10087836016441, vstest.console.dll, TestRequestSender is acting as server.
TpTrace Verbose: 0 : 13672, 1, 2024/06/04, 01:47:22.977, 10087836029675, vstest.console.dll, ParallelOperationManager.RunWorkInParallel: Adding 1 workload to slot, remaining workloads 0.
TpTrace Verbose: 0 : 13672, 1, 2024/06/04, 01:47:22.977, 10087836030907, vstest.console.dll, ParallelOperationManager.SetOccupiedSlotCount: Setting slot counts AvailableSlotCount = 0, OccupiedSlotCount = 1.
TpTrace Verbose: 0 : 13672, 1, 2024/06/04, 01:47:22.977, 10087836032881, vstest.console.dll, Occupied slots:
0: C:\MyPersonalFiles\GensparkTraining\MiniProject\MiniProjectAppSolution\LibraryManagemenTest\bin\Debug\net6.0\fine-code-coverage\build-output\LibraryManagemenTest.dll
TpTrace Verbose: 0 : 13672, 1, 2024/06/04, 01:47:22.978, 10087836044202, vstest.console.dll, ParallelOperationManager.RunWorkInParallel: Started host in slot number 0 for work (source): C:\MyPersonalFiles\GensparkTraining\MiniProject\MiniProjectAppSolution\LibraryManagemenTest\bin\Debug\net6.0\fine-code-coverage\build-output\LibraryManagemenTest.dll.
TpTrace Verbose: 0 : 13672, 1, 2024/06/04, 01:47:22.979, 10087836053323, vstest.console.dll, ParallelOperationManager.RunWorkInParallel: We started 1 work items, which is the max parallel level. Won't start more work.
TpTrace Verbose: 0 : 13672, 1, 2024/06/04, 01:47:22.979, 10087836054060, vstest.console.dll, ParallelOperationManager.RunWorkInParallel: We started 1 work items in here, returning True.
TpTrace Information: 0 : 13672, 1, 2024/06/04, 01:47:22.979, 10087836054804, vstest.console.dll, TestRunRequest.ExecuteAsync: Started.
TpTrace Verbose: 0 : 13672, 5, 2024/06/04, 01:47:22.979, 10087836055692, vstest.console.dll, ParallelProxyExecutionManager.StartTestRunOnConcurrentManager: Initializing uninitialized client. Started clients: 0
TpTrace Verbose: 0 : 13672, 5, 2024/06/04, 01:47:22.979, 10087836057787, vstest.console.dll, DataCollectionRequestSender.InitializeCommunication : Initialize communication. 
TpTrace Verbose: 0 : 13672, 1, 2024/06/04, 01:47:22.980, 10087836061554, vstest.console.dll, TestRunRequest.WaitForCompletion: Waiting with timeout -1.
TpTrace Information: 0 : 13672, 5, 2024/06/04, 01:47:22.988, 10087836145145, vstest.console.dll, Listening on Endpoint : 127.0.0.1:55716
TpTrace Verbose: 0 : 13672, 5, 2024/06/04, 01:47:22.995, 10087836211587, vstest.console.dll, DotnetDataCollectionLauncher: Adding  --runtimeconfig "C:\Program Files\dotnet\sdk\8.0.202\datacollector.runtimeconfig.json" in args
TpTrace Verbose: 0 : 13672, 5, 2024/06/04, 01:47:22.995, 10087836213564, vstest.console.dll, DotnetDataCollectionLauncher: Adding  --depsfile "C:\Program Files\dotnet\sdk\8.0.202\datacollector.deps.json" in args
TpTrace Verbose: 0 : 13672, 5, 2024/06/04, 01:47:22.996, 10087836220152, vstest.console.dll, DotnetDataCollectionLauncher: Full path of dotnet.exe is C:\Program Files\dotnet\dotnet.exe
TpTrace Information: 0 : 13672, 5, 2024/06/04, 01:47:23.002, 10087836283216, vstest.console.dll, ProxyDataCollectionManager.Initialize: Launched datacollector processId: 42888 port: 55716
TpTrace Information: 0 : 13672, 5, 2024/06/04, 01:47:23.002, 10087836284810, vstest.console.dll, ProxyDataCollectionManager.Initialize: waiting for connection with timeout: 90 seconds
TpTrace Verbose: 0 : 13672, 5, 2024/06/04, 01:47:23.002, 10087836285345, vstest.console.dll, DataCollectionRequestSender.WaitForRequestHandlerConnection : Waiting for connection with timeout: 90000
TpTrace Information: 0 : 13672, 7, 2024/06/04, 01:47:23.202, 10087838284863, vstest.console.dll, Using the buffer size of 16384 bytes
TpTrace Verbose: 0 : 13672, 5, 2024/06/04, 01:47:23.202, 10087838285000, vstest.console.dll, SocketCommunicationManager.WaitForClientConnection took: 199 ms, with 90000 ms timeout, and finished with True.
TpTrace Information: 0 : 13672, 7, 2024/06/04, 01:47:23.202, 10087838286222, vstest.console.dll, Accepted Client request and set the flag
TpTrace Verbose: 0 : 13672, 5, 2024/06/04, 01:47:23.202, 10087838287508, vstest.console.dll, ProxyDataCollectionManager.InvokeDataCollectionServiceAction: Starting.
TpTrace Information: 0 : 13672, 5, 2024/06/04, 01:47:23.202, 10087838288525, vstest.console.dll, ProxyDataCollectionManager.BeforeTestRunStart: Get environment variable and port for datacollector processId: 42888 port: 55716
TpTrace Verbose: 0 : 13672, 5, 2024/06/04, 01:47:23.203, 10087838290274, vstest.console.dll, DataCollectionRequestSender.SendBeforeTestRunStartAndGetResult: Send BeforeTestRunStart message with settingsXml <RunSettings><RunConfiguration><ResultsDirectory>C:\MyPersonalFiles\GensparkTraining\MiniProject\MiniProjectAppSolution\LibraryManagemenTest\bin\Debug\net6.0\fine-code-coverage\coverage-tool-output</ResultsDirectory><TargetPlatform>X64</TargetPlatform><TargetFrameworkVersion>.NETCoreApp,Version=v6.0</TargetFrameworkVersion><DesignMode>False</DesignMode><CollectSourceInformation>False</CollectSourceInformation><TestAdaptersPaths>C:\Program Files\dotnet\sdk\8.0.202\Extensions</TestAdaptersPaths></RunConfiguration><LoggerRunSettings><Loggers><Logger friendlyName="blame" enabled="True" /><Logger friendlyName="Console" uri="logger://microsoft/TestPlatform/ConsoleLogger/v1" assemblyQualifiedName="Microsoft.VisualStudio.TestPlatform.CommandLine.Internal.ConsoleLogger, vstest.console, Version=15.0.0.0, Culture=neutral, PublicKeyToken=b03f5f7f11d50a3a" codeBase="C:\Program Files\dotnet\sdk\8.0.202\vstest.console.dll" enabled="True" /></Loggers></LoggerRunSettings><DataCollectionRunSettings><DataCollectors><DataCollector friendlyName="blame" enabled="True"><Configuration><ResultsDirectory>C:\MyPersonalFiles\GensparkTraining\MiniProject\MiniProjectAppSolution\LibraryManagemenTest\bin\Debug\net6.0\fine-code-coverage\coverage-tool-output</ResultsDirectory></Configuration></DataCollector></DataCollectors></DataCollectionRunSettings></RunSettings> and sources System.Collections.Generic.List`1[System.String]: 
TpTrace Verbose: 0 : 13672, 5, 2024/06/04, 01:47:23.266, 10087838924864, vstest.console.dll, DataCollectionRequestSender.SendBeforeTestRunStartAndGetResult: Received message: (DataCollection.SendMessage) -> {"MessageType":"DataCollection.SendMessage","Payload":{"FriendlyName":null,"Uri":null,"TestCaseId":"00000000-0000-0000-0000-000000000000","Message":"Logging DataCollector Diagnostics in file: C:\\MyPersonalFiles\\GensparkTraining\\MiniProject\\MiniProjectAppSolution\\LibraryManagemenTest\\bin\\Debug\\net6.0\\fine-code-coverage\\coverage-tool-output\\diagnostics.datacollector.24-06-04_01-47-22_99503_5.log","Level":0}}
TpTrace Verbose: 0 : 13672, 5, 2024/06/04, 01:47:23.353, 10087839790176, vstest.console.dll, DataCollectionRequestSender.SendBeforeTestRunStartAndGetResult: Received message: (DataCollection.BeforeTestRunStartResult) -> {"MessageType":"DataCollection.BeforeTestRunStartResult","Payload":{"EnvironmentVariables":{},"DataCollectionEventsPort":55718}}
TpTrace Information: 0 : 13672, 5, 2024/06/04, 01:47:23.358, 10087839847086, vstest.console.dll, ProxyDataCollectionManager.BeforeTestRunStart: SendBeforeTestRunStartAndGetResult successful, env variable from datacollector:   and testhost port: 55718
TpTrace Information: 0 : 13672, 5, 2024/06/04, 01:47:23.358, 10087839848237, vstest.console.dll, ProxyDataCollectionManager.InvokeDataCollectionServiceAction: Completed.
TpTrace Verbose: 0 : 13672, 5, 2024/06/04, 01:47:23.359, 10087839848712, vstest.console.dll, ParallelProxyExecutionManager.StartTestRunOnConcurrentManager: Initializing test run. Started clients: 0
TpTrace Verbose: 0 : 13672, 5, 2024/06/04, 01:47:23.359, 10087839849543, vstest.console.dll, ProxyExecutionManager: Test host is always Lazy initialize.
TpTrace Verbose: 0 : 13672, 5, 2024/06/04, 01:47:23.359, 10087839851703, vstest.console.dll, TestRequestSender.InitializeCommunication: initialize communication. 
TpTrace Information: 0 : 13672, 5, 2024/06/04, 01:47:23.359, 10087839857020, vstest.console.dll, SocketServer.Start: Listening on endpoint : 127.0.0.1:55719
TpTrace Verbose: 0 : 13672, 5, 2024/06/04, 01:47:23.360, 10087839866622, vstest.console.dll, DotnetTestHostmanager.GetTestHostProcessStartInfo: Platform environment 'X64' target architecture 'X64' framework '.NETCoreApp,Version=v6.0' OS 'Windows'
TpTrace Verbose: 0 : 13672, 5, 2024/06/04, 01:47:23.361, 10087839869925, vstest.console.dll, DotnetTestHostmanager: Adding  --runtimeconfig "C:\MyPersonalFiles\GensparkTraining\MiniProject\MiniProjectAppSolution\LibraryManagemenTest\bin\Debug\net6.0\fine-code-coverage\build-output\LibraryManagemenTest.runtimeconfig.json" in args
TpTrace Verbose: 0 : 13672, 5, 2024/06/04, 01:47:23.361, 10087839871679, vstest.console.dll, DotnetTestHostmanager: Adding  --depsfile "C:\MyPersonalFiles\GensparkTraining\MiniProject\MiniProjectAppSolution\LibraryManagemenTest\bin\Debug\net6.0\fine-code-coverage\build-output\LibraryManagemenTest.deps.json" in args
TpTrace Verbose: 0 : 13672, 5, 2024/06/04, 01:47:23.361, 10087839875385, vstest.console.dll, DotnetTestHostmanager.IsWinOnArm: Current PROCESSOR_ARCHITECTURE from environment variable 'AMD64'
TpTrace Verbose: 0 : 13672, 5, 2024/06/04, 01:47:23.361, 10087839876418, vstest.console.dll, DotnetTestHostmanager.IsWinOnArm: Is Windows on ARM 'False'
TpTrace Verbose: 0 : 13672, 5, 2024/06/04, 01:47:23.361, 10087839878025, vstest.console.dll, DotnetTestHostManager: testhost.exe found at path: C:\MyPersonalFiles\GensparkTraining\MiniProject\MiniProjectAppSolution\LibraryManagemenTest\bin\Debug\net6.0\fine-code-coverage\build-output\testhost.exe
TpTrace Verbose: 0 : 13672, 5, 2024/06/04, 01:47:23.362, 10087839878818, vstest.console.dll, DotnetTestHostmanager: Full path of host exe is C:\MyPersonalFiles\GensparkTraining\MiniProject\MiniProjectAppSolution\LibraryManagemenTest\bin\Debug\net6.0\fine-code-coverage\build-output\testhost.exe
TpTrace Verbose: 0 : 13672, 5, 2024/06/04, 01:47:23.362, 10087839880670, vstest.console.dll, DotnetTestHostmanager.LaunchTestHostAsync: Found 'VSTEST_WINAPPHOST_DOTNET_ROOT' in env variables, value 'C:\Program Files\dotnet', forwarding to 'DOTNET_ROOT'
TpTrace Verbose: 0 : 13672, 5, 2024/06/04, 01:47:23.362, 10087839882681, vstest.console.dll, DotnetTestHostManager: Starting process 'C:\MyPersonalFiles\GensparkTraining\MiniProject\MiniProjectAppSolution\LibraryManagemenTest\bin\Debug\net6.0\fine-code-coverage\build-output\testhost.exe' with command line ' --runtimeconfig "C:\MyPersonalFiles\GensparkTraining\MiniProject\MiniProjectAppSolution\LibraryManagemenTest\bin\Debug\net6.0\fine-code-coverage\build-output\LibraryManagemenTest.runtimeconfig.json" --depsfile "C:\MyPersonalFiles\GensparkTraining\MiniProject\MiniProjectAppSolution\LibraryManagemenTest\bin\Debug\net6.0\fine-code-coverage\build-output\LibraryManagemenTest.deps.json" --port 55719 --endpoint 127.0.0.1:055719 --role client --parentprocessid 13672 --diag "C:\MyPersonalFiles\GensparkTraining\MiniProject\MiniProjectAppSolution\LibraryManagemenTest\bin\Debug\net6.0\fine-code-coverage\coverage-tool-output\diagnostics.host.24-06-04_01-47-23_36033_5.log" --tracelevel 4 --datacollectionport 55718 --telemetryoptedin false'
TpTrace Verbose: 0 : 13672, 5, 2024/06/04, 01:47:23.370, 10087839963876, vstest.console.dll, MulticastDelegateUtilities.SafeInvoke: HostProviderEvents.OnHostLaunched: Invoking callback 1/2 for Microsoft.VisualStudio.TestPlatform.CrossPlatEngine.Client.ProxyExecutionManagerWithDataCollection., took 1 ms.
TpTrace Verbose: 0 : 13672, 5, 2024/06/04, 01:47:23.371, 10087839969575, vstest.console.dll, Test Runtime launched
TpTrace Verbose: 0 : 13672, 5, 2024/06/04, 01:47:23.371, 10087839970980, vstest.console.dll, MulticastDelegateUtilities.SafeInvoke: HostProviderEvents.OnHostLaunched: Invoking callback 2/2 for Microsoft.VisualStudio.TestPlatform.CrossPlatEngine.Client.ProxyOperationManager., took 0 ms.
TpTrace Verbose: 0 : 13672, 5, 2024/06/04, 01:47:23.371, 10087839973973, vstest.console.dll, TestRequestSender.WaitForRequestHandlerConnection: waiting for connection with timeout: 90000.
TpTrace Verbose: 0 : 13672, 5, 2024/06/04, 01:47:23.650, 10087842761538, vstest.console.dll, TestRequestSender.WaitForRequestHandlerConnection: waiting took 278 ms, with timeout 90000 ms, and result 0, which is success.
TpTrace Verbose: 0 : 13672, 7, 2024/06/04, 01:47:23.650, 10087842761448, vstest.console.dll, MulticastDelegateUtilities.SafeInvoke: SocketServer: ClientConnected: Invoking callback 1/1 for Microsoft.VisualStudio.TestPlatform.CommunicationUtilities.TestRequestSender., took 0 ms.
TpTrace Verbose: 0 : 13672, 7, 2024/06/04, 01:47:23.650, 10087842764130, vstest.console.dll, SocketServer.OnClientConnected: Client connected for endPoint: 127.0.0.1:55719, starting MessageLoopAsync:
TpTrace Verbose: 0 : 13672, 7, 2024/06/04, 01:47:23.651, 10087842769509, vstest.console.dll, TcpClientExtensions.MessageLoopAsync: Polling on remoteEndPoint: 127.0.0.1:55720 localEndPoint: 127.0.0.1:55719 after 0 ms
TpTrace Verbose: 0 : 13672, 5, 2024/06/04, 01:47:23.651, 10087842774819, vstest.console.dll, TestRequestSender.CheckVersionWithTestHost: Sending check version message: {"MessageType":"ProtocolVersion","Payload":7}
TpTrace Verbose: 0 : 13672, 7, 2024/06/04, 01:47:23.807, 10087844328836, vstest.console.dll, TcpClientExtensions.MessageLoopAsync: NotifyDataAvailable remoteEndPoint: 127.0.0.1:55720 localEndPoint: 127.0.0.1:55719
TpTrace Verbose: 0 : 13672, 7, 2024/06/04, 01:47:23.807, 10087844332040, vstest.console.dll, TestRequestSender.CheckVersionWithTestHost: onMessageReceived received message: (ProtocolVersion) -> {"MessageType":"ProtocolVersion","Payload":7}
TpTrace Verbose: 0 : 13672, 7, 2024/06/04, 01:47:23.807, 10087844338214, vstest.console.dll, MulticastDelegateUtilities.SafeInvoke: LengthPrefixCommunicationChannel: MessageReceived: Invoking callback 1/1 for Microsoft.VisualStudio.TestPlatform.CommunicationUtilities.TestRequestSender+<>c__DisplayClass29_0., took 0 ms.
TpTrace Verbose: 0 : 13672, 7, 2024/06/04, 01:47:23.808, 10087844339251, vstest.console.dll, TcpClientExtensions.MessageLoopAsync: Polling on remoteEndPoint: 127.0.0.1:55720 localEndPoint: 127.0.0.1:55719 after 156 ms
TpTrace Verbose: 0 : 13672, 5, 2024/06/04, 01:47:23.808, 10087844339822, vstest.console.dll, TestPluginCache.GetExtensionPaths: Filtered extension paths: 
TpTrace Verbose: 0 : 13672, 5, 2024/06/04, 01:47:23.808, 10087844340685, vstest.console.dll, TestPluginCache.GetExtensionPaths: Added default extension paths: C:\Program Files\dotnet\sdk\8.0.202\Extensions\Microsoft.Diagnostics.NETCore.Client.dll
C:\Program Files\dotnet\sdk\8.0.202\Extensions\Microsoft.TestPlatform.Extensions.BlameDataCollector.dll
C:\Program Files\dotnet\sdk\8.0.202\Extensions\Microsoft.TestPlatform.Extensions.EventLogCollector.dll
C:\Program Files\dotnet\sdk\8.0.202\Extensions\Microsoft.TestPlatform.TestHostRuntimeProvider.dll
C:\Program Files\dotnet\sdk\8.0.202\Extensions\Microsoft.VisualStudio.TestPlatform.Extensions.Html.TestLogger.dll
C:\Program Files\dotnet\sdk\8.0.202\Extensions\Microsoft.VisualStudio.TestPlatform.Extensions.Trx.TestLogger.dll
TpTrace Verbose: 0 : 13672, 5, 2024/06/04, 01:47:23.808, 10087844341079, vstest.console.dll, TestPluginCache.GetExtensionPaths: Added unfilterableExtensionPaths: 
TpTrace Verbose: 0 : 13672, 5, 2024/06/04, 01:47:23.811, 10087844368959, vstest.console.dll, TestRequestSender.InitializeExecution: Sending initialize execution with message: {"Version":7,"MessageType":"TestExecution.Initialize","Payload":["C:\\MyPersonalFiles\\GensparkTraining\\MiniProject\\MiniProjectAppSolution\\LibraryManagemenTest\\bin\\Debug\\net6.0\\fine-code-coverage\\build-output\\NUnit3.TestAdapter.dll"]}
TpTrace Verbose: 0 : 13672, 5, 2024/06/04, 01:47:23.811, 10087844371258, vstest.console.dll, ParallelProxyExecutionManager.StartTestRunOnConcurrentManager: Execution starting. Started clients: 1
TpTrace Verbose: 0 : 13672, 7, 2024/06/04, 01:47:23.811, 10087844372267, vstest.console.dll, TcpClientExtensions.MessageLoopAsync: NotifyDataAvailable remoteEndPoint: 127.0.0.1:55720 localEndPoint: 127.0.0.1:55719
TpTrace Verbose: 0 : 13672, 5, 2024/06/04, 01:47:23.811, 10087844374005, vstest.console.dll, TestRunRequest:SendTestRunMessage: Starting.
TpTrace Verbose: 0 : 13672, 5, 2024/06/04, 01:47:23.811, 10087844375663, vstest.console.dll, MulticastDelegateUtilities.SafeInvoke: TestRun.LogMessages: Invoking callback 1/1 for Microsoft.VisualStudio.TestPlatform.CommandLine.TestRunResultAggregator., took 0 ms.
TpTrace Information: 0 : 13672, 5, 2024/06/04, 01:47:23.811, 10087844376089, vstest.console.dll, TestRunRequest:SendTestRunMessage: Completed.
TpTrace Verbose: 0 : 13672, 4, 2024/06/04, 01:47:23.811, 10087844378061, vstest.console.dll, MulticastDelegateUtilities.SafeInvoke: InternalTestLoggerEvents.SendTestRunMessage: Invoking callback 1/1 for Microsoft.VisualStudio.TestPlatform.CommandLine.Internal.ConsoleLogger., took 0 ms.
TpTrace Warning: 0 : 13672, 5, 2024/06/04, 01:47:23.812, 10087844379781, vstest.console.dll, InferRunSettingsHelper.MakeRunsettingsCompatible: Removing the following settings: TargetPlatform from RunSettings file. To use those settings please move to latest version of Microsoft.NET.Test.Sdk
TpTrace Verbose: 0 : 13672, 7, 2024/06/04, 01:47:23.812, 10087844387040, vstest.console.dll, TestRequestSender.OnExecutionMessageReceived: Received message: {"Version":7,"MessageType":"TestSession.Message","Payload":{"MessageLevel":0,"Message":"Logging TestHost Diagnostics in file: C:\\MyPersonalFiles\\GensparkTraining\\MiniProject\\MiniProjectAppSolution\\LibraryManagemenTest\\bin\\Debug\\net6.0\\fine-code-coverage\\coverage-tool-output\\diagnostics.host.24-06-04_01-47-23_36033_5.log"}}
TpTrace Verbose: 0 : 13672, 7, 2024/06/04, 01:47:23.815, 10087844413309, vstest.console.dll, TestRunRequest:SendTestRunMessage: Starting.
TpTrace Verbose: 0 : 13672, 7, 2024/06/04, 01:47:23.815, 10087844415758, vstest.console.dll, MulticastDelegateUtilities.SafeInvoke: TestRun.LogMessages: Invoking callback 1/1 for Microsoft.VisualStudio.TestPlatform.CommandLine.TestRunResultAggregator., took 0 ms.
TpTrace Verbose: 0 : 13672, 4, 2024/06/04, 01:47:23.815, 10087844416080, vstest.console.dll, MulticastDelegateUtilities.SafeInvoke: InternalTestLoggerEvents.SendTestRunMessage: Invoking callback 1/1 for Microsoft.VisualStudio.TestPlatform.CommandLine.Internal.ConsoleLogger., took 0 ms.
TpTrace Information: 0 : 13672, 7, 2024/06/04, 01:47:23.815, 10087844416336, vstest.console.dll, TestRunRequest:SendTestRunMessage: Completed.
TpTrace Verbose: 0 : 13672, 7, 2024/06/04, 01:47:23.815, 10087844417793, vstest.console.dll, MulticastDelegateUtilities.SafeInvoke: LengthPrefixCommunicationChannel: MessageReceived: Invoking callback 1/1 for Microsoft.VisualStudio.TestPlatform.CommunicationUtilities.TestRequestSender+<>c__DisplayClass34_0., took 3 ms.
TpTrace Verbose: 0 : 13672, 7, 2024/06/04, 01:47:23.815, 10087844418324, vstest.console.dll, TcpClientExtensions.MessageLoopAsync: Polling on remoteEndPoint: 127.0.0.1:55720 localEndPoint: 127.0.0.1:55719 after 7 ms
TpTrace Verbose: 0 : 13672, 5, 2024/06/04, 01:47:23.822, 10087844479361, vstest.console.dll, TestRequestSender.StartTestRun: Sending test run with message: {"Version":7,"MessageType":"TestExecution.StartWithSources","Payload":{"AdapterSourceMap":{"_none_":["C:\\MyPersonalFiles\\GensparkTraining\\MiniProject\\MiniProjectAppSolution\\LibraryManagemenTest\\bin\\Debug\\net6.0\\fine-code-coverage\\build-output\\LibraryManagemenTest.dll"]},"RunSettings":"<RunSettings>\r\n  <RunConfiguration>\r\n    <ResultsDirectory>C:\\MyPersonalFiles\\GensparkTraining\\MiniProject\\MiniProjectAppSolution\\LibraryManagemenTest\\bin\\Debug\\net6.0\\fine-code-coverage\\coverage-tool-output</ResultsDirectory>\r\n    <TargetFrameworkVersion>.NETCoreApp,Version=v6.0</TargetFrameworkVersion>\r\n    <DesignMode>False</DesignMode>\r\n    <CollectSourceInformation>False</CollectSourceInformation>\r\n  </RunConfiguration>\r\n  <LoggerRunSettings>\r\n    <Loggers>\r\n      <Logger friendlyName=\"blame\" enabled=\"True\" />\r\n      <Logger friendlyName=\"Console\" uri=\"logger://microsoft/TestPlatform/ConsoleLogger/v1\" assemblyQualifiedName=\"Microsoft.VisualStudio.TestPlatform.CommandLine.Internal.ConsoleLogger, vstest.console, Version=15.0.0.0, Culture=neutral, PublicKeyToken=b03f5f7f11d50a3a\" codeBase=\"C:\\Program Files\\dotnet\\sdk\\8.0.202\\vstest.console.dll\" enabled=\"True\" />\r\n    </Loggers>\r\n  </LoggerRunSettings>\r\n  <DataCollectionRunSettings>\r\n    <DataCollectors>\r\n      <DataCollector friendlyName=\"blame\" enabled=\"True\">\r\n        <Configuration>\r\n          <ResultsDirectory>C:\\MyPersonalFiles\\GensparkTraining\\MiniProject\\MiniProjectAppSolution\\LibraryManagemenTest\\bin\\Debug\\net6.0\\fine-code-coverage\\coverage-tool-output</ResultsDirectory>\r\n        </Configuration>\r\n      </DataCollector>\r\n    </DataCollectors>\r\n  </DataCollectionRunSettings>\r\n</RunSettings>","TestExecutionContext":{"FrequencyOfRunStatsChangeEvent":10,"RunStatsChangeEventTimeout":"00:00:01.5000000","InIsolation":false,"KeepAlive":false,"AreTestCaseLevelEventsRequired":false,"IsDebug":false,"TestCaseFilter":null,"FilterOptions":null},"Package":null}}
TpTrace Verbose: 0 : 13672, 5, 2024/06/04, 01:47:23.822, 10087844481583, vstest.console.dll, ParallelProxyExecutionManager.StartTestRunOnConcurrentManager: Execution started. Started clients: 1
TpTrace Verbose: 0 : 13672, 7, 2024/06/04, 01:47:24.014, 10087846408662, vstest.console.dll, TcpClientExtensions.MessageLoopAsync: NotifyDataAvailable remoteEndPoint: 127.0.0.1:55720 localEndPoint: 127.0.0.1:55719
TpTrace Verbose: 0 : 13672, 7, 2024/06/04, 01:47:24.015, 10087846410679, vstest.console.dll, TestRequestSender.OnExecutionMessageReceived: Received message: {"Version":7,"MessageType":"TestSession.Message","Payload":{"MessageLevel":0,"Message":"NUnit Adapter 4.4.0.0: Test execution started"}}
TpTrace Verbose: 0 : 13672, 7, 2024/06/04, 01:47:24.015, 10087846412659, vstest.console.dll, TestRunRequest:SendTestRunMessage: Starting.
TpTrace Verbose: 0 : 13672, 7, 2024/06/04, 01:47:24.015, 10087846413463, vstest.console.dll, MulticastDelegateUtilities.SafeInvoke: TestRun.LogMessages: Invoking callback 1/1 for Microsoft.VisualStudio.TestPlatform.CommandLine.TestRunResultAggregator., took 0 ms.
TpTrace Information: 0 : 13672, 7, 2024/06/04, 01:47:24.015, 10087846413799, vstest.console.dll, TestRunRequest:SendTestRunMessage: Completed.
TpTrace Verbose: 0 : 13672, 4, 2024/06/04, 01:47:24.015, 10087846413957, vstest.console.dll, MulticastDelegateUtilities.SafeInvoke: InternalTestLoggerEvents.SendTestRunMessage: Invoking callback 1/1 for Microsoft.VisualStudio.TestPlatform.CommandLine.Internal.ConsoleLogger., took 0 ms.
TpTrace Verbose: 0 : 13672, 7, 2024/06/04, 01:47:24.015, 10087846414177, vstest.console.dll, MulticastDelegateUtilities.SafeInvoke: LengthPrefixCommunicationChannel: MessageReceived: Invoking callback 1/1 for Microsoft.VisualStudio.TestPlatform.CommunicationUtilities.TestRequestSender+<>c__DisplayClass34_0., took 0 ms.
TpTrace Verbose: 0 : 13672, 7, 2024/06/04, 01:47:24.015, 10087846415359, vstest.console.dll, TcpClientExtensions.MessageLoopAsync: Polling on remoteEndPoint: 127.0.0.1:55720 localEndPoint: 127.0.0.1:55719 after 199 ms
TpTrace Verbose: 0 : 13672, 7, 2024/06/04, 01:47:24.042, 10087846681306, vstest.console.dll, TcpClientExtensions.MessageLoopAsync: NotifyDataAvailable remoteEndPoint: 127.0.0.1:55720 localEndPoint: 127.0.0.1:55719
TpTrace Verbose: 0 : 13672, 7, 2024/06/04, 01:47:24.042, 10087846683486, vstest.console.dll, TestRequestSender.OnExecutionMessageReceived: Received message: {"Version":7,"MessageType":"TestSession.Message","Payload":{"MessageLevel":0,"Message":"Running all tests in C:\\MyPersonalFiles\\GensparkTraining\\MiniProject\\MiniProjectAppSolution\\LibraryManagemenTest\\bin\\Debug\\net6.0\\fine-code-coverage\\build-output\\LibraryManagemenTest.dll"}}
TpTrace Verbose: 0 : 13672, 7, 2024/06/04, 01:47:24.042, 10087846685127, vstest.console.dll, TestRunRequest:SendTestRunMessage: Starting.
TpTrace Verbose: 0 : 13672, 7, 2024/06/04, 01:47:24.042, 10087846685841, vstest.console.dll, MulticastDelegateUtilities.SafeInvoke: TestRun.LogMessages: Invoking callback 1/1 for Microsoft.VisualStudio.TestPlatform.CommandLine.TestRunResultAggregator., took 0 ms.
TpTrace Information: 0 : 13672, 7, 2024/06/04, 01:47:24.042, 10087846686238, vstest.console.dll, TestRunRequest:SendTestRunMessage: Completed.
TpTrace Verbose: 0 : 13672, 7, 2024/06/04, 01:47:24.042, 10087846686652, vstest.console.dll, MulticastDelegateUtilities.SafeInvoke: LengthPrefixCommunicationChannel: MessageReceived: Invoking callback 1/1 for Microsoft.VisualStudio.TestPlatform.CommunicationUtilities.TestRequestSender+<>c__DisplayClass34_0., took 0 ms.
TpTrace Verbose: 0 : 13672, 7, 2024/06/04, 01:47:24.042, 10087846687082, vstest.console.dll, TcpClientExtensions.MessageLoopAsync: Polling on remoteEndPoint: 127.0.0.1:55720 localEndPoint: 127.0.0.1:55719 after 27 ms
TpTrace Verbose: 0 : 13672, 4, 2024/06/04, 01:47:24.042, 10087846687051, vstest.console.dll, MulticastDelegateUtilities.SafeInvoke: InternalTestLoggerEvents.SendTestRunMessage: Invoking callback 1/1 for Microsoft.VisualStudio.TestPlatform.CommandLine.Internal.ConsoleLogger., took 0 ms.
TpTrace Verbose: 0 : 13672, 7, 2024/06/04, 01:47:24.183, 10087848093642, vstest.console.dll, TcpClientExtensions.MessageLoopAsync: NotifyDataAvailable remoteEndPoint: 127.0.0.1:55720 localEndPoint: 127.0.0.1:55719
TpTrace Verbose: 0 : 13672, 7, 2024/06/04, 01:47:24.183, 10087848095724, vstest.console.dll, TestRequestSender.OnExecutionMessageReceived: Received message: {"Version":7,"MessageType":"TestSession.Message","Payload":{"MessageLevel":0,"Message":"   NUnit3TestExecutor discovered 16 of 16 NUnit test cases using Current Discovery mode, Non-Explicit run"}}
TpTrace Verbose: 0 : 13672, 7, 2024/06/04, 01:47:24.183, 10087848097303, vstest.console.dll, TestRunRequest:SendTestRunMessage: Starting.
TpTrace Verbose: 0 : 13672, 7, 2024/06/04, 01:47:24.183, 10087848097960, vstest.console.dll, MulticastDelegateUtilities.SafeInvoke: TestRun.LogMessages: Invoking callback 1/1 for Microsoft.VisualStudio.TestPlatform.CommandLine.TestRunResultAggregator., took 0 ms.
TpTrace Information: 0 : 13672, 7, 2024/06/04, 01:47:24.183, 10087848098362, vstest.console.dll, TestRunRequest:SendTestRunMessage: Completed.
TpTrace Verbose: 0 : 13672, 4, 2024/06/04, 01:47:24.183, 10087848098482, vstest.console.dll, MulticastDelegateUtilities.SafeInvoke: InternalTestLoggerEvents.SendTestRunMessage: Invoking callback 1/1 for Microsoft.VisualStudio.TestPlatform.CommandLine.Internal.ConsoleLogger., took 0 ms.
TpTrace Verbose: 0 : 13672, 7, 2024/06/04, 01:47:24.184, 10087848098734, vstest.console.dll, MulticastDelegateUtilities.SafeInvoke: LengthPrefixCommunicationChannel: MessageReceived: Invoking callback 1/1 for Microsoft.VisualStudio.TestPlatform.CommunicationUtilities.TestRequestSender+<>c__DisplayClass34_0., took 0 ms.
TpTrace Verbose: 0 : 13672, 7, 2024/06/04, 01:47:24.184, 10087848099975, vstest.console.dll, TcpClientExtensions.MessageLoopAsync: Polling on remoteEndPoint: 127.0.0.1:55720 localEndPoint: 127.0.0.1:55719 after 141 ms
TpTrace Verbose: 0 : 13672, 7, 2024/06/04, 01:47:25.195, 10087858211596, vstest.console.dll, TcpClientExtensions.MessageLoopAsync: Polling on remoteEndPoint: 127.0.0.1:55720 localEndPoint: 127.0.0.1:55719 after 1011 ms
TpTrace Verbose: 0 : 13672, 7, 2024/06/04, 01:47:25.445, 10087860711683, vstest.console.dll, TcpClientExtensions.MessageLoopAsync: NotifyDataAvailable remoteEndPoint: 127.0.0.1:55720 localEndPoint: 127.0.0.1:55719
TpTrace Verbose: 0 : 13672, 7, 2024/06/04, 01:47:25.445, 10087860714799, vstest.console.dll, TestRequestSender.OnExecutionMessageReceived: Received message: {"Version":7,"MessageType":"TestExecution.StatsChange","Payload":{"NewTestResults":[],"TestRunStatistics":{"ExecutedTests":0,"Stats":{}},"ActiveTests":[{"Id":"bd3d71ef-413f-2176-24c8-ae9a8ac985fc","FullyQualifiedName":"LibraryManagemenTest.BookServicesTest.GetFeedback","DisplayName":"GetFeedback","ExecutorUri":"executor://NUnit3TestExecutor","Source":"C:\\MyPersonalFiles\\GensparkTraining\\MiniProject\\MiniProjectAppSolution\\LibraryManagemenTest\\bin\\Debug\\net6.0\\fine-code-coverage\\build-output\\LibraryManagemenTest.dll","CodeFilePath":null,"LineNumber":0,"Properties":[{"Key":{"Id":"NUnit.Seed","Label":"Seed","Category":"","Description":"","Attributes":0,"ValueType":"System.String"},"Value":"1747779048"}]}]}}
TpTrace Verbose: 0 : 13672, 7, 2024/06/04, 01:47:25.470, 10087860967231, vstest.console.dll, TestRunRequest:SendTestRunStatsChange: Starting.
TpTrace Verbose: 0 : 13672, 7, 2024/06/04, 01:47:25.471, 10087860968928, vstest.console.dll, InProgress is GetFeedback
TpTrace Verbose: 0 : 13672, 7, 2024/06/04, 01:47:25.471, 10087860969716, vstest.console.dll, MulticastDelegateUtilities.SafeInvoke: TestRun.RunStatsChanged: Invoking callbacks was skipped because there are no subscribers.
TpTrace Information: 0 : 13672, 7, 2024/06/04, 01:47:25.471, 10087860970008, vstest.console.dll, TestRunRequest:SendTestRunStatsChange: Completed.
TpTrace Verbose: 0 : 13672, 7, 2024/06/04, 01:47:25.471, 10087860970352, vstest.console.dll, MulticastDelegateUtilities.SafeInvoke: LengthPrefixCommunicationChannel: MessageReceived: Invoking callback 1/1 for Microsoft.VisualStudio.TestPlatform.CommunicationUtilities.TestRequestSender+<>c__DisplayClass34_0., took 25 ms.
TpTrace Verbose: 0 : 13672, 7, 2024/06/04, 01:47:25.471, 10087860970675, vstest.console.dll, TcpClientExtensions.MessageLoopAsync: Polling on remoteEndPoint: 127.0.0.1:55720 localEndPoint: 127.0.0.1:55719 after 275 ms
TpTrace Verbose: 0 : 13672, 7, 2024/06/04, 01:47:26.478, 10087871047125, vstest.console.dll, TcpClientExtensions.MessageLoopAsync: Polling on remoteEndPoint: 127.0.0.1:55720 localEndPoint: 127.0.0.1:55719 after 1007 ms
TpTrace Verbose: 0 : 13672, 7, 2024/06/04, 01:47:26.675, 10087873015594, vstest.console.dll, TcpClientExtensions.MessageLoopAsync: NotifyDataAvailable remoteEndPoint: 127.0.0.1:55720 localEndPoint: 127.0.0.1:55719
TpTrace Verbose: 0 : 13672, 7, 2024/06/04, 01:47:26.676, 10087873022335, vstest.console.dll, TestRequestSender.OnExecutionMessageReceived: Received message: {"Version":7,"MessageType":"TestExecution.StatsChange","Payload":{"NewTestResults":[{"TestCase":{"Id":"bd3d71ef-413f-2176-24c8-ae9a8ac985fc","FullyQualifiedName":"LibraryManagemenTest.BookServicesTest.GetFeedback","DisplayName":"GetFeedback","ExecutorUri":"executor://NUnit3TestExecutor","Source":"C:\\MyPersonalFiles\\GensparkTraining\\MiniProject\\MiniProjectAppSolution\\LibraryManagemenTest\\bin\\Debug\\net6.0\\fine-code-coverage\\build-output\\LibraryManagemenTest.dll","CodeFilePath":null,"LineNumber":0,"Properties":[{"Key":{"Id":"NUnit.Seed","Label":"Seed","Category":"","Description":"","Attributes":0,"ValueType":"System.String"},"Value":"1747779048"}]},"Attachments":[],"Outcome":1,"ErrorMessage":null,"ErrorStackTrace":null,"DisplayName":"GetFeedback","Messages":[],"ComputerName":"4N8CBX3","Duration":"00:00:02.0135000","StartTime":"2024-06-03T20:17:24.2104043+00:00","EndTime":"2024-06-03T20:17:26.2237989+00:00","Properties":[{"Key":{"Id":"NUnit.Seed","Label":"Seed","Category":"","Description":"","Attributes":0,"ValueType":"System.String"},"Value":"1747779048"}]},{"TestCase":{"Id":"b39effe9-bf79-434d-8d3a-33a0d91da37e","FullyQualifiedName":"LibraryManagemenTest.BookServicesTest.GetFeedbackEmptyListFail","DisplayName":"GetFeedbackEmptyListFail","ExecutorUri":"executor://NUnit3TestExecutor","Source":"C:\\MyPersonalFiles\\GensparkTraining\\MiniProject\\MiniProjectAppSolution\\LibraryManagemenTest\\bin\\Debug\\net6.0\\fine-code-coverage\\build-output\\LibraryManagemenTest.dll","CodeFilePath":null,"LineNumber":0,"Properties":[{"Key":{"Id":"NUnit.Seed","Label":"Seed","Category":"","Description":"","Attributes":0,"ValueType":"System.String"},"Value":"1898446359"}]},"Attachments":[],"Outcome":1,"ErrorMessage":null,"ErrorStackTrace":null,"DisplayName":"GetFeedbackEmptyListFail","Messages":[],"ComputerName":"4N8CBX3","Duration":"00:00:00.0687060","StartTime":"2024-06-03T20:17:26.2252467+00:00","EndTime":"2024-06-03T20:17:26.2939518+00:00","Properties":[{"Key":{"Id":"NUnit.Seed","Label":"Seed","Category":"","Description":"","Attributes":0,"ValueType":"System.String"},"Value":"1898446359"}]},{"TestCase":{"Id":"867526e0-3647-25d0-3551-b636dc383eda","FullyQualifiedName":"LibraryManagemenTest.BookServicesTest.GetFeedbackFail","DisplayName":"GetFeedbackFail","ExecutorUri":"executor://NUnit3TestExecutor","Source":"C:\\MyPersonalFiles\\GensparkTraining\\MiniProject\\MiniProjectAppSolution\\LibraryManagemenTest\\bin\\Debug\\net6.0\\fine-code-coverage\\build-output\\LibraryManagemenTest.dll","CodeFilePath":null,"LineNumber":0,"Properties":[{"Key":{"Id":"NUnit.Seed","Label":"Seed","Category":"","Description":"","Attributes":0,"ValueType":"System.String"},"Value":"1305327809"}]},"Attachments":[],"Outcome":1,"ErrorMessage":null,"ErrorStackTrace":null,"DisplayName":"GetFeedbackFail","Messages":[],"ComputerName":"4N8CBX3","Duration":"00:00:00.0816730","StartTime":"2024-06-03T20:17:26.2940123+00:00","EndTime":"2024-06-03T20:17:26.3756853+00:00","Properties":[{"Key":{"Id":"NUnit.Seed","Label":"Seed","Category":"","Description":"","Attributes":0,"ValueType":"System.String"},"Value":"1305327809"}]},{"TestCase":{"Id":"66c76acb-6594-efaf-6045-abaf5ea226a2","FullyQualifiedName":"LibraryManagemenTest.BookServicesTest.GiveFeedback","DisplayName":"GiveFeedback","ExecutorUri":"executor://NUnit3TestExecutor","Source":"C:\\MyPersonalFiles\\GensparkTraining\\MiniProject\\MiniProjectAppSolution\\LibraryManagemenTest\\bin\\Debug\\net6.0\\fine-code-coverage\\build-output\\LibraryManagemenTest.dll","CodeFilePath":null,"LineNumber":0,"Properties":[{"Key":{"Id":"NUnit.Seed","Label":"Seed","Category":"","Description":"","Attributes":0,"ValueType":"System.String"},"Value":"776263382"}]},"Attachments":[],"Outcome":1,"ErrorMessage":null,"ErrorStackTrace":null,"DisplayName":"GiveFeedback","Messages":[],"ComputerName":"4N8CBX3","Duration":"00:00:00.0546000","StartTime":"2024-06-03T20:17:26.3757291+00:00","EndTime":"2024-06-03T20:17:26.4303279+00:00","Properties":[{"Key":{"Id":"NUnit.Seed","Label":"Seed","Category":"","Description":"","Attributes":0,"ValueType":"System.String"},"Value":"776263382"}]},{"TestCase":{"Id":"493b4153-e777-2161-af11-88ca6523c857","FullyQualifiedName":"LibraryManagemenTest.BookServicesTest.GiveFeedbackBookIdFail","DisplayName":"GiveFeedbackBookIdFail","ExecutorUri":"executor://NUnit3TestExecutor","Source":"C:\\MyPersonalFiles\\GensparkTraining\\MiniProject\\MiniProjectAppSolution\\LibraryManagemenTest\\bin\\Debug\\net6.0\\fine-code-coverage\\build-output\\LibraryManagemenTest.dll","CodeFilePath":null,"LineNumber":0,"Properties":[{"Key":{"Id":"NUnit.Seed","Label":"Seed","Category":"","Description":"","Attributes":0,"ValueType":"System.String"},"Value":"1222250145"}]},"Attachments":[],"Outcome":1,"ErrorMessage":null,"ErrorStackTrace":null,"DisplayName":"GiveFeedbackBookIdFail","Messages":[],"ComputerName":"4N8CBX3","Duration":"00:00:00.0599130","StartTime":"2024-06-03T20:17:26.4303664+00:00","EndTime":"2024-06-03T20:17:26.4902788+00:00","Properties":[{"Key":{"Id":"NUnit.Seed","Label":"Seed","Category":"","Description":"","Attributes":0,"ValueType":"System.String"},"Value":"1222250145"}]},{"TestCase":{"Id":"8ce271b3-9419-7651-5c5f-77d17ae42350","FullyQualifiedName":"LibraryManagemenTest.BookServicesTest.GiveFeedbackUserIdFail","DisplayName":"GiveFeedbackUserIdFail","ExecutorUri":"executor://NUnit3TestExecutor","Source":"C:\\MyPersonalFiles\\GensparkTraining\\MiniProject\\MiniProjectAppSolution\\LibraryManagemenTest\\bin\\Debug\\net6.0\\fine-code-coverage\\build-output\\LibraryManagemenTest.dll","CodeFilePath":null,"LineNumber":0,"Properties":[{"Key":{"Id":"NUnit.Seed","Label":"Seed","Category":"","Description":"","Attributes":0,"ValueType":"System.String"},"Value":"1717848947"}]},"Attachments":[],"Outcome":1,"ErrorMessage":null,"ErrorStackTrace":null,"DisplayName":"GiveFeedbackUserIdFail","Messages":[],"ComputerName":"4N8CBX3","Duration":"00:00:00.0332400","StartTime":"2024-06-03T20:17:26.4903202+00:00","EndTime":"2024-06-03T20:17:26.5235605+00:00","Properties":[{"Key":{"Id":"NUnit.Seed","Label":"Seed","Category":"","Description":"","Attributes":0,"ValueType":"System.String"},"Value":"1717848947"}]},{"TestCase":{"Id":"cce38978-2f02-0c6d-ff42-bb7be840986e","FullyQualifiedName":"LibraryManagemenTest.BookServicesTest.ViewBooksForSale","DisplayName":"ViewBooksForSale","ExecutorUri":"executor://NUnit3TestExecutor","Source":"C:\\MyPersonalFiles\\GensparkTraining\\MiniProject\\MiniProjectAppSolution\\LibraryManagemenTest\\bin\\Debug\\net6.0\\fine-code-coverage\\build-output\\LibraryManagemenTest.dll","CodeFilePath":null,"LineNumber":0,"Properties":[{"Key":{"Id":"NUnit.Seed","Label":"Seed","Category":"","Description":"","Attributes":0,"ValueType":"System.String"},"Value":"339053868"}]},"Attachments":[],"Outcome":1,"ErrorMessage":null,"ErrorStackTrace":null,"DisplayName":"ViewBooksForSale","Messages":[],"ComputerName":"4N8CBX3","Duration":"00:00:00.0621450","StartTime":"2024-06-03T20:17:26.523587+00:00","EndTime":"2024-06-03T20:17:26.5857315+00:00","Properties":[{"Key":{"Id":"NUnit.Seed","Label":"Seed","Category":"","Description":"","Attributes":0,"ValueType":"System.String"},"Value":"339053868"}]},{"TestCase":{"Id":"5a911e0a-8953-23e3-2059-142e7f496e84","FullyQualifiedName":"LibraryManagemenTest.CartServicesTest.AddItemsToCart","DisplayName":"AddItemsToCart","ExecutorUri":"executor://NUnit3TestExecutor","Source":"C:\\MyPersonalFiles\\GensparkTraining\\MiniProject\\MiniProjectAppSolution\\LibraryManagemenTest\\bin\\Debug\\net6.0\\fine-code-coverage\\build-output\\LibraryManagemenTest.dll","CodeFilePath":null,"LineNumber":0,"Properties":[{"Key":{"Id":"NUnit.Seed","Label":"Seed","Category":"","Description":"","Attributes":0,"ValueType":"System.String"},"Value":"988688911"}]},"Attachments":[],"Outcome":1,"ErrorMessage":null,"ErrorStackTrace":null,"DisplayName":"AddItemsToCart","Messages":[],"ComputerName":"4N8CBX3","Duration":"00:00:00.0470580","StartTime":"2024-06-03T20:17:26.5886917+00:00","EndTime":"2024-06-03T20:17:26.6357491+00:00","Properties":[{"Key":{"Id":"NUnit.Seed","Label":"Seed","Category":"","Description":"","Attributes":0,"ValueType":"System.String"},"Value":"988688911"}]},{"TestCase":{"Id":"01cbbd6f-4d60-fd85-75ce-5ca293b7838c","FullyQualifiedName":"LibraryManagemenTest.CartServicesTest.AddItemsToCartBookIdFail","DisplayName":"AddItemsToCartBookIdFail","ExecutorUri":"executor://NUnit3TestExecutor","Source":"C:\\MyPersonalFiles\\GensparkTraining\\MiniProject\\MiniProjectAppSolution\\LibraryManagemenTest\\bin\\Debug\\net6.0\\fine-code-coverage\\build-output\\LibraryManagemenTest.dll","CodeFilePath":null,"LineNumber":0,"Properties":[{"Key":{"Id":"NUnit.Seed","Label":"Seed","Category":"","Description":"","Attributes":0,"ValueType":"System.String"},"Value":"913280523"}]},"Attachments":[],"Outcome":1,"ErrorMessage":null,"ErrorStackTrace":null,"DisplayName":"AddItemsToCartBookIdFail","Messages":[],"ComputerName":"4N8CBX3","Duration":"00:00:00.0254740","StartTime":"2024-06-03T20:17:26.6358029+00:00","EndTime":"2024-06-03T20:17:26.6612763+00:00","Properties":[{"Key":{"Id":"NUnit.Seed","Label":"Seed","Category":"","Description":"","Attributes":0,"ValueType":"System.String"},"Value":"913280523"}]}],"TestRunStatistics":{"ExecutedTests":9,"Stats":{"Passed":9}},"ActiveTests":[{"Id":"961834b1-bb41-88a6-7eca-7fd26999624a","FullyQualifiedName":"LibraryManagemenTest.CartServicesTest.AddItemsToCartOutofStock","DisplayName":"AddItemsToCartOutofStock","ExecutorUri":"executor://NUnit3TestExecutor","Source":"C:\\MyPersonalFiles\\GensparkTraining\\MiniProject\\MiniProjectAppSolution\\LibraryManagemenTest\\bin\\Debug\\net6.0\\fine-code-coverage\\build-output\\LibraryManagemenTest.dll","CodeFilePath":null,"LineNumber":0,"Properties":[{"Key":{"Id":"NUnit.Seed","Label":"Seed","Category":"","Description":"","Attributes":0,"ValueType":"System.String"},"Value":"545057676"}]}]}}
TpTrace Verbose: 0 : 13672, 7, 2024/06/04, 01:47:26.685, 10087873111441, vstest.console.dll, TestRunRequest:SendTestRunStatsChange: Starting.
TpTrace Verbose: 0 : 13672, 7, 2024/06/04, 01:47:26.685, 10087873112820, vstest.console.dll, InProgress is AddItemsToCartOutofStock
TpTrace Verbose: 0 : 13672, 7, 2024/06/04, 01:47:26.685, 10087873114743, vstest.console.dll, MulticastDelegateUtilities.SafeInvoke: TestRun.RunStatsChanged: Invoking callbacks was skipped because there are no subscribers.
TpTrace Information: 0 : 13672, 7, 2024/06/04, 01:47:26.685, 10087873115210, vstest.console.dll, TestRunRequest:SendTestRunStatsChange: Completed.
TpTrace Verbose: 0 : 13672, 7, 2024/06/04, 01:47:26.685, 10087873115575, vstest.console.dll, MulticastDelegateUtilities.SafeInvoke: LengthPrefixCommunicationChannel: MessageReceived: Invoking callback 1/1 for Microsoft.VisualStudio.TestPlatform.CommunicationUtilities.TestRequestSender+<>c__DisplayClass34_0., took 9 ms.
TpTrace Verbose: 0 : 13672, 7, 2024/06/04, 01:47:26.685, 10087873115991, vstest.console.dll, TcpClientExtensions.MessageLoopAsync: Polling on remoteEndPoint: 127.0.0.1:55720 localEndPoint: 127.0.0.1:55719 after 206 ms
TpTrace Verbose: 0 : 13672, 4, 2024/06/04, 01:47:26.688, 10087873143134, vstest.console.dll, MulticastDelegateUtilities.SafeInvoke: InternalTestLoggerEvents.SendTestResult: Invoking callback 1/1 for Microsoft.VisualStudio.TestPlatform.CommandLine.Internal.ConsoleLogger., took 2 ms.
TpTrace Verbose: 0 : 13672, 4, 2024/06/04, 01:47:26.688, 10087873147213, vstest.console.dll, MulticastDelegateUtilities.SafeInvoke: InternalTestLoggerEvents.SendTestResult: Invoking callback 1/1 for Microsoft.VisualStudio.TestPlatform.CommandLine.Internal.ConsoleLogger., took 0 ms.
TpTrace Verbose: 0 : 13672, 4, 2024/06/04, 01:47:26.688, 10087873148016, vstest.console.dll, MulticastDelegateUtilities.SafeInvoke: InternalTestLoggerEvents.SendTestResult: Invoking callback 1/1 for Microsoft.VisualStudio.TestPlatform.CommandLine.Internal.ConsoleLogger., took 0 ms.
TpTrace Verbose: 0 : 13672, 4, 2024/06/04, 01:47:26.688, 10087873148576, vstest.console.dll, MulticastDelegateUtilities.SafeInvoke: InternalTestLoggerEvents.SendTestResult: Invoking callback 1/1 for Microsoft.VisualStudio.TestPlatform.CommandLine.Internal.ConsoleLogger., took 0 ms.
TpTrace Verbose: 0 : 13672, 4, 2024/06/04, 01:47:26.689, 10087873149118, vstest.console.dll, MulticastDelegateUtilities.SafeInvoke: InternalTestLoggerEvents.SendTestResult: Invoking callback 1/1 for Microsoft.VisualStudio.TestPlatform.CommandLine.Internal.ConsoleLogger., took 0 ms.
TpTrace Verbose: 0 : 13672, 4, 2024/06/04, 01:47:26.689, 10087873149613, vstest.console.dll, MulticastDelegateUtilities.SafeInvoke: InternalTestLoggerEvents.SendTestResult: Invoking callback 1/1 for Microsoft.VisualStudio.TestPlatform.CommandLine.Internal.ConsoleLogger., took 0 ms.
TpTrace Verbose: 0 : 13672, 4, 2024/06/04, 01:47:26.689, 10087873150408, vstest.console.dll, MulticastDelegateUtilities.SafeInvoke: InternalTestLoggerEvents.SendTestResult: Invoking callback 1/1 for Microsoft.VisualStudio.TestPlatform.CommandLine.Internal.ConsoleLogger., took 0 ms.
TpTrace Verbose: 0 : 13672, 4, 2024/06/04, 01:47:26.689, 10087873150975, vstest.console.dll, MulticastDelegateUtilities.SafeInvoke: InternalTestLoggerEvents.SendTestResult: Invoking callback 1/1 for Microsoft.VisualStudio.TestPlatform.CommandLine.Internal.ConsoleLogger., took 0 ms.
TpTrace Verbose: 0 : 13672, 4, 2024/06/04, 01:47:26.689, 10087873151489, vstest.console.dll, MulticastDelegateUtilities.SafeInvoke: InternalTestLoggerEvents.SendTestResult: Invoking callback 1/1 for Microsoft.VisualStudio.TestPlatform.CommandLine.Internal.ConsoleLogger., took 0 ms.
TpTrace Verbose: 0 : 13672, 7, 2024/06/04, 01:47:26.962, 10087875880947, vstest.console.dll, TcpClientExtensions.MessageLoopAsync: NotifyDataAvailable remoteEndPoint: 127.0.0.1:55720 localEndPoint: 127.0.0.1:55719
TpTrace Verbose: 0 : 13672, 7, 2024/06/04, 01:47:26.962, 10087875883244, vstest.console.dll, TestRequestSender.OnExecutionMessageReceived: Received message: {"Version":7,"MessageType":"TestSession.Message","Payload":{"MessageLevel":0,"Message":"NUnit Adapter 4.4.0.0: Test execution complete"}}
TpTrace Verbose: 0 : 13672, 7, 2024/06/04, 01:47:26.962, 10087875885107, vstest.console.dll, TestRunRequest:SendTestRunMessage: Starting.
TpTrace Verbose: 0 : 13672, 7, 2024/06/04, 01:47:26.962, 10087875886465, vstest.console.dll, MulticastDelegateUtilities.SafeInvoke: TestRun.LogMessages: Invoking callback 1/1 for Microsoft.VisualStudio.TestPlatform.CommandLine.TestRunResultAggregator., took 0 ms.
TpTrace Information: 0 : 13672, 7, 2024/06/04, 01:47:26.962, 10087875886957, vstest.console.dll, TestRunRequest:SendTestRunMessage: Completed.
TpTrace Verbose: 0 : 13672, 4, 2024/06/04, 01:47:26.962, 10087875886709, vstest.console.dll, MulticastDelegateUtilities.SafeInvoke: InternalTestLoggerEvents.SendTestRunMessage: Invoking callback 1/1 for Microsoft.VisualStudio.TestPlatform.CommandLine.Internal.ConsoleLogger., took 0 ms.
TpTrace Verbose: 0 : 13672, 7, 2024/06/04, 01:47:26.962, 10087875887408, vstest.console.dll, MulticastDelegateUtilities.SafeInvoke: LengthPrefixCommunicationChannel: MessageReceived: Invoking callback 1/1 for Microsoft.VisualStudio.TestPlatform.CommunicationUtilities.TestRequestSender+<>c__DisplayClass34_0., took 0 ms.
TpTrace Verbose: 0 : 13672, 7, 2024/06/04, 01:47:26.963, 10087875889119, vstest.console.dll, TcpClientExtensions.MessageLoopAsync: Polling on remoteEndPoint: 127.0.0.1:55720 localEndPoint: 127.0.0.1:55719 after 277 ms
TpTrace Verbose: 0 : 13672, 7, 2024/06/04, 01:47:26.981, 10087876077313, vstest.console.dll, TcpClientExtensions.MessageLoopAsync: NotifyDataAvailable remoteEndPoint: 127.0.0.1:55720 localEndPoint: 127.0.0.1:55719
TpTrace Verbose: 0 : 13672, 7, 2024/06/04, 01:47:26.982, 10087876080717, vstest.console.dll, TestRequestSender.OnExecutionMessageReceived: Received message: {"Version":7,"MessageType":"TestExecution.Completed","Payload":{"TestRunCompleteArgs":{"TestRunStatistics":{"ExecutedTests":16,"Stats":{"Passed":16}},"IsCanceled":false,"IsAborted":false,"Error":null,"AttachmentSets":[],"InvokedDataCollectors":[],"ElapsedTimeInRunningTests":"00:00:02.9793881","Metrics":{},"DiscoveredExtensions":{"TestDiscoverers":["NUnit.VisualStudio.TestAdapter.NUnit3TestDiscoverer, NUnit3.TestAdapter, Version=4.4.0.0, Culture=neutral, PublicKeyToken=4cb40d35494691ac"],"TestExecutors":["executor://NUnit3TestExecutor"],"TestExecutors2":[],"TestSettingsProviders":[]}},"LastRunTests":{"NewTestResults":[{"TestCase":{"Id":"961834b1-bb41-88a6-7eca-7fd26999624a","FullyQualifiedName":"LibraryManagemenTest.CartServicesTest.AddItemsToCartOutofStock","DisplayName":"AddItemsToCartOutofStock","ExecutorUri":"executor://NUnit3TestExecutor","Source":"C:\\MyPersonalFiles\\GensparkTraining\\MiniProject\\MiniProjectAppSolution\\LibraryManagemenTest\\bin\\Debug\\net6.0\\fine-code-coverage\\build-output\\LibraryManagemenTest.dll","CodeFilePath":null,"LineNumber":0,"Properties":[{"Key":{"Id":"NUnit.Seed","Label":"Seed","Category":"","Description":"","Attributes":0,"ValueType":"System.String"},"Value":"545057676"}]},"Attachments":[],"Outcome":1,"ErrorMessage":null,"ErrorStackTrace":null,"DisplayName":"AddItemsToCartOutofStock","Messages":[],"ComputerName":"4N8CBX3","Duration":"00:00:00.0314199","StartTime":"2024-06-03T20:17:26.6613017+00:00","EndTime":"2024-06-03T20:17:26.6927211+00:00","Properties":[{"Key":{"Id":"NUnit.Seed","Label":"Seed","Category":"","Description":"","Attributes":0,"ValueType":"System.String"},"Value":"545057676"}]},{"TestCase":{"Id":"2e81def4-207d-a979-9cc4-3e22db5cc5a7","FullyQualifiedName":"LibraryManagemenTest.CartServicesTest.AddItemsToCartUserIdFail","DisplayName":"AddItemsToCartUserIdFail","ExecutorUri":"executor://NUnit3TestExecutor","Source":"C:\\MyPersonalFiles\\GensparkTraining\\MiniProject\\MiniProjectAppSolution\\LibraryManagemenTest\\bin\\Debug\\net6.0\\fine-code-coverage\\build-output\\LibraryManagemenTest.dll","CodeFilePath":null,"LineNumber":0,"Properties":[{"Key":{"Id":"NUnit.Seed","Label":"Seed","Category":"","Description":"","Attributes":0,"ValueType":"System.String"},"Value":"1139592467"}]},"Attachments":[],"Outcome":1,"ErrorMessage":null,"ErrorStackTrace":null,"DisplayName":"AddItemsToCartUserIdFail","Messages":[],"ComputerName":"4N8CBX3","Duration":"00:00:00.0364270","StartTime":"2024-06-03T20:17:26.6927656+00:00","EndTime":"2024-06-03T20:17:26.7291919+00:00","Properties":[{"Key":{"Id":"NUnit.Seed","Label":"Seed","Category":"","Description":"","Attributes":0,"ValueType":"System.String"},"Value":"1139592467"}]},{"TestCase":{"Id":"4b1b5d06-756e-407f-de5c-fb5b28b12b77","FullyQualifiedName":"LibraryManagemenTest.CartServicesTest.CheckoutCart","DisplayName":"CheckoutCart","ExecutorUri":"executor://NUnit3TestExecutor","Source":"C:\\MyPersonalFiles\\GensparkTraining\\MiniProject\\MiniProjectAppSolution\\LibraryManagemenTest\\bin\\Debug\\net6.0\\fine-code-coverage\\build-output\\LibraryManagemenTest.dll","CodeFilePath":null,"LineNumber":0,"Properties":[{"Key":{"Id":"NUnit.Seed","Label":"Seed","Category":"","Description":"","Attributes":0,"ValueType":"System.String"},"Value":"1510499934"}]},"Attachments":[],"Outcome":1,"ErrorMessage":null,"ErrorStackTrace":null,"DisplayName":"CheckoutCart","Messages":[],"ComputerName":"4N8CBX3","Duration":"00:00:00.0812590","StartTime":"2024-06-03T20:17:26.7292909+00:00","EndTime":"2024-06-03T20:17:26.8105501+00:00","Properties":[{"Key":{"Id":"NUnit.Seed","Label":"Seed","Category":"","Description":"","Attributes":0,"ValueType":"System.String"},"Value":"1510499934"}]},{"TestCase":{"Id":"61d2d3ce-1529-a2d3-6b58-cdec98efbdf5","FullyQualifiedName":"LibraryManagemenTest.CartServicesTest.CheckoutCartEmptyCartFail","DisplayName":"CheckoutCartEmptyCartFail","ExecutorUri":"executor://NUnit3TestExecutor","Source":"C:\\MyPersonalFiles\\GensparkTraining\\MiniProject\\MiniProjectAppSolution\\LibraryManagemenTest\\bin\\Debug\\net6.0\\fine-code-coverage\\build-output\\LibraryManagemenTest.dll","CodeFilePath":null,"LineNumber":0,"Properties":[{"Key":{"Id":"NUnit.Seed","Label":"Seed","Category":"","Description":"","Attributes":0,"ValueType":"System.String"},"Value":"795913132"}]},"Attachments":[],"Outcome":1,"ErrorMessage":null,"ErrorStackTrace":null,"DisplayName":"CheckoutCartEmptyCartFail","Messages":[],"ComputerName":"4N8CBX3","Duration":"00:00:00.0341460","StartTime":"2024-06-03T20:17:26.8105785+00:00","EndTime":"2024-06-03T20:17:26.8447234+00:00","Properties":[{"Key":{"Id":"NUnit.Seed","Label":"Seed","Category":"","Description":"","Attributes":0,"ValueType":"System.String"},"Value":"795913132"}]},{"TestCase":{"Id":"c3504001-a067-b6d2-54f3-9f51347ddb51","FullyQualifiedName":"LibraryManagemenTest.CartServicesTest.RemoveItemFromCart","DisplayName":"RemoveItemFromCart","ExecutorUri":"executor://NUnit3TestExecutor","Source":"C:\\MyPersonalFiles\\GensparkTraining\\MiniProject\\MiniProjectAppSolution\\LibraryManagemenTest\\bin\\Debug\\net6.0\\fine-code-coverage\\build-output\\LibraryManagemenTest.dll","CodeFilePath":null,"LineNumber":0,"Properties":[{"Key":{"Id":"NUnit.Seed","Label":"Seed","Category":"","Description":"","Attributes":0,"ValueType":"System.String"},"Value":"882701570"}]},"Attachments":[],"Outcome":1,"ErrorMessage":null,"ErrorStackTrace":null,"DisplayName":"RemoveItemFromCart","Messages":[],"ComputerName":"4N8CBX3","Duration":"00:00:00.0345530","StartTime":"2024-06-03T20:17:26.8447591+00:00","EndTime":"2024-06-03T20:17:26.8793124+00:00","Properties":[{"Key":{"Id":"NUnit.Seed","Label":"Seed","Category":"","Description":"","Attributes":0,"ValueType":"System.String"},"Value":"882701570"}]},{"TestCase":{"Id":"67734a0c-f12f-9f30-8abe-5e80cfcb6cdd","FullyQualifiedName":"LibraryManagemenTest.CartServicesTest.RemoveItemFromCartFail","DisplayName":"RemoveItemFromCartFail","ExecutorUri":"executor://NUnit3TestExecutor","Source":"C:\\MyPersonalFiles\\GensparkTraining\\MiniProject\\MiniProjectAppSolution\\LibraryManagemenTest\\bin\\Debug\\net6.0\\fine-code-coverage\\build-output\\LibraryManagemenTest.dll","CodeFilePath":null,"LineNumber":0,"Properties":[{"Key":{"Id":"NUnit.Seed","Label":"Seed","Category":"","Description":"","Attributes":0,"ValueType":"System.String"},"Value":"112492870"}]},"Attachments":[],"Outcome":1,"ErrorMessage":null,"ErrorStackTrace":null,"DisplayName":"RemoveItemFromCartFail","Messages":[],"ComputerName":"4N8CBX3","Duration":"00:00:00.0357320","StartTime":"2024-06-03T20:17:26.8793443+00:00","EndTime":"2024-06-03T20:17:26.9150759+00:00","Properties":[{"Key":{"Id":"NUnit.Seed","Label":"Seed","Category":"","Description":"","Attributes":0,"ValueType":"System.String"},"Value":"112492870"}]},{"TestCase":{"Id":"63329459-0a73-6a19-99ed-af3b77a82170","FullyQualifiedName":"LibraryManagemenTest.CartServicesTest.UpdateCartItemQuantity","DisplayName":"UpdateCartItemQuantity","ExecutorUri":"executor://NUnit3TestExecutor","Source":"C:\\MyPersonalFiles\\GensparkTraining\\MiniProject\\MiniProjectAppSolution\\LibraryManagemenTest\\bin\\Debug\\net6.0\\fine-code-coverage\\build-output\\LibraryManagemenTest.dll","CodeFilePath":null,"LineNumber":0,"Properties":[{"Key":{"Id":"NUnit.Seed","Label":"Seed","Category":"","Description":"","Attributes":0,"ValueType":"System.String"},"Value":"1401898578"}]},"Attachments":[],"Outcome":1,"ErrorMessage":null,"ErrorStackTrace":null,"DisplayName":"UpdateCartItemQuantity","Messages":[],"ComputerName":"4N8CBX3","Duration":"00:00:00.0392220","StartTime":"2024-06-03T20:17:26.9151252+00:00","EndTime":"2024-06-03T20:17:26.9543467+00:00","Properties":[{"Key":{"Id":"NUnit.Seed","Label":"Seed","Category":"","Description":"","Attributes":0,"ValueType":"System.String"},"Value":"1401898578"}]}],"TestRunStatistics":{"ExecutedTests":16,"Stats":{"Passed":16}},"ActiveTests":[]},"RunAttachments":[],"ExecutorUris":["executor://nunit3testexecutor/"]}}
TpTrace Verbose: 0 : 13672, 7, 2024/06/04, 01:47:26.982, 10087876082364, vstest.console.dll, TestRequestSender.EndSession: Sending end session.
TpTrace Verbose: 0 : 13672, 7, 2024/06/04, 01:47:26.982, 10087876084608, vstest.console.dll, ProxyOperationManager.Close: waiting for test host to exit for 100 ms
TpTrace Verbose: 0 : 13672, 12, 2024/06/04, 01:47:27.012, 10087876382252, vstest.console.dll, TestHostManagerCallbacks.ctor: Experimental forwarding output is disabled.
TpTrace Warning: 0 : 13672, 12, 2024/06/04, 01:47:27.012, 10087876383660, vstest.console.dll, TestHostManagerCallbacks.ErrorReceivedCallback Test host standard error line: 
TpTrace Verbose: 0 : 13672, 12, 2024/06/04, 01:47:27.026, 10087876524213, vstest.console.dll, TestHostProvider.ExitCallBack: Host exited starting callback.
TpTrace Information: 0 : 13672, 12, 2024/06/04, 01:47:27.026, 10087876525959, vstest.console.dll, TestHostManagerCallbacks.ExitCallBack: Testhost processId: 22516 exited with exitcode: 0 error: ''
TpTrace Verbose: 0 : 13672, 12, 2024/06/04, 01:47:27.026, 10087876526408, vstest.console.dll, DotnetTestHostManager.OnHostExited: invoking OnHostExited callback
TpTrace Verbose: 0 : 13672, 12, 2024/06/04, 01:47:27.026, 10087876526944, vstest.console.dll, CrossPlatEngine.TestHostManagerHostExited: calling on client process exit callback.
TpTrace Information: 0 : 13672, 12, 2024/06/04, 01:47:27.026, 10087876527461, vstest.console.dll, TestRequestSender.OnClientProcessExit: Test host process exited. Standard error: 
TpTrace Information: 0 : 13672, 12, 2024/06/04, 01:47:27.026, 10087876527869, vstest.console.dll, SocketServer.Stop: Stop server endPoint: 127.0.0.1:55719
TpTrace Information: 0 : 13672, 12, 2024/06/04, 01:47:27.026, 10087876528169, vstest.console.dll, SocketServer.Stop: Cancellation requested. Stopping message loop.
TpTrace Verbose: 0 : 13672, 12, 2024/06/04, 01:47:27.027, 10087876529053, vstest.console.dll, MulticastDelegateUtilities.SafeInvoke: HostProviderEvents.OnHostExited: Invoking callback 1/1 for Microsoft.VisualStudio.TestPlatform.CrossPlatEngine.Client.ProxyOperationManager., took 0 ms.
TpTrace Information: 0 : 13672, 7, 2024/06/04, 01:47:27.027, 10087876530214, vstest.console.dll, SocketServer.Stop: Stop server endPoint: 127.0.0.1:55719
TpTrace Information: 0 : 13672, 7, 2024/06/04, 01:47:27.027, 10087876530881, vstest.console.dll, SocketServer.Stop: Cancellation requested. Stopping message loop.
TpTrace Information: 0 : 13672, 7, 2024/06/04, 01:47:27.027, 10087876531379, vstest.console.dll, Closing the connection
TpTrace Verbose: 0 : 13672, 7, 2024/06/04, 01:47:27.027, 10087876533479, vstest.console.dll, ProxyDataCollectionManager.InvokeDataCollectionServiceAction: Starting.
TpTrace Information: 0 : 13672, 7, 2024/06/04, 01:47:27.027, 10087876533993, vstest.console.dll, ProxyDataCollectionManager.AfterTestRunEnd: Get attachment set and invoked data collectors processId: 42888 port: 55716
TpTrace Verbose: 0 : 13672, 7, 2024/06/04, 01:47:27.027, 10087876534538, vstest.console.dll, DataCollectionRequestSender.SendAfterTestRunStartAndGetResult: Send AfterTestRunEnd message with isCancelled: False
TpTrace Verbose: 0 : 13672, 7, 2024/06/04, 01:47:27.033, 10087876594389, vstest.console.dll, DataCollectionRequestSender.SendAfterTestRunStartAndGetResult: Received message: (DataCollection.AfterTestRunEndResult) -> {"MessageType":"DataCollection.AfterTestRunEndResult","Payload":{"AttachmentSets":[],"InvokedDataCollectors":[{"Uri":"datacollector://Microsoft/TestPlatform/Extensions/Blame/v1","FriendlyName":"Blame","AssemblyQualifiedName":"Microsoft.TestPlatform.Extensions.BlameDataCollector.BlameCollector, Microsoft.TestPlatform.Extensions.BlameDataCollector, Version=15.0.0.0, Culture=neutral, PublicKeyToken=b03f5f7f11d50a3a","FilePath":"C:\\Program Files\\dotnet\\sdk\\8.0.202\\Extensions\\Microsoft.TestPlatform.Extensions.BlameDataCollector.dll","HasAttachmentProcessor":false}],"Metrics":{}}}
TpTrace Information: 0 : 13672, 7, 2024/06/04, 01:47:27.038, 10087876645884, vstest.console.dll, ProxyDataCollectionManager.InvokeDataCollectionServiceAction: Completed.
TpTrace Warning: 0 : 13672, 10, 2024/06/04, 01:47:27.057, 10087876838461, vstest.console.dll, DataCollectionLauncher.ErrorReceivedCallback datacollector standard error line: 
TpTrace Information: 0 : 13672, 10, 2024/06/04, 01:47:27.064, 10087876904964, vstest.console.dll, DataCollectionLauncher.ExitCallBack: Data collector exited with exitcode: 0 error: ''
TpTrace Verbose: 0 : 13672, 7, 2024/06/04, 01:47:27.078, 10087877048105, vstest.console.dll, TestRunRequest:SendTestRunStatsChange: Starting.
TpTrace Verbose: 0 : 13672, 7, 2024/06/04, 01:47:27.079, 10087877049770, vstest.console.dll, MulticastDelegateUtilities.SafeInvoke: TestRun.RunStatsChanged: Invoking callbacks was skipped because there are no subscribers.
TpTrace Information: 0 : 13672, 7, 2024/06/04, 01:47:27.079, 10087877050232, vstest.console.dll, TestRunRequest:SendTestRunStatsChange: Completed.
TpTrace Verbose: 0 : 13672, 4, 2024/06/04, 01:47:27.079, 10087877051344, vstest.console.dll, MulticastDelegateUtilities.SafeInvoke: InternalTestLoggerEvents.SendTestResult: Invoking callback 1/1 for Microsoft.VisualStudio.TestPlatform.CommandLine.Internal.ConsoleLogger., took 0 ms.
TpTrace Verbose: 0 : 13672, 4, 2024/06/04, 01:47:27.079, 10087877052618, vstest.console.dll, MulticastDelegateUtilities.SafeInvoke: InternalTestLoggerEvents.SendTestResult: Invoking callback 1/1 for Microsoft.VisualStudio.TestPlatform.CommandLine.Internal.ConsoleLogger., took 0 ms.
TpTrace Verbose: 0 : 13672, 4, 2024/06/04, 01:47:27.079, 10087877053248, vstest.console.dll, MulticastDelegateUtilities.SafeInvoke: InternalTestLoggerEvents.SendTestResult: Invoking callback 1/1 for Microsoft.VisualStudio.TestPlatform.CommandLine.Internal.ConsoleLogger., took 0 ms.
TpTrace Verbose: 0 : 13672, 4, 2024/06/04, 01:47:27.079, 10087877053891, vstest.console.dll, MulticastDelegateUtilities.SafeInvoke: InternalTestLoggerEvents.SendTestResult: Invoking callback 1/1 for Microsoft.VisualStudio.TestPlatform.CommandLine.Internal.ConsoleLogger., took 0 ms.
TpTrace Verbose: 0 : 13672, 4, 2024/06/04, 01:47:27.079, 10087877054485, vstest.console.dll, MulticastDelegateUtilities.SafeInvoke: InternalTestLoggerEvents.SendTestResult: Invoking callback 1/1 for Microsoft.VisualStudio.TestPlatform.CommandLine.Internal.ConsoleLogger., took 0 ms.
TpTrace Verbose: 0 : 13672, 7, 2024/06/04, 01:47:27.079, 10087877053434, vstest.console.dll, ParallelProxyExecutionManager: HandlePartialRunComplete: Total workloads = 1, Total started clients = 1 Total completed clients = 1, Run complete = True, Run canceled: False.
TpTrace Verbose: 0 : 13672, 7, 2024/06/04, 01:47:27.079, 10087877056184, vstest.console.dll, ParallelProxyExecutionManager: HandlePartialRunComplete: All runs completed stopping all managers.
TpTrace Verbose: 0 : 13672, 4, 2024/06/04, 01:47:27.079, 10087877055043, vstest.console.dll, MulticastDelegateUtilities.SafeInvoke: InternalTestLoggerEvents.SendTestResult: Invoking callback 1/1 for Microsoft.VisualStudio.TestPlatform.CommandLine.Internal.ConsoleLogger., took 0 ms.
TpTrace Verbose: 0 : 13672, 4, 2024/06/04, 01:47:27.079, 10087877058417, vstest.console.dll, MulticastDelegateUtilities.SafeInvoke: InternalTestLoggerEvents.SendTestResult: Invoking callback 1/1 for Microsoft.VisualStudio.TestPlatform.CommandLine.Internal.ConsoleLogger., took 0 ms.
TpTrace Verbose: 0 : 13672, 7, 2024/06/04, 01:47:27.079, 10087877056881, vstest.console.dll, ParallelOperationManager.StopAllManagers: Stopping all managers.
TpTrace Verbose: 0 : 13672, 7, 2024/06/04, 01:47:27.080, 10087877059728, vstest.console.dll, ParallelOperationManager.ClearSlots: Clearing all slots. Slots should accept more work: False
TpTrace Verbose: 0 : 13672, 7, 2024/06/04, 01:47:27.080, 10087877060804, vstest.console.dll, ParallelOperationManager.SetOccupiedSlotCount: Setting slot counts AvailableSlotCount = 1, OccupiedSlotCount = 0.
TpTrace Verbose: 0 : 13672, 7, 2024/06/04, 01:47:27.080, 10087877061548, vstest.console.dll, Occupied slots:

TpTrace Verbose: 0 : 13672, 4, 2024/06/04, 01:47:27.090, 10087877159462, vstest.console.dll, MulticastDelegateUtilities.SafeInvoke: InternalTestLoggerEvents.SendTestRunComplete: Invoking callback 1/2 for Microsoft.TestPlatform.Extensions.BlameDataCollector.BlameLogger., took 0 ms.
TpTrace Verbose: 0 : 13672, 4, 2024/06/04, 01:47:27.096, 10087877223705, vstest.console.dll, MulticastDelegateUtilities.SafeInvoke: InternalTestLoggerEvents.SendTestRunComplete: Invoking callback 2/2 for Microsoft.VisualStudio.TestPlatform.CommandLine.Internal.ConsoleLogger., took 6 ms.
TpTrace Verbose: 0 : 13672, 7, 2024/06/04, 01:47:27.097, 10087877230992, vstest.console.dll, TestRunRequest:TestRunComplete: Starting. IsAborted:False IsCanceled:False.
TpTrace Verbose: 0 : 13672, 7, 2024/06/04, 01:47:27.097, 10087877234290, vstest.console.dll, ParallelOperationManager.DoActionOnAllManagers: Calling an action on all managers.
TpTrace Verbose: 0 : 13672, 7, 2024/06/04, 01:47:27.098, 10087877242988, vstest.console.dll, TestLoggerManager.HandleTestRunComplete: Ignoring as the object is disposed.
TpTrace Verbose: 0 : 13672, 7, 2024/06/04, 01:47:27.098, 10087877244977, vstest.console.dll, MulticastDelegateUtilities.SafeInvoke: TestRun.TestRunComplete: Invoking callback 1/2 for Microsoft.VisualStudio.TestPlatform.CommandLine.TestRunResultAggregator., took 0 ms.
TpTrace Verbose: 0 : 13672, 7, 2024/06/04, 01:47:27.098, 10087877246202, vstest.console.dll, MulticastDelegateUtilities.SafeInvoke: TestRun.TestRunComplete: Invoking callback 2/2 for Microsoft.VisualStudio.TestPlatform.CommandLine.Processors.RunTestsArgumentExecutor+TestRunRequestEventsRegistrar., took 0 ms.
TpTrace Information: 0 : 13672, 7, 2024/06/04, 01:47:27.098, 10087877247111, vstest.console.dll, TestRunRequest:TestRunComplete: Completed.
TpTrace Verbose: 0 : 13672, 7, 2024/06/04, 01:47:27.098, 10087877247518, vstest.console.dll, TestRequestSender.SetOperationComplete: Setting operation complete.
TpTrace Information: 0 : 13672, 7, 2024/06/04, 01:47:27.098, 10087877247856, vstest.console.dll, SocketServer.Stop: Stop server endPoint: 127.0.0.1:55719
TpTrace Information: 0 : 13672, 7, 2024/06/04, 01:47:27.098, 10087877248165, vstest.console.dll, SocketServer.Stop: Cancellation requested. Stopping message loop.
TpTrace Verbose: 0 : 13672, 7, 2024/06/04, 01:47:27.098, 10087877248542, vstest.console.dll, MulticastDelegateUtilities.SafeInvoke: LengthPrefixCommunicationChannel: MessageReceived: Invoking callback 1/1 for Microsoft.VisualStudio.TestPlatform.CommunicationUtilities.TestRequestSender+<>c__DisplayClass34_0., took 116 ms.
TpTrace Information: 0 : 13672, 7, 2024/06/04, 01:47:27.099, 10087877249506, vstest.console.dll, SocketServer.PrivateStop: Stopping server endPoint: 127.0.0.1:55719 error: 
TpTrace Verbose: 0 : 13672, 1, 2024/06/04, 01:47:27.098, 10087877248207, vstest.console.dll, TestRunRequest.Dispose: Starting.
TpTrace Information: 0 : 13672, 1, 2024/06/04, 01:47:27.099, 10087877250853, vstest.console.dll, TestRunRequest.Dispose: Completed.
TpTrace Information: 0 : 13672, 1, 2024/06/04, 01:47:27.099, 10087877251457, vstest.console.dll, TestRequestManager.RunTests: run tests completed.
TpTrace Information: 0 : 13672, 1, 2024/06/04, 01:47:27.099, 10087877252455, vstest.console.dll, RunTestsArgumentProcessor:Execute: Test run is completed.
TpTrace Verbose: 0 : 13672, 7, 2024/06/04, 01:47:27.099, 10087877253580, vstest.console.dll, LengthPrefixCommunicationChannel.Dispose: Dispose reader and writer.
TpTrace Information: 0 : 13672, 7, 2024/06/04, 01:47:27.099, 10087877254521, vstest.console.dll, SocketServer.Stop: Raise disconnected event endPoint: 127.0.0.1:55719 error: 
TpTrace Verbose: 0 : 13672, 1, 2024/06/04, 01:47:27.099, 10087877255159, vstest.console.dll, Executor.Execute: Exiting with exit code of 0
TpTrace Verbose: 0 : 13672, 7, 2024/06/04, 01:47:27.099, 10087877255365, vstest.console.dll, TestRequestSender: OnTestRunAbort: Operation is already complete. Skip error message.
TpTrace Verbose: 0 : 13672, 7, 2024/06/04, 01:47:27.099, 10087877256324, vstest.console.dll, MulticastDelegateUtilities.SafeInvoke: SocketServer: ClientDisconnected: Invoking callback 1/1 for Microsoft.VisualStudio.TestPlatform.CommunicationUtilities.TestRequestSender., took 0 ms.
TpTrace Verbose: 0 : 13672, 7, 2024/06/04, 01:47:27.099, 10087877257132, vstest.console.dll, TcpClientExtensions.MessageLoopAsync: exiting MessageLoopAsync remoteEndPoint: 127.0.0.1:55720 localEndPoint: 127.0.0.1:55719
