<?xml version="1.0" encoding="utf-8"?>
<coverage line-rate="0.2594" branch-rate="0.1304" version="1.9" timestamp="1717445847" lines-covered="579" lines-valid="2232" branches-covered="36" branches-valid="276">
  <sources>
    <source>C:\</source>
  </sources>
  <packages>
    <package name="LibraryManagemenTest" line-rate="0.9477" branch-rate="1" complexity="29">
      <classes>
        <class name="AutoGeneratedProgram" filename="Users\VC\.nuget\packages\microsoft.net.test.sdk\17.5.0\build\netcoreapp3.1\Microsoft.NET.Test.Sdk.Program.cs" line-rate="0" branch-rate="1" complexity="1">
          <methods>
            <method name="Main" signature="(System.String[])" line-rate="0" branch-rate="1" complexity="1">
              <lines>
                <line number="4" hits="0" branch="False" />
              </lines>
            </method>
          </methods>
          <lines>
            <line number="4" hits="0" branch="False" />
          </lines>
        </class>
        <class name="LibraryManagemenTest.BaseSetup" filename="MyPersonalFiles\GensparkTraining\MiniProject\MiniProjectAppSolution\LibraryManagemenTest\BaseSetup.cs" line-rate="1" branch-rate="1" complexity="1">
          <methods>
            <method name="TearDown" signature="()" line-rate="1" branch-rate="1" complexity="1">
              <lines>
                <line number="120" hits="16" branch="False" />
                <line number="121" hits="16" branch="False" />
                <line number="122" hits="16" branch="False" />
                <line number="123" hits="16" branch="False" />
              </lines>
            </method>
          </methods>
          <lines>
            <line number="120" hits="16" branch="False" />
            <line number="121" hits="16" branch="False" />
            <line number="122" hits="16" branch="False" />
            <line number="123" hits="16" branch="False" />
          </lines>
        </class>
        <class name="LibraryManagemenTest.BaseSetup/&lt;Setup&gt;d__21" filename="MyPersonalFiles\GensparkTraining\MiniProject\MiniProjectAppSolution\LibraryManagemenTest\BaseSetup.cs" line-rate="1" branch-rate="1" complexity="1">
          <methods>
            <method name="MoveNext" signature="()" line-rate="1" branch-rate="1" complexity="1">
              <lines>
                <line number="54" hits="16" branch="False" />
                <line number="56" hits="16" branch="False" />
                <line number="57" hits="16" branch="False" />
                <line number="58" hits="16" branch="False" />
                <line number="60" hits="16" branch="False" />
                <line number="62" hits="16" branch="False" />
                <line number="63" hits="16" branch="False" />
                <line number="64" hits="16" branch="False" />
                <line number="67" hits="16" branch="False" />
                <line number="68" hits="16" branch="False" />
                <line number="69" hits="16" branch="False" />
                <line number="70" hits="16" branch="False" />
                <line number="71" hits="16" branch="False" />
                <line number="72" hits="16" branch="False" />
                <line number="79" hits="16" branch="False" />
                <line number="80" hits="16" branch="False" />
                <line number="82" hits="16" branch="False" />
                <line number="83" hits="16" branch="False" />
                <line number="84" hits="16" branch="False" />
                <line number="85" hits="16" branch="False" />
                <line number="86" hits="16" branch="False" />
                <line number="87" hits="16" branch="False" />
                <line number="88" hits="16" branch="False" />
                <line number="89" hits="16" branch="False" />
                <line number="90" hits="16" branch="False" />
                <line number="91" hits="16" branch="False" />
                <line number="92" hits="16" branch="False" />
                <line number="93" hits="16" branch="False" />
                <line number="94" hits="16" branch="False" />
                <line number="95" hits="16" branch="False" />
                <line number="99" hits="16" branch="False" />
                <line number="101" hits="16" branch="False" />
                <line number="102" hits="16" branch="False" />
                <line number="105" hits="16" branch="False" />
                <line number="107" hits="16" branch="False" />
                <line number="113" hits="16" branch="False" />
              </lines>
            </method>
          </methods>
          <lines>
            <line number="54" hits="16" branch="False" />
            <line number="56" hits="16" branch="False" />
            <line number="57" hits="16" branch="False" />
            <line number="58" hits="16" branch="False" />
            <line number="60" hits="16" branch="False" />
            <line number="62" hits="16" branch="False" />
            <line number="63" hits="16" branch="False" />
            <line number="64" hits="16" branch="False" />
            <line number="67" hits="16" branch="False" />
            <line number="68" hits="16" branch="False" />
            <line number="69" hits="16" branch="False" />
            <line number="70" hits="16" branch="False" />
            <line number="71" hits="16" branch="False" />
            <line number="72" hits="16" branch="False" />
            <line number="79" hits="16" branch="False" />
            <line number="80" hits="16" branch="False" />
            <line number="82" hits="16" branch="False" />
            <line number="83" hits="16" branch="False" />
            <line number="84" hits="16" branch="False" />
            <line number="85" hits="16" branch="False" />
            <line number="86" hits="16" branch="False" />
            <line number="87" hits="16" branch="False" />
            <line number="88" hits="16" branch="False" />
            <line number="89" hits="16" branch="False" />
            <line number="90" hits="16" branch="False" />
            <line number="91" hits="16" branch="False" />
            <line number="92" hits="16" branch="False" />
            <line number="93" hits="16" branch="False" />
            <line number="94" hits="16" branch="False" />
            <line number="95" hits="16" branch="False" />
            <line number="99" hits="16" branch="False" />
            <line number="101" hits="16" branch="False" />
            <line number="102" hits="16" branch="False" />
            <line number="105" hits="16" branch="False" />
            <line number="107" hits="16" branch="False" />
            <line number="113" hits="16" branch="False" />
          </lines>
        </class>
        <class name="LibraryManagemenTest.BookServicesTest" filename="MyPersonalFiles\GensparkTraining\MiniProject\MiniProjectAppSolution\LibraryManagemenTest\BookServicesTest.cs" line-rate="1" branch-rate="1" complexity="1">
          <methods>
            <method name="Setup" signature="()" line-rate="1" branch-rate="1" complexity="1">
              <lines>
                <line number="12" hits="7" branch="False" />
                <line number="13" hits="7" branch="False" />
              </lines>
            </method>
          </methods>
          <lines>
            <line number="12" hits="7" branch="False" />
            <line number="13" hits="7" branch="False" />
          </lines>
        </class>
        <class name="LibraryManagemenTest.BookServicesTest/&lt;&lt;GetFeedbackEmptyListFail&gt;b__7_0&gt;d" filename="MyPersonalFiles\GensparkTraining\MiniProject\MiniProjectAppSolution\LibraryManagemenTest\BookServicesTest.cs" line-rate="1" branch-rate="1" complexity="1">
          <methods>
            <method name="MoveNext" signature="()" line-rate="1" branch-rate="1" complexity="1">
              <lines>
                <line number="105" hits="2" branch="False" />
              </lines>
            </method>
          </methods>
          <lines>
            <line number="105" hits="2" branch="False" />
          </lines>
        </class>
        <class name="LibraryManagemenTest.BookServicesTest/&lt;&lt;GetFeedbackFail&gt;b__6_0&gt;d" filename="MyPersonalFiles\GensparkTraining\MiniProject\MiniProjectAppSolution\LibraryManagemenTest\BookServicesTest.cs" line-rate="1" branch-rate="1" complexity="1">
          <methods>
            <method name="MoveNext" signature="()" line-rate="1" branch-rate="1" complexity="1">
              <lines>
                <line number="86" hits="2" branch="False" />
              </lines>
            </method>
          </methods>
          <lines>
            <line number="86" hits="2" branch="False" />
          </lines>
        </class>
        <class name="LibraryManagemenTest.BookServicesTest/&lt;&gt;c__DisplayClass3_0/&lt;&lt;GiveFeedbackUserIdFail&gt;b__0&gt;d" filename="MyPersonalFiles\GensparkTraining\MiniProject\MiniProjectAppSolution\LibraryManagemenTest\BookServicesTest.cs" line-rate="1" branch-rate="1" complexity="1">
          <methods>
            <method name="MoveNext" signature="()" line-rate="1" branch-rate="1" complexity="1">
              <lines>
                <line number="38" hits="2" branch="False" />
              </lines>
            </method>
          </methods>
          <lines>
            <line number="38" hits="2" branch="False" />
          </lines>
        </class>
        <class name="LibraryManagemenTest.BookServicesTest/&lt;&gt;c__DisplayClass4_0/&lt;&lt;GiveFeedbackBookIdFail&gt;b__0&gt;d" filename="MyPersonalFiles\GensparkTraining\MiniProject\MiniProjectAppSolution\LibraryManagemenTest\BookServicesTest.cs" line-rate="1" branch-rate="1" complexity="1">
          <methods>
            <method name="MoveNext" signature="()" line-rate="1" branch-rate="1" complexity="1">
              <lines>
                <line number="48" hits="2" branch="False" />
              </lines>
            </method>
          </methods>
          <lines>
            <line number="48" hits="2" branch="False" />
          </lines>
        </class>
        <class name="LibraryManagemenTest.BookServicesTest/&lt;GetFeedback&gt;d__5" filename="MyPersonalFiles\GensparkTraining\MiniProject\MiniProjectAppSolution\LibraryManagemenTest\BookServicesTest.cs" line-rate="0.9" branch-rate="1" complexity="1">
          <methods>
            <method name="MoveNext" signature="()" line-rate="0.9" branch-rate="1" complexity="1">
              <lines>
                <line number="55" hits="1" branch="False" />
                <line number="56" hits="1" branch="False" />
                <line number="57" hits="1" branch="False" />
                <line number="60" hits="1" branch="False" />
                <line number="61" hits="1" branch="False" />
                <line number="65" hits="1" branch="False" />
                <line number="66" hits="1" branch="False" />
                <line number="67" hits="1" branch="False" />
                <line number="68" hits="1" branch="False" />
                <line number="70" hits="0" branch="False" />
              </lines>
            </method>
          </methods>
          <lines>
            <line number="55" hits="1" branch="False" />
            <line number="56" hits="1" branch="False" />
            <line number="57" hits="1" branch="False" />
            <line number="60" hits="1" branch="False" />
            <line number="61" hits="1" branch="False" />
            <line number="65" hits="1" branch="False" />
            <line number="66" hits="1" branch="False" />
            <line number="67" hits="1" branch="False" />
            <line number="68" hits="1" branch="False" />
            <line number="70" hits="0" branch="False" />
          </lines>
        </class>
        <class name="LibraryManagemenTest.BookServicesTest/&lt;GetFeedbackEmptyListFail&gt;d__7" filename="MyPersonalFiles\GensparkTraining\MiniProject\MiniProjectAppSolution\LibraryManagemenTest\BookServicesTest.cs" line-rate="1" branch-rate="1" complexity="1">
          <methods>
            <method name="MoveNext" signature="()" line-rate="1" branch-rate="1" complexity="1">
              <lines>
                <line number="93" hits="1" branch="False" />
                <line number="94" hits="1" branch="False" />
                <line number="95" hits="1" branch="False" />
                <line number="98" hits="1" branch="False" />
                <line number="99" hits="1" branch="False" />
                <line number="106" hits="1" branch="False" />
                <line number="108" hits="1" branch="False" />
              </lines>
            </method>
          </methods>
          <lines>
            <line number="93" hits="1" branch="False" />
            <line number="94" hits="1" branch="False" />
            <line number="95" hits="1" branch="False" />
            <line number="98" hits="1" branch="False" />
            <line number="99" hits="1" branch="False" />
            <line number="106" hits="1" branch="False" />
            <line number="108" hits="1" branch="False" />
          </lines>
        </class>
        <class name="LibraryManagemenTest.BookServicesTest/&lt;GetFeedbackFail&gt;d__6" filename="MyPersonalFiles\GensparkTraining\MiniProject\MiniProjectAppSolution\LibraryManagemenTest\BookServicesTest.cs" line-rate="1" branch-rate="1" complexity="1">
          <methods>
            <method name="MoveNext" signature="()" line-rate="1" branch-rate="1" complexity="1">
              <lines>
                <line number="74" hits="1" branch="False" />
                <line number="75" hits="1" branch="False" />
                <line number="76" hits="1" branch="False" />
                <line number="79" hits="1" branch="False" />
                <line number="80" hits="1" branch="False" />
                <line number="87" hits="1" branch="False" />
                <line number="89" hits="1" branch="False" />
              </lines>
            </method>
          </methods>
          <lines>
            <line number="74" hits="1" branch="False" />
            <line number="75" hits="1" branch="False" />
            <line number="76" hits="1" branch="False" />
            <line number="79" hits="1" branch="False" />
            <line number="80" hits="1" branch="False" />
            <line number="87" hits="1" branch="False" />
            <line number="89" hits="1" branch="False" />
          </lines>
        </class>
        <class name="LibraryManagemenTest.BookServicesTest/&lt;GiveFeedback&gt;d__2" filename="MyPersonalFiles\GensparkTraining\MiniProject\MiniProjectAppSolution\LibraryManagemenTest\BookServicesTest.cs" line-rate="1" branch-rate="1" complexity="1">
          <methods>
            <method name="MoveNext" signature="()" line-rate="1" branch-rate="1" complexity="1">
              <lines>
                <line number="26" hits="1" branch="False" />
                <line number="27" hits="1" branch="False" />
                <line number="28" hits="1" branch="False" />
                <line number="29" hits="1" branch="False" />
                <line number="31" hits="1" branch="False" />
              </lines>
            </method>
          </methods>
          <lines>
            <line number="26" hits="1" branch="False" />
            <line number="27" hits="1" branch="False" />
            <line number="28" hits="1" branch="False" />
            <line number="29" hits="1" branch="False" />
            <line number="31" hits="1" branch="False" />
          </lines>
        </class>
        <class name="LibraryManagemenTest.BookServicesTest/&lt;GiveFeedbackBookIdFail&gt;d__4" filename="MyPersonalFiles\GensparkTraining\MiniProject\MiniProjectAppSolution\LibraryManagemenTest\BookServicesTest.cs" line-rate="1" branch-rate="1" complexity="1">
          <methods>
            <method name="MoveNext" signature="()" line-rate="1" branch-rate="1" complexity="1">
              <lines>
                <line number="45" hits="1" branch="False" />
                <line number="46" hits="1" branch="False" />
                <line number="49" hits="1" branch="False" />
                <line number="51" hits="1" branch="False" />
              </lines>
            </method>
          </methods>
          <lines>
            <line number="45" hits="1" branch="False" />
            <line number="46" hits="1" branch="False" />
            <line number="49" hits="1" branch="False" />
            <line number="51" hits="1" branch="False" />
          </lines>
        </class>
        <class name="LibraryManagemenTest.BookServicesTest/&lt;GiveFeedbackUserIdFail&gt;d__3" filename="MyPersonalFiles\GensparkTraining\MiniProject\MiniProjectAppSolution\LibraryManagemenTest\BookServicesTest.cs" line-rate="1" branch-rate="1" complexity="1">
          <methods>
            <method name="MoveNext" signature="()" line-rate="1" branch-rate="1" complexity="1">
              <lines>
                <line number="35" hits="1" branch="False" />
                <line number="36" hits="1" branch="False" />
                <line number="39" hits="1" branch="False" />
                <line number="41" hits="1" branch="False" />
              </lines>
            </method>
          </methods>
          <lines>
            <line number="35" hits="1" branch="False" />
            <line number="36" hits="1" branch="False" />
            <line number="39" hits="1" branch="False" />
            <line number="41" hits="1" branch="False" />
          </lines>
        </class>
        <class name="LibraryManagemenTest.BookServicesTest/&lt;ViewBooksForSale&gt;d__1" filename="MyPersonalFiles\GensparkTraining\MiniProject\MiniProjectAppSolution\LibraryManagemenTest\BookServicesTest.cs" line-rate="0.8" branch-rate="1" complexity="1">
          <methods>
            <method name="MoveNext" signature="()" line-rate="0.8" branch-rate="1" complexity="1">
              <lines>
                <line number="17" hits="1" branch="False" />
                <line number="18" hits="1" branch="False" />
                <line number="20" hits="1" branch="False" />
                <line number="21" hits="1" branch="False" />
                <line number="22" hits="0" branch="False" />
              </lines>
            </method>
          </methods>
          <lines>
            <line number="17" hits="1" branch="False" />
            <line number="18" hits="1" branch="False" />
            <line number="20" hits="1" branch="False" />
            <line number="21" hits="1" branch="False" />
            <line number="22" hits="0" branch="False" />
          </lines>
        </class>
        <class name="LibraryManagemenTest.CartServicesTest/&lt;&lt;AddItemsToCartBookIdFail&gt;b__2_0&gt;d" filename="MyPersonalFiles\GensparkTraining\MiniProject\MiniProjectAppSolution\LibraryManagemenTest\CartServicesTest.cs" line-rate="1" branch-rate="1" complexity="1">
          <methods>
            <method name="MoveNext" signature="()" line-rate="1" branch-rate="1" complexity="1">
              <lines>
                <line number="38" hits="2" branch="False" />
              </lines>
            </method>
          </methods>
          <lines>
            <line number="38" hits="2" branch="False" />
          </lines>
        </class>
        <class name="LibraryManagemenTest.CartServicesTest/&lt;&lt;AddItemsToCartOutofStock&gt;b__3_0&gt;d" filename="MyPersonalFiles\GensparkTraining\MiniProject\MiniProjectAppSolution\LibraryManagemenTest\CartServicesTest.cs" line-rate="1" branch-rate="1" complexity="1">
          <methods>
            <method name="MoveNext" signature="()" line-rate="1" branch-rate="1" complexity="1">
              <lines>
                <line number="46" hits="2" branch="False" />
              </lines>
            </method>
          </methods>
          <lines>
            <line number="46" hits="2" branch="False" />
          </lines>
        </class>
        <class name="LibraryManagemenTest.CartServicesTest/&lt;&lt;AddItemsToCartUserIdFail&gt;b__1_0&gt;d" filename="MyPersonalFiles\GensparkTraining\MiniProject\MiniProjectAppSolution\LibraryManagemenTest\CartServicesTest.cs" line-rate="1" branch-rate="1" complexity="1">
          <methods>
            <method name="MoveNext" signature="()" line-rate="1" branch-rate="1" complexity="1">
              <lines>
                <line number="29" hits="2" branch="False" />
              </lines>
            </method>
          </methods>
          <lines>
            <line number="29" hits="2" branch="False" />
          </lines>
        </class>
        <class name="LibraryManagemenTest.CartServicesTest/&lt;&lt;CheckoutCartEmptyCartFail&gt;b__8_0&gt;d" filename="MyPersonalFiles\GensparkTraining\MiniProject\MiniProjectAppSolution\LibraryManagemenTest\CartServicesTest.cs" line-rate="1" branch-rate="1" complexity="1">
          <methods>
            <method name="MoveNext" signature="()" line-rate="1" branch-rate="1" complexity="1">
              <lines>
                <line number="104" hits="2" branch="False" />
              </lines>
            </method>
          </methods>
          <lines>
            <line number="104" hits="2" branch="False" />
          </lines>
        </class>
        <class name="LibraryManagemenTest.CartServicesTest/&lt;&lt;RemoveItemFromCartFail&gt;b__6_0&gt;d" filename="MyPersonalFiles\GensparkTraining\MiniProject\MiniProjectAppSolution\LibraryManagemenTest\CartServicesTest.cs" line-rate="1" branch-rate="1" complexity="1">
          <methods>
            <method name="MoveNext" signature="()" line-rate="1" branch-rate="1" complexity="1">
              <lines>
                <line number="79" hits="2" branch="False" />
              </lines>
            </method>
          </methods>
          <lines>
            <line number="79" hits="2" branch="False" />
          </lines>
        </class>
        <class name="LibraryManagemenTest.CartServicesTest/&lt;AddItemsToCart&gt;d__0" filename="MyPersonalFiles\GensparkTraining\MiniProject\MiniProjectAppSolution\LibraryManagemenTest\CartServicesTest.cs" line-rate="0.8" branch-rate="1" complexity="1">
          <methods>
            <method name="MoveNext" signature="()" line-rate="0.8" branch-rate="1" complexity="1">
              <lines>
                <line number="17" hits="1" branch="False" />
                <line number="18" hits="1" branch="False" />
                <line number="20" hits="1" branch="False" />
                <line number="21" hits="1" branch="False" />
                <line number="22" hits="0" branch="False" />
              </lines>
            </method>
          </methods>
          <lines>
            <line number="17" hits="1" branch="False" />
            <line number="18" hits="1" branch="False" />
            <line number="20" hits="1" branch="False" />
            <line number="21" hits="1" branch="False" />
            <line number="22" hits="0" branch="False" />
          </lines>
        </class>
        <class name="LibraryManagemenTest.CartServicesTest/&lt;AddItemsToCartBookIdFail&gt;d__2" filename="MyPersonalFiles\GensparkTraining\MiniProject\MiniProjectAppSolution\LibraryManagemenTest\CartServicesTest.cs" line-rate="1" branch-rate="1" complexity="1">
          <methods>
            <method name="MoveNext" signature="()" line-rate="1" branch-rate="1" complexity="1">
              <lines>
                <line number="35" hits="1" branch="False" />
                <line number="39" hits="1" branch="False" />
                <line number="40" hits="1" branch="False" />
              </lines>
            </method>
          </methods>
          <lines>
            <line number="35" hits="1" branch="False" />
            <line number="39" hits="1" branch="False" />
            <line number="40" hits="1" branch="False" />
          </lines>
        </class>
        <class name="LibraryManagemenTest.CartServicesTest/&lt;AddItemsToCartOutofStock&gt;d__3" filename="MyPersonalFiles\GensparkTraining\MiniProject\MiniProjectAppSolution\LibraryManagemenTest\CartServicesTest.cs" line-rate="1" branch-rate="1" complexity="1">
          <methods>
            <method name="MoveNext" signature="()" line-rate="1" branch-rate="1" complexity="1">
              <lines>
                <line number="44" hits="1" branch="False" />
                <line number="47" hits="1" branch="False" />
                <line number="48" hits="1" branch="False" />
              </lines>
            </method>
          </methods>
          <lines>
            <line number="44" hits="1" branch="False" />
            <line number="47" hits="1" branch="False" />
            <line number="48" hits="1" branch="False" />
          </lines>
        </class>
        <class name="LibraryManagemenTest.CartServicesTest/&lt;AddItemsToCartUserIdFail&gt;d__1" filename="MyPersonalFiles\GensparkTraining\MiniProject\MiniProjectAppSolution\LibraryManagemenTest\CartServicesTest.cs" line-rate="1" branch-rate="1" complexity="1">
          <methods>
            <method name="MoveNext" signature="()" line-rate="1" branch-rate="1" complexity="1">
              <lines>
                <line number="26" hits="1" branch="False" />
                <line number="30" hits="1" branch="False" />
                <line number="31" hits="1" branch="False" />
              </lines>
            </method>
          </methods>
          <lines>
            <line number="26" hits="1" branch="False" />
            <line number="30" hits="1" branch="False" />
            <line number="31" hits="1" branch="False" />
          </lines>
        </class>
        <class name="LibraryManagemenTest.CartServicesTest/&lt;CheckoutCart&gt;d__7" filename="MyPersonalFiles\GensparkTraining\MiniProject\MiniProjectAppSolution\LibraryManagemenTest\CartServicesTest.cs" line-rate="0.8571" branch-rate="1" complexity="1">
          <methods>
            <method name="MoveNext" signature="()" line-rate="0.8571" branch-rate="1" complexity="1">
              <lines>
                <line number="88" hits="1" branch="False" />
                <line number="89" hits="1" branch="False" />
                <line number="90" hits="1" branch="False" />
                <line number="91" hits="1" branch="False" />
                <line number="93" hits="1" branch="False" />
                <line number="94" hits="1" branch="False" />
                <line number="96" hits="0" branch="False" />
              </lines>
            </method>
          </methods>
          <lines>
            <line number="88" hits="1" branch="False" />
            <line number="89" hits="1" branch="False" />
            <line number="90" hits="1" branch="False" />
            <line number="91" hits="1" branch="False" />
            <line number="93" hits="1" branch="False" />
            <line number="94" hits="1" branch="False" />
            <line number="96" hits="0" branch="False" />
          </lines>
        </class>
        <class name="LibraryManagemenTest.CartServicesTest/&lt;CheckoutCartEmptyCartFail&gt;d__8" filename="MyPersonalFiles\GensparkTraining\MiniProject\MiniProjectAppSolution\LibraryManagemenTest\CartServicesTest.cs" line-rate="1" branch-rate="1" complexity="1">
          <methods>
            <method name="MoveNext" signature="()" line-rate="1" branch-rate="1" complexity="1">
              <lines>
                <line number="100" hits="1" branch="False" />
                <line number="105" hits="1" branch="False" />
                <line number="107" hits="1" branch="False" />
              </lines>
            </method>
          </methods>
          <lines>
            <line number="100" hits="1" branch="False" />
            <line number="105" hits="1" branch="False" />
            <line number="107" hits="1" branch="False" />
          </lines>
        </class>
        <class name="LibraryManagemenTest.CartServicesTest/&lt;RemoveItemFromCart&gt;d__5" filename="MyPersonalFiles\GensparkTraining\MiniProject\MiniProjectAppSolution\LibraryManagemenTest\CartServicesTest.cs" line-rate="0.8332999999999999" branch-rate="1" complexity="1">
          <methods>
            <method name="MoveNext" signature="()" line-rate="0.8332999999999999" branch-rate="1" complexity="1">
              <lines>
                <line number="63" hits="1" branch="False" />
                <line number="65" hits="1" branch="False" />
                <line number="66" hits="1" branch="False" />
                <line number="68" hits="1" branch="False" />
                <line number="69" hits="1" branch="False" />
                <line number="70" hits="0" branch="False" />
              </lines>
            </method>
          </methods>
          <lines>
            <line number="63" hits="1" branch="False" />
            <line number="65" hits="1" branch="False" />
            <line number="66" hits="1" branch="False" />
            <line number="68" hits="1" branch="False" />
            <line number="69" hits="1" branch="False" />
            <line number="70" hits="0" branch="False" />
          </lines>
        </class>
        <class name="LibraryManagemenTest.CartServicesTest/&lt;RemoveItemFromCartFail&gt;d__6" filename="MyPersonalFiles\GensparkTraining\MiniProject\MiniProjectAppSolution\LibraryManagemenTest\CartServicesTest.cs" line-rate="1" branch-rate="1" complexity="1">
          <methods>
            <method name="MoveNext" signature="()" line-rate="1" branch-rate="1" complexity="1">
              <lines>
                <line number="74" hits="1" branch="False" />
                <line number="76" hits="1" branch="False" />
                <line number="80" hits="1" branch="False" />
                <line number="82" hits="1" branch="False" />
              </lines>
            </method>
          </methods>
          <lines>
            <line number="74" hits="1" branch="False" />
            <line number="76" hits="1" branch="False" />
            <line number="80" hits="1" branch="False" />
            <line number="82" hits="1" branch="False" />
          </lines>
        </class>
        <class name="LibraryManagemenTest.CartServicesTest/&lt;UpdateCartItemQuantity&gt;d__4" filename="MyPersonalFiles\GensparkTraining\MiniProject\MiniProjectAppSolution\LibraryManagemenTest\CartServicesTest.cs" line-rate="0.8332999999999999" branch-rate="1" complexity="1">
          <methods>
            <method name="MoveNext" signature="()" line-rate="0.8332999999999999" branch-rate="1" complexity="1">
              <lines>
                <line number="52" hits="1" branch="False" />
                <line number="53" hits="1" branch="False" />
                <line number="55" hits="1" branch="False" />
                <line number="57" hits="1" branch="False" />
                <line number="58" hits="1" branch="False" />
                <line number="59" hits="0" branch="False" />
              </lines>
            </method>
          </methods>
          <lines>
            <line number="52" hits="1" branch="False" />
            <line number="53" hits="1" branch="False" />
            <line number="55" hits="1" branch="False" />
            <line number="57" hits="1" branch="False" />
            <line number="58" hits="1" branch="False" />
            <line number="59" hits="0" branch="False" />
          </lines>
        </class>
      </classes>
    </package>
    <package name="MiniProjectApp" line-rate="0.21539999999999998" branch-rate="0.1304" complexity="594">
      <classes>
        <class name="MiniProjectApp.Services.BookServices" filename="MyPersonalFiles\GensparkTraining\MiniProject\MiniProjectAppSolution\MiniProjectApp\Services\BookServices.cs" line-rate="1" branch-rate="1" complexity="1">
          <methods>
            <method name=".ctor" signature="(MiniProjectApp.Repositories.Interface.IRepository`2&lt;System.Int32,MiniProjectApp.Models.User&gt;,MiniProjectApp.Repositories.Interface.IRepository`2&lt;System.Int32,MiniProjectApp.Models.Feedback&gt;,MiniProjectApp.Repositories.Interface.IRepository`2&lt;System.Int32,MiniProjectApp.Models.Book&gt;,MiniProjectApp.Repositories.Interface.IRepository`2&lt;System.Int32,MiniProjectApp.Models.SalesStock&gt;)" line-rate="1" branch-rate="1" complexity="1">
              <lines>
                <line number="18" hits="16" branch="False" />
                <line number="19" hits="16" branch="False" />
                <line number="20" hits="16" branch="False" />
                <line number="21" hits="16" branch="False" />
                <line number="22" hits="16" branch="False" />
                <line number="23" hits="16" branch="False" />
                <line number="24" hits="16" branch="False" />
              </lines>
            </method>
          </methods>
          <lines>
            <line number="18" hits="16" branch="False" />
            <line number="19" hits="16" branch="False" />
            <line number="20" hits="16" branch="False" />
            <line number="21" hits="16" branch="False" />
            <line number="22" hits="16" branch="False" />
            <line number="23" hits="16" branch="False" />
            <line number="24" hits="16" branch="False" />
          </lines>
        </class>
        <class name="MiniProjectApp.Services.BookServices/&lt;&gt;c__DisplayClass7_0" filename="MyPersonalFiles\GensparkTraining\MiniProject\MiniProjectAppSolution\MiniProjectApp\Services\BookServices.cs" line-rate="1" branch-rate="1" complexity="1">
          <methods>
            <method name="&lt;GetFeedbackItems&gt;b__0" signature="(MiniProjectApp.Models.Feedback)" line-rate="1" branch-rate="1" complexity="1">
              <lines>
                <line number="64" hits="8" branch="False" />
              </lines>
            </method>
          </methods>
          <lines>
            <line number="64" hits="8" branch="False" />
          </lines>
        </class>
        <class name="MiniProjectApp.Services.BookServices/&lt;GetCurrentSaleBooks&gt;d__5" filename="MyPersonalFiles\GensparkTraining\MiniProject\MiniProjectAppSolution\MiniProjectApp\Services\BookServices.cs" line-rate="0.8571" branch-rate="0.5" complexity="2">
          <methods>
            <method name="MoveNext" signature="()" line-rate="0.8571" branch-rate="0.5" complexity="2">
              <lines>
                <line number="28" hits="1" branch="False" />
                <line number="30" hits="1" branch="False" />
                <line number="32" hits="1" branch="True" condition-coverage="50% (1/2)">
                  <conditions>
                    <condition number="160" type="jump" coverage="50%" />
                  </conditions>
                </line>
                <line number="33" hits="1" branch="False" />
                <line number="34" hits="1" branch="False" />
                <line number="37" hits="0" branch="False" />
                <line number="38" hits="1" branch="False" />
              </lines>
            </method>
          </methods>
          <lines>
            <line number="28" hits="1" branch="False" />
            <line number="30" hits="1" branch="False" />
            <line number="32" hits="1" branch="True" condition-coverage="50% (1/2)">
              <conditions>
                <condition number="160" type="jump" coverage="50%" />
              </conditions>
            </line>
            <line number="33" hits="1" branch="False" />
            <line number="34" hits="1" branch="False" />
            <line number="37" hits="0" branch="False" />
            <line number="38" hits="1" branch="False" />
          </lines>
        </class>
        <class name="MiniProjectApp.Services.BookServices/&lt;GetFeedbackItems&gt;d__7" filename="MyPersonalFiles\GensparkTraining\MiniProject\MiniProjectAppSolution\MiniProjectApp\Services\BookServices.cs" line-rate="1" branch-rate="1" complexity="4">
          <methods>
            <method name="MoveNext" signature="()" line-rate="1" branch-rate="1" complexity="4">
              <lines>
                <line number="61" hits="3" branch="False" />
                <line number="62" hits="3" branch="False" />
                <line number="63" hits="3" branch="False" />
                <line number="66" hits="2" branch="True" condition-coverage="100% (2/2)">
                  <conditions>
                    <condition number="380" type="jump" coverage="100%" />
                  </conditions>
                </line>
                <line number="67" hits="1" branch="False" />
                <line number="68" hits="1" branch="False" />
                <line number="71" hits="1" branch="False" />
                <line number="72" hits="1" branch="False" />
                <line number="73" hits="1" branch="False" />
                <line number="74" hits="1" branch="False" />
                <line number="75" hits="7" branch="True" condition-coverage="100% (2/2)">
                  <conditions>
                    <condition number="651" type="jump" coverage="100%" />
                  </conditions>
                </line>
                <line number="76" hits="2" branch="False" />
                <line number="77" hits="2" branch="False" />
                <line number="79" hits="2" branch="False" />
                <line number="80" hits="2" branch="False" />
                <line number="81" hits="2" branch="False" />
                <line number="82" hits="2" branch="False" />
                <line number="83" hits="2" branch="False" />
                <line number="84" hits="2" branch="False" />
                <line number="86" hits="2" branch="False" />
                <line number="89" hits="1" branch="False" />
                <line number="90" hits="1" branch="False" />
                <line number="92" hits="1" branch="False" />
                <line number="94" hits="1" branch="False" />
              </lines>
            </method>
          </methods>
          <lines>
            <line number="61" hits="3" branch="False" />
            <line number="62" hits="3" branch="False" />
            <line number="63" hits="3" branch="False" />
            <line number="66" hits="2" branch="True" condition-coverage="100% (2/2)">
              <conditions>
                <condition number="380" type="jump" coverage="100%" />
              </conditions>
            </line>
            <line number="67" hits="1" branch="False" />
            <line number="68" hits="1" branch="False" />
            <line number="71" hits="1" branch="False" />
            <line number="72" hits="1" branch="False" />
            <line number="73" hits="1" branch="False" />
            <line number="74" hits="1" branch="False" />
            <line number="75" hits="7" branch="True" condition-coverage="100% (2/2)">
              <conditions>
                <condition number="651" type="jump" coverage="100%" />
              </conditions>
            </line>
            <line number="76" hits="2" branch="False" />
            <line number="77" hits="2" branch="False" />
            <line number="79" hits="2" branch="False" />
            <line number="80" hits="2" branch="False" />
            <line number="81" hits="2" branch="False" />
            <line number="82" hits="2" branch="False" />
            <line number="83" hits="2" branch="False" />
            <line number="84" hits="2" branch="False" />
            <line number="86" hits="2" branch="False" />
            <line number="89" hits="1" branch="False" />
            <line number="90" hits="1" branch="False" />
            <line number="92" hits="1" branch="False" />
            <line number="94" hits="1" branch="False" />
          </lines>
        </class>
        <class name="MiniProjectApp.Services.BookServices/&lt;GiveFeedback&gt;d__6" filename="MyPersonalFiles\GensparkTraining\MiniProject\MiniProjectAppSolution\MiniProjectApp\Services\BookServices.cs" line-rate="1" branch-rate="1" complexity="1">
          <methods>
            <method name="MoveNext" signature="()" line-rate="1" branch-rate="1" complexity="1">
              <lines>
                <line number="43" hits="9" branch="False" />
                <line number="44" hits="9" branch="False" />
                <line number="45" hits="8" branch="False" />
                <line number="47" hits="7" branch="False" />
                <line number="48" hits="7" branch="False" />
                <line number="49" hits="7" branch="False" />
                <line number="50" hits="7" branch="False" />
                <line number="51" hits="7" branch="False" />
                <line number="52" hits="7" branch="False" />
                <line number="53" hits="7" branch="False" />
                <line number="55" hits="7" branch="False" />
                <line number="57" hits="7" branch="False" />
                <line number="58" hits="7" branch="False" />
              </lines>
            </method>
          </methods>
          <lines>
            <line number="43" hits="9" branch="False" />
            <line number="44" hits="9" branch="False" />
            <line number="45" hits="8" branch="False" />
            <line number="47" hits="7" branch="False" />
            <line number="48" hits="7" branch="False" />
            <line number="49" hits="7" branch="False" />
            <line number="50" hits="7" branch="False" />
            <line number="51" hits="7" branch="False" />
            <line number="52" hits="7" branch="False" />
            <line number="53" hits="7" branch="False" />
            <line number="55" hits="7" branch="False" />
            <line number="57" hits="7" branch="False" />
            <line number="58" hits="7" branch="False" />
          </lines>
        </class>
        <class name="MiniProjectApp.Services.CartServices" filename="MyPersonalFiles\GensparkTraining\MiniProject\MiniProjectAppSolution\MiniProjectApp\Services\CartServices.cs" line-rate="0.35710000000000003" branch-rate="0" complexity="3">
          <methods>
            <method name="MapCartItemsToViewCartDTO" signature="(System.Collections.Generic.List`1&lt;MiniProjectApp.Models.Cart&gt;)" line-rate="0" branch-rate="0" complexity="2">
              <lines>
                <line number="231" hits="0" branch="False" />
                <line number="232" hits="0" branch="False" />
                <line number="233" hits="0" branch="False" />
                <line number="234" hits="0" branch="False" />
                <line number="235" hits="0" branch="True" condition-coverage="0% (0/2)">
                  <conditions>
                    <condition number="137" type="jump" coverage="0%" />
                  </conditions>
                </line>
                <line number="236" hits="0" branch="False" />
                <line number="237" hits="0" branch="False" />
                <line number="239" hits="0" branch="False" />
                <line number="240" hits="0" branch="False" />
                <line number="241" hits="0" branch="False" />
                <line number="242" hits="0" branch="False" />
                <line number="243" hits="0" branch="False" />
                <line number="244" hits="0" branch="False" />
                <line number="246" hits="0" branch="False" />
                <line number="248" hits="0" branch="False" />
                <line number="249" hits="0" branch="False" />
                <line number="251" hits="0" branch="False" />
                <line number="254" hits="0" branch="False" />
              </lines>
            </method>
            <method name=".ctor" signature="(MiniProjectApp.Repositories.Interface.IRepository`2&lt;System.Int32,MiniProjectApp.Models.User&gt;,MiniProjectApp.Repositories.Interface.IRepository`2&lt;System.Int32,MiniProjectApp.Models.UserCredential&gt;,MiniProjectApp.Repositories.Interface.ICompositeKeyRepository`2&lt;System.Int32,MiniProjectApp.Models.Cart&gt;,MiniProjectApp.Repositories.Interface.IRepository`2&lt;System.Int32,MiniProjectApp.Models.SalesStock&gt;,MiniProjectApp.Repositories.Interface.ITransactionRepository,MiniProjectApp.Repositories.Interface.IRepository`2&lt;System.Int32,MiniProjectApp.Models.Sale&gt;,MiniProjectApp.Repositories.Interface.ICompositeKeyRepository`2&lt;System.Int32,MiniProjectApp.Models.SaleDetail&gt;)" line-rate="1" branch-rate="1" complexity="1">
              <lines>
                <line number="21" hits="16" branch="False" />
                <line number="22" hits="16" branch="False" />
                <line number="23" hits="16" branch="False" />
                <line number="24" hits="16" branch="False" />
                <line number="25" hits="16" branch="False" />
                <line number="26" hits="16" branch="False" />
                <line number="27" hits="16" branch="False" />
                <line number="28" hits="16" branch="False" />
                <line number="29" hits="16" branch="False" />
                <line number="30" hits="16" branch="False" />
              </lines>
            </method>
          </methods>
          <lines>
            <line number="231" hits="0" branch="False" />
            <line number="232" hits="0" branch="False" />
            <line number="233" hits="0" branch="False" />
            <line number="234" hits="0" branch="False" />
            <line number="235" hits="0" branch="True" condition-coverage="0% (0/2)">
              <conditions>
                <condition number="137" type="jump" coverage="0%" />
              </conditions>
            </line>
            <line number="236" hits="0" branch="False" />
            <line number="237" hits="0" branch="False" />
            <line number="239" hits="0" branch="False" />
            <line number="240" hits="0" branch="False" />
            <line number="241" hits="0" branch="False" />
            <line number="242" hits="0" branch="False" />
            <line number="243" hits="0" branch="False" />
            <line number="244" hits="0" branch="False" />
            <line number="246" hits="0" branch="False" />
            <line number="248" hits="0" branch="False" />
            <line number="249" hits="0" branch="False" />
            <line number="251" hits="0" branch="False" />
            <line number="254" hits="0" branch="False" />
            <line number="21" hits="16" branch="False" />
            <line number="22" hits="16" branch="False" />
            <line number="23" hits="16" branch="False" />
            <line number="24" hits="16" branch="False" />
            <line number="25" hits="16" branch="False" />
            <line number="26" hits="16" branch="False" />
            <line number="27" hits="16" branch="False" />
            <line number="28" hits="16" branch="False" />
            <line number="29" hits="16" branch="False" />
            <line number="30" hits="16" branch="False" />
          </lines>
        </class>
        <class name="MiniProjectApp.Services.CartServices/&lt;AddItemToCart&gt;d__9" filename="MyPersonalFiles\GensparkTraining\MiniProject\MiniProjectAppSolution\MiniProjectApp\Services\CartServices.cs" line-rate="1" branch-rate="1" complexity="6">
          <methods>
            <method name="MoveNext" signature="()" line-rate="1" branch-rate="1" complexity="6">
              <lines>
                <line number="56" hits="10" branch="False" />
                <line number="62" hits="10" branch="False" />
                <line number="69" hits="9" branch="False" />
                <line number="71" hits="9" branch="True" condition-coverage="100% (2/2)">
                  <conditions>
                    <condition number="346" type="jump" coverage="100%" />
                  </conditions>
                </line>
                <line number="72" hits="1" branch="False" />
                <line number="73" hits="1" branch="False" />
                <line number="76" hits="8" branch="True" condition-coverage="100% (2/2)">
                  <conditions>
                    <condition number="383" type="jump" coverage="100%" />
                  </conditions>
                </line>
                <line number="77" hits="1" branch="False" />
                <line number="78" hits="1" branch="False" />
                <line number="83" hits="7" branch="False" />
                <line number="85" hits="7" branch="True" condition-coverage="100% (2/2)">
                  <conditions>
                    <condition number="568" type="jump" coverage="100%" />
                  </conditions>
                </line>
                <line number="86" hits="1" branch="False" />
                <line number="87" hits="1" branch="False" />
                <line number="88" hits="1" branch="False" />
                <line number="89" hits="1" branch="False" />
                <line number="90" hits="1" branch="False" />
                <line number="93" hits="6" branch="False" />
                <line number="95" hits="6" branch="False" />
                <line number="96" hits="6" branch="False" />
                <line number="97" hits="6" branch="False" />
                <line number="98" hits="6" branch="False" />
                <line number="99" hits="6" branch="False" />
                <line number="100" hits="6" branch="False" />
                <line number="101" hits="7" branch="False" />
              </lines>
            </method>
          </methods>
          <lines>
            <line number="56" hits="10" branch="False" />
            <line number="62" hits="10" branch="False" />
            <line number="69" hits="9" branch="False" />
            <line number="71" hits="9" branch="True" condition-coverage="100% (2/2)">
              <conditions>
                <condition number="346" type="jump" coverage="100%" />
              </conditions>
            </line>
            <line number="72" hits="1" branch="False" />
            <line number="73" hits="1" branch="False" />
            <line number="76" hits="8" branch="True" condition-coverage="100% (2/2)">
              <conditions>
                <condition number="383" type="jump" coverage="100%" />
              </conditions>
            </line>
            <line number="77" hits="1" branch="False" />
            <line number="78" hits="1" branch="False" />
            <line number="83" hits="7" branch="False" />
            <line number="85" hits="7" branch="True" condition-coverage="100% (2/2)">
              <conditions>
                <condition number="568" type="jump" coverage="100%" />
              </conditions>
            </line>
            <line number="86" hits="1" branch="False" />
            <line number="87" hits="1" branch="False" />
            <line number="88" hits="1" branch="False" />
            <line number="89" hits="1" branch="False" />
            <line number="90" hits="1" branch="False" />
            <line number="93" hits="6" branch="False" />
            <line number="95" hits="6" branch="False" />
            <line number="96" hits="6" branch="False" />
            <line number="97" hits="6" branch="False" />
            <line number="98" hits="6" branch="False" />
            <line number="99" hits="6" branch="False" />
            <line number="100" hits="6" branch="False" />
            <line number="101" hits="7" branch="False" />
          </lines>
        </class>
        <class name="MiniProjectApp.Services.CartServices/&lt;CheckoutCart&gt;d__10" filename="MyPersonalFiles\GensparkTraining\MiniProject\MiniProjectAppSolution\MiniProjectApp\Services\CartServices.cs" line-rate="0.8571" branch-rate="0.7" complexity="10">
          <methods>
            <method name="MoveNext" signature="()" line-rate="0.8571" branch-rate="0.7" complexity="10">
              <lines>
                <line number="104" hits="2" branch="False" />
                <line number="111" hits="2" branch="False" />
                <line number="113" hits="2" branch="False" />
                <line number="115" hits="2" branch="False" />
                <line number="116" hits="2" branch="False" />
                <line number="117" hits="2" branch="False" />
                <line number="119" hits="2" branch="True" condition-coverage="100% (2/2)">
                  <conditions>
                    <condition number="398" type="jump" coverage="100%" />
                  </conditions>
                </line>
                <line number="120" hits="1" branch="False" />
                <line number="121" hits="1" branch="False" />
                <line number="125" hits="1" branch="False" />
                <line number="126" hits="1" branch="False" />
                <line number="127" hits="1" branch="False" />
                <line number="128" hits="1" branch="False" />
                <line number="130" hits="7" branch="True" condition-coverage="100% (2/2)">
                  <conditions>
                    <condition number="1449" type="jump" coverage="100%" />
                  </conditions>
                </line>
                <line number="131" hits="2" branch="False" />
                <line number="132" hits="2" branch="False" />
                <line number="134" hits="2" branch="True" condition-coverage="50% (2/4)">
                  <conditions>
                    <condition number="813" type="jump" coverage="50%" />
                    <condition number="846" type="jump" coverage="50%" />
                  </conditions>
                </line>
                <line number="135" hits="0" branch="False" />
                <line number="136" hits="0" branch="False" />
                <line number="140" hits="2" branch="False" />
                <line number="142" hits="2" branch="False" />
                <line number="143" hits="2" branch="False" />
                <line number="144" hits="2" branch="False" />
                <line number="145" hits="2" branch="False" />
                <line number="146" hits="2" branch="False" />
                <line number="147" hits="2" branch="False" />
                <line number="148" hits="2" branch="False" />
                <line number="149" hits="2" branch="False" />
                <line number="153" hits="2" branch="False" />
                <line number="154" hits="2" branch="False" />
                <line number="155" hits="2" branch="False" />
                <line number="156" hits="2" branch="False" />
                <line number="158" hits="1" branch="False" />
                <line number="160" hits="1" branch="True" condition-coverage="50% (1/2)">
                  <conditions>
                    <condition number="1534" type="jump" coverage="50%" />
                  </conditions>
                </line>
                <line number="161" hits="0" branch="False" />
                <line number="162" hits="0" branch="False" />
                <line number="163" hits="0" branch="False" />
                <line number="164" hits="0" branch="False" />
                <line number="166" hits="1" branch="False" />
                <line number="167" hits="1" branch="False" />
                <line number="168" hits="1" branch="False" />
                <line number="170" hits="1" branch="False" />
                <line number="171" hits="1" branch="False" />
                <line number="173" hits="1" branch="False" />
                <line number="174" hits="1" branch="False" />
                <line number="175" hits="1" branch="False" />
                <line number="176" hits="1" branch="False" />
                <line number="181" hits="0" branch="False" />
                <line number="182" hits="1" branch="False" />
              </lines>
            </method>
          </methods>
          <lines>
            <line number="104" hits="2" branch="False" />
            <line number="111" hits="2" branch="False" />
            <line number="113" hits="2" branch="False" />
            <line number="115" hits="2" branch="False" />
            <line number="116" hits="2" branch="False" />
            <line number="117" hits="2" branch="False" />
            <line number="119" hits="2" branch="True" condition-coverage="100% (2/2)">
              <conditions>
                <condition number="398" type="jump" coverage="100%" />
              </conditions>
            </line>
            <line number="120" hits="1" branch="False" />
            <line number="121" hits="1" branch="False" />
            <line number="125" hits="1" branch="False" />
            <line number="126" hits="1" branch="False" />
            <line number="127" hits="1" branch="False" />
            <line number="128" hits="1" branch="False" />
            <line number="130" hits="7" branch="True" condition-coverage="100% (2/2)">
              <conditions>
                <condition number="1449" type="jump" coverage="100%" />
              </conditions>
            </line>
            <line number="131" hits="2" branch="False" />
            <line number="132" hits="2" branch="False" />
            <line number="134" hits="2" branch="True" condition-coverage="50% (2/4)">
              <conditions>
                <condition number="813" type="jump" coverage="50%" />
                <condition number="846" type="jump" coverage="50%" />
              </conditions>
            </line>
            <line number="135" hits="0" branch="False" />
            <line number="136" hits="0" branch="False" />
            <line number="140" hits="2" branch="False" />
            <line number="142" hits="2" branch="False" />
            <line number="143" hits="2" branch="False" />
            <line number="144" hits="2" branch="False" />
            <line number="145" hits="2" branch="False" />
            <line number="146" hits="2" branch="False" />
            <line number="147" hits="2" branch="False" />
            <line number="148" hits="2" branch="False" />
            <line number="149" hits="2" branch="False" />
            <line number="153" hits="2" branch="False" />
            <line number="154" hits="2" branch="False" />
            <line number="155" hits="2" branch="False" />
            <line number="156" hits="2" branch="False" />
            <line number="158" hits="1" branch="False" />
            <line number="160" hits="1" branch="True" condition-coverage="50% (1/2)">
              <conditions>
                <condition number="1534" type="jump" coverage="50%" />
              </conditions>
            </line>
            <line number="161" hits="0" branch="False" />
            <line number="162" hits="0" branch="False" />
            <line number="163" hits="0" branch="False" />
            <line number="164" hits="0" branch="False" />
            <line number="166" hits="1" branch="False" />
            <line number="167" hits="1" branch="False" />
            <line number="168" hits="1" branch="False" />
            <line number="170" hits="1" branch="False" />
            <line number="171" hits="1" branch="False" />
            <line number="173" hits="1" branch="False" />
            <line number="174" hits="1" branch="False" />
            <line number="175" hits="1" branch="False" />
            <line number="176" hits="1" branch="False" />
            <line number="181" hits="0" branch="False" />
            <line number="182" hits="1" branch="False" />
          </lines>
        </class>
        <class name="MiniProjectApp.Services.CartServices/&lt;GetCartItems&gt;d__11" filename="MyPersonalFiles\GensparkTraining\MiniProject\MiniProjectAppSolution\MiniProjectApp\Services\CartServices.cs" line-rate="0" branch-rate="0" complexity="2">
          <methods>
            <method name="MoveNext" signature="()" line-rate="0" branch-rate="0" complexity="2">
              <lines>
                <line number="185" hits="0" branch="False" />
                <line number="186" hits="0" branch="False" />
                <line number="188" hits="0" branch="False" />
                <line number="190" hits="0" branch="True" condition-coverage="0% (0/2)">
                  <conditions>
                    <condition number="191" type="jump" coverage="0%" />
                  </conditions>
                </line>
                <line number="191" hits="0" branch="False" />
                <line number="192" hits="0" branch="False" />
                <line number="194" hits="0" branch="False" />
                <line number="197" hits="0" branch="False" />
                <line number="198" hits="0" branch="False" />
              </lines>
            </method>
          </methods>
          <lines>
            <line number="185" hits="0" branch="False" />
            <line number="186" hits="0" branch="False" />
            <line number="188" hits="0" branch="False" />
            <line number="190" hits="0" branch="True" condition-coverage="0% (0/2)">
              <conditions>
                <condition number="191" type="jump" coverage="0%" />
              </conditions>
            </line>
            <line number="191" hits="0" branch="False" />
            <line number="192" hits="0" branch="False" />
            <line number="194" hits="0" branch="False" />
            <line number="197" hits="0" branch="False" />
            <line number="198" hits="0" branch="False" />
          </lines>
        </class>
        <class name="MiniProjectApp.Services.CartServices/&lt;GetRentCartItems&gt;d__12" filename="MyPersonalFiles\GensparkTraining\MiniProject\MiniProjectAppSolution\MiniProjectApp\Services\CartServices.cs" line-rate="0" branch-rate="0" complexity="2">
          <methods>
            <method name="MoveNext" signature="()" line-rate="0" branch-rate="0" complexity="2">
              <lines>
                <line number="201" hits="0" branch="False" />
                <line number="202" hits="0" branch="False" />
                <line number="204" hits="0" branch="False" />
                <line number="206" hits="0" branch="True" condition-coverage="0% (0/2)">
                  <conditions>
                    <condition number="191" type="jump" coverage="0%" />
                  </conditions>
                </line>
                <line number="207" hits="0" branch="False" />
                <line number="209" hits="0" branch="False" />
                <line number="212" hits="0" branch="False" />
                <line number="213" hits="0" branch="False" />
              </lines>
            </method>
          </methods>
          <lines>
            <line number="201" hits="0" branch="False" />
            <line number="202" hits="0" branch="False" />
            <line number="204" hits="0" branch="False" />
            <line number="206" hits="0" branch="True" condition-coverage="0% (0/2)">
              <conditions>
                <condition number="191" type="jump" coverage="0%" />
              </conditions>
            </line>
            <line number="207" hits="0" branch="False" />
            <line number="209" hits="0" branch="False" />
            <line number="212" hits="0" branch="False" />
            <line number="213" hits="0" branch="False" />
          </lines>
        </class>
        <class name="MiniProjectApp.Services.CartServices/&lt;GetSuperRentCartItems&gt;d__13" filename="MyPersonalFiles\GensparkTraining\MiniProject\MiniProjectAppSolution\MiniProjectApp\Services\CartServices.cs" line-rate="0" branch-rate="0" complexity="2">
          <methods>
            <method name="MoveNext" signature="()" line-rate="0" branch-rate="0" complexity="2">
              <lines>
                <line number="216" hits="0" branch="False" />
                <line number="217" hits="0" branch="False" />
                <line number="219" hits="0" branch="False" />
                <line number="221" hits="0" branch="True" condition-coverage="0% (0/2)">
                  <conditions>
                    <condition number="191" type="jump" coverage="0%" />
                  </conditions>
                </line>
                <line number="222" hits="0" branch="False" />
                <line number="224" hits="0" branch="False" />
                <line number="227" hits="0" branch="False" />
                <line number="228" hits="0" branch="False" />
              </lines>
            </method>
          </methods>
          <lines>
            <line number="216" hits="0" branch="False" />
            <line number="217" hits="0" branch="False" />
            <line number="219" hits="0" branch="False" />
            <line number="221" hits="0" branch="True" condition-coverage="0% (0/2)">
              <conditions>
                <condition number="191" type="jump" coverage="0%" />
              </conditions>
            </line>
            <line number="222" hits="0" branch="False" />
            <line number="224" hits="0" branch="False" />
            <line number="227" hits="0" branch="False" />
            <line number="228" hits="0" branch="False" />
          </lines>
        </class>
        <class name="MiniProjectApp.Services.CartServices/&lt;RemoveItemFromCart&gt;d__8" filename="MyPersonalFiles\GensparkTraining\MiniProject\MiniProjectAppSolution\MiniProjectApp\Services\CartServices.cs" line-rate="1" branch-rate="1" complexity="1">
          <methods>
            <method name="MoveNext" signature="()" line-rate="1" branch-rate="1" complexity="1">
              <lines>
                <line number="46" hits="2" branch="False" />
                <line number="51" hits="2" branch="False" />
                <line number="52" hits="1" branch="False" />
                <line number="53" hits="1" branch="False" />
              </lines>
            </method>
          </methods>
          <lines>
            <line number="46" hits="2" branch="False" />
            <line number="51" hits="2" branch="False" />
            <line number="52" hits="1" branch="False" />
            <line number="53" hits="1" branch="False" />
          </lines>
        </class>
        <class name="MiniProjectApp.Services.FineServices" filename="MyPersonalFiles\GensparkTraining\MiniProject\MiniProjectAppSolution\MiniProjectApp\Services\FineServices.cs" line-rate="0" branch-rate="1" complexity="1">
          <methods>
            <method name=".ctor" signature="(MiniProjectApp.Repositories.Interface.IRepository`2&lt;System.Int32,MiniProjectApp.Models.UserCredential&gt;,MiniProjectApp.Repositories.Interface.ICompositeKeyRepository`2&lt;System.Int32,MiniProjectApp.Models.FineDetail&gt;,MiniProjectApp.Repositories.Interface.IRepository`2&lt;System.Int32,MiniProjectApp.Models.Rent&gt;,MiniProjectApp.Repositories.Interface.IRepository`2&lt;System.Int32,MiniProjectApp.Models.Fine&gt;,MiniProjectApp.Repositories.Interface.IRepository`2&lt;System.Int32,MiniProjectApp.Models.RentStock&gt;,MiniProjectApp.Repositories.Interface.ICompositeKeyRepository`2&lt;System.Int32,MiniProjectApp.Models.RentCart&gt;,MiniProjectApp.Repositories.Interface.ICompositeKeyRepository`2&lt;System.Int32,MiniProjectApp.Models.SuperRentCart&gt;,MiniProjectApp.Repositories.Interface.ICompositeKeyRepository`2&lt;System.Int32,MiniProjectApp.Models.RentDetail&gt;)" line-rate="0" branch-rate="1" complexity="1">
              <lines>
                <line number="22" hits="0" branch="False" />
                <line number="23" hits="0" branch="False" />
                <line number="24" hits="0" branch="False" />
                <line number="25" hits="0" branch="False" />
                <line number="26" hits="0" branch="False" />
                <line number="27" hits="0" branch="False" />
                <line number="28" hits="0" branch="False" />
                <line number="29" hits="0" branch="False" />
                <line number="30" hits="0" branch="False" />
                <line number="31" hits="0" branch="False" />
                <line number="32" hits="0" branch="False" />
              </lines>
            </method>
          </methods>
          <lines>
            <line number="22" hits="0" branch="False" />
            <line number="23" hits="0" branch="False" />
            <line number="24" hits="0" branch="False" />
            <line number="25" hits="0" branch="False" />
            <line number="26" hits="0" branch="False" />
            <line number="27" hits="0" branch="False" />
            <line number="28" hits="0" branch="False" />
            <line number="29" hits="0" branch="False" />
            <line number="30" hits="0" branch="False" />
            <line number="31" hits="0" branch="False" />
            <line number="32" hits="0" branch="False" />
          </lines>
        </class>
        <class name="MiniProjectApp.Services.FineServices/&lt;&gt;c__DisplayClass10_0" filename="MyPersonalFiles\GensparkTraining\MiniProject\MiniProjectAppSolution\MiniProjectApp\Services\FineServices.cs" line-rate="0" branch-rate="0" complexity="2">
          <methods>
            <method name="&lt;ViewUnPaidFines&gt;b__0" signature="(MiniProjectApp.Models.Fine)" line-rate="0" branch-rate="0" complexity="2">
              <lines>
                <line number="54" hits="0" branch="True" condition-coverage="0% (0/2)">
                  <conditions>
                    <condition number="12" type="jump" coverage="0%" />
                  </conditions>
                </line>
              </lines>
            </method>
          </methods>
          <lines>
            <line number="54" hits="0" branch="True" condition-coverage="0% (0/2)">
              <conditions>
                <condition number="12" type="jump" coverage="0%" />
              </conditions>
            </line>
          </lines>
        </class>
        <class name="MiniProjectApp.Services.FineServices/&lt;&gt;c__DisplayClass12_0" filename="MyPersonalFiles\GensparkTraining\MiniProject\MiniProjectAppSolution\MiniProjectApp\Services\FineServices.cs" line-rate="0" branch-rate="1" complexity="1">
          <methods>
            <method name="&lt;PayFine&gt;b__0" signature="(MiniProjectApp.Models.FineDetail)" line-rate="0" branch-rate="1" complexity="1">
              <lines>
                <line number="106" hits="0" branch="False" />
              </lines>
            </method>
          </methods>
          <lines>
            <line number="106" hits="0" branch="False" />
          </lines>
        </class>
        <class name="MiniProjectApp.Services.FineServices/&lt;&gt;c__DisplayClass9_0" filename="MyPersonalFiles\GensparkTraining\MiniProject\MiniProjectAppSolution\MiniProjectApp\Services\FineServices.cs" line-rate="0" branch-rate="1" complexity="1">
          <methods>
            <method name="&lt;ViewFines&gt;b__0" signature="(MiniProjectApp.Models.Fine)" line-rate="0" branch-rate="1" complexity="1">
              <lines>
                <line number="39" hits="0" branch="False" />
              </lines>
            </method>
          </methods>
          <lines>
            <line number="39" hits="0" branch="False" />
          </lines>
        </class>
        <class name="MiniProjectApp.Services.FineServices/&lt;PayFine&gt;d__12" filename="MyPersonalFiles\GensparkTraining\MiniProject\MiniProjectAppSolution\MiniProjectApp\Services\FineServices.cs" line-rate="0" branch-rate="0" complexity="6">
          <methods>
            <method name="MoveNext" signature="()" line-rate="0" branch-rate="0" complexity="6">
              <lines>
                <line number="96" hits="0" branch="False" />
                <line number="98" hits="0" branch="False" />
                <line number="99" hits="0" branch="True" condition-coverage="0% (0/2)">
                  <conditions>
                    <condition number="247" type="jump" coverage="0%" />
                  </conditions>
                </line>
                <line number="100" hits="0" branch="False" />
                <line number="101" hits="0" branch="False" />
                <line number="104" hits="0" branch="False" />
                <line number="108" hits="0" branch="False" />
                <line number="109" hits="0" branch="False" />
                <line number="110" hits="0" branch="True" condition-coverage="0% (0/2)">
                  <conditions>
                    <condition number="926" type="jump" coverage="0%" />
                  </conditions>
                </line>
                <line number="111" hits="0" branch="False" />
                <line number="113" hits="0" branch="False" />
                <line number="115" hits="0" branch="True" condition-coverage="0% (0/2)">
                  <conditions>
                    <condition number="686" type="jump" coverage="0%" />
                  </conditions>
                </line>
                <line number="116" hits="0" branch="False" />
                <line number="117" hits="0" branch="False" />
                <line number="121" hits="0" branch="False" />
                <line number="122" hits="0" branch="False" />
                <line number="123" hits="0" branch="False" />
                <line number="124" hits="0" branch="False" />
                <line number="125" hits="0" branch="False" />
                <line number="127" hits="0" branch="False" />
                <line number="129" hits="0" branch="False" />
                <line number="130" hits="0" branch="False" />
                <line number="131" hits="0" branch="False" />
                <line number="133" hits="0" branch="False" />
                <line number="176" hits="0" branch="False" />
                <line number="178" hits="0" branch="False" />
              </lines>
            </method>
          </methods>
          <lines>
            <line number="96" hits="0" branch="False" />
            <line number="98" hits="0" branch="False" />
            <line number="99" hits="0" branch="True" condition-coverage="0% (0/2)">
              <conditions>
                <condition number="247" type="jump" coverage="0%" />
              </conditions>
            </line>
            <line number="100" hits="0" branch="False" />
            <line number="101" hits="0" branch="False" />
            <line number="104" hits="0" branch="False" />
            <line number="108" hits="0" branch="False" />
            <line number="109" hits="0" branch="False" />
            <line number="110" hits="0" branch="True" condition-coverage="0% (0/2)">
              <conditions>
                <condition number="926" type="jump" coverage="0%" />
              </conditions>
            </line>
            <line number="111" hits="0" branch="False" />
            <line number="113" hits="0" branch="False" />
            <line number="115" hits="0" branch="True" condition-coverage="0% (0/2)">
              <conditions>
                <condition number="686" type="jump" coverage="0%" />
              </conditions>
            </line>
            <line number="116" hits="0" branch="False" />
            <line number="117" hits="0" branch="False" />
            <line number="121" hits="0" branch="False" />
            <line number="122" hits="0" branch="False" />
            <line number="123" hits="0" branch="False" />
            <line number="124" hits="0" branch="False" />
            <line number="125" hits="0" branch="False" />
            <line number="127" hits="0" branch="False" />
            <line number="129" hits="0" branch="False" />
            <line number="130" hits="0" branch="False" />
            <line number="131" hits="0" branch="False" />
            <line number="133" hits="0" branch="False" />
            <line number="176" hits="0" branch="False" />
            <line number="178" hits="0" branch="False" />
          </lines>
        </class>
        <class name="MiniProjectApp.Services.FineServices/&lt;PayFineForOneBook&gt;d__11" filename="MyPersonalFiles\GensparkTraining\MiniProject\MiniProjectAppSolution\MiniProjectApp\Services\FineServices.cs" line-rate="0" branch-rate="0" complexity="4">
          <methods>
            <method name="MoveNext" signature="()" line-rate="0" branch-rate="0" complexity="4">
              <lines>
                <line number="65" hits="0" branch="False" />
                <line number="67" hits="0" branch="False" />
                <line number="69" hits="0" branch="True" condition-coverage="0% (0/2)">
                  <conditions>
                    <condition number="216" type="jump" coverage="0%" />
                  </conditions>
                </line>
                <line number="70" hits="0" branch="False" />
                <line number="71" hits="0" branch="False" />
                <line number="75" hits="0" branch="False" />
                <line number="77" hits="0" branch="False" />
                <line number="78" hits="0" branch="False" />
                <line number="80" hits="0" branch="False" />
                <line number="82" hits="0" branch="False" />
                <line number="84" hits="0" branch="True" condition-coverage="0% (0/2)">
                  <conditions>
                    <condition number="602" type="jump" coverage="0%" />
                  </conditions>
                </line>
                <line number="85" hits="0" branch="False" />
                <line number="86" hits="0" branch="False" />
                <line number="87" hits="0" branch="False" />
                <line number="89" hits="0" branch="False" />
                <line number="91" hits="0" branch="False" />
                <line number="93" hits="0" branch="False" />
              </lines>
            </method>
          </methods>
          <lines>
            <line number="65" hits="0" branch="False" />
            <line number="67" hits="0" branch="False" />
            <line number="69" hits="0" branch="True" condition-coverage="0% (0/2)">
              <conditions>
                <condition number="216" type="jump" coverage="0%" />
              </conditions>
            </line>
            <line number="70" hits="0" branch="False" />
            <line number="71" hits="0" branch="False" />
            <line number="75" hits="0" branch="False" />
            <line number="77" hits="0" branch="False" />
            <line number="78" hits="0" branch="False" />
            <line number="80" hits="0" branch="False" />
            <line number="82" hits="0" branch="False" />
            <line number="84" hits="0" branch="True" condition-coverage="0% (0/2)">
              <conditions>
                <condition number="602" type="jump" coverage="0%" />
              </conditions>
            </line>
            <line number="85" hits="0" branch="False" />
            <line number="86" hits="0" branch="False" />
            <line number="87" hits="0" branch="False" />
            <line number="89" hits="0" branch="False" />
            <line number="91" hits="0" branch="False" />
            <line number="93" hits="0" branch="False" />
          </lines>
        </class>
        <class name="MiniProjectApp.Services.FineServices/&lt;ViewFines&gt;d__9" filename="MyPersonalFiles\GensparkTraining\MiniProject\MiniProjectAppSolution\MiniProjectApp\Services\FineServices.cs" line-rate="0" branch-rate="0" complexity="2">
          <methods>
            <method name="MoveNext" signature="()" line-rate="0" branch-rate="0" complexity="2">
              <lines>
                <line number="35" hits="0" branch="False" />
                <line number="37" hits="0" branch="False" />
                <line number="41" hits="0" branch="True" condition-coverage="0% (0/2)">
                  <conditions>
                    <condition number="222" type="jump" coverage="0%" />
                  </conditions>
                </line>
                <line number="42" hits="0" branch="False" />
                <line number="43" hits="0" branch="False" />
                <line number="46" hits="0" branch="False" />
                <line number="47" hits="0" branch="False" />
[...]
            <line number="18" hits="0" branch="False" />
            <line number="19" hits="0" branch="False" />
            <line number="21" hits="0" branch="False" />
          </lines>
        </class>
        <class name="MiniProjectApp.Controllers.SaleController/&lt;ViewOrderDetails&gt;d__3" filename="MyPersonalFiles\GensparkTraining\MiniProject\MiniProjectAppSolution\MiniProjectApp\Controllers\SaleController.cs" line-rate="0" branch-rate="1" complexity="1">
          <methods>
            <method name="MoveNext" signature="()" line-rate="0" branch-rate="1" complexity="1">
              <lines>
                <line number="46" hits="0" branch="False" />
                <line number="48" hits="0" branch="False" />
                <line number="49" hits="0" branch="False" />
                <line number="50" hits="0" branch="False" />
                <line number="52" hits="0" branch="False" />
                <line number="53" hits="0" branch="False" />
                <line number="54" hits="0" branch="False" />
                <line number="58" hits="0" branch="False" />
              </lines>
            </method>
          </methods>
          <lines>
            <line number="46" hits="0" branch="False" />
            <line number="48" hits="0" branch="False" />
            <line number="49" hits="0" branch="False" />
            <line number="50" hits="0" branch="False" />
            <line number="52" hits="0" branch="False" />
            <line number="53" hits="0" branch="False" />
            <line number="54" hits="0" branch="False" />
            <line number="58" hits="0" branch="False" />
          </lines>
        </class>
        <class name="MiniProjectApp.Controllers.SaleController/&lt;ViewOrders&gt;d__2" filename="MyPersonalFiles\GensparkTraining\MiniProject\MiniProjectAppSolution\MiniProjectApp\Controllers\SaleController.cs" line-rate="0" branch-rate="1" complexity="1">
          <methods>
            <method name="MoveNext" signature="()" line-rate="0" branch-rate="1" complexity="1">
              <lines>
                <line number="27" hits="0" branch="False" />
                <line number="29" hits="0" branch="False" />
                <line number="30" hits="0" branch="False" />
                <line number="31" hits="0" branch="False" />
                <line number="33" hits="0" branch="False" />
                <line number="34" hits="0" branch="False" />
                <line number="35" hits="0" branch="False" />
                <line number="39" hits="0" branch="False" />
              </lines>
            </method>
          </methods>
          <lines>
            <line number="27" hits="0" branch="False" />
            <line number="29" hits="0" branch="False" />
            <line number="30" hits="0" branch="False" />
            <line number="31" hits="0" branch="False" />
            <line number="33" hits="0" branch="False" />
            <line number="34" hits="0" branch="False" />
            <line number="35" hits="0" branch="False" />
            <line number="39" hits="0" branch="False" />
          </lines>
        </class>
        <class name="MiniProjectApp.Controllers.UserController" filename="MyPersonalFiles\GensparkTraining\MiniProject\MiniProjectAppSolution\MiniProjectApp\Controllers\UserController.cs" line-rate="0" branch-rate="1" complexity="1">
          <methods>
            <method name=".ctor" signature="(MiniProjectApp.BussinessLogics.Interfaces.IUserServices)" line-rate="0" branch-rate="1" complexity="1">
              <lines>
                <line number="18" hits="0" branch="False" />
                <line number="19" hits="0" branch="False" />
                <line number="22" hits="0" branch="False" />
                <line number="24" hits="0" branch="False" />
              </lines>
            </method>
          </methods>
          <lines>
            <line number="18" hits="0" branch="False" />
            <line number="19" hits="0" branch="False" />
            <line number="22" hits="0" branch="False" />
            <line number="24" hits="0" branch="False" />
          </lines>
        </class>
        <class name="MiniProjectApp.Controllers.UserValidationController" filename="MyPersonalFiles\GensparkTraining\MiniProject\MiniProjectAppSolution\MiniProjectApp\Controllers\UserValidationController.cs" line-rate="0" branch-rate="1" complexity="1">
          <methods>
            <method name=".ctor" signature="(MiniProjectApp.Services.Interfaces.IUserValidationService)" line-rate="0" branch-rate="1" complexity="1">
              <lines>
                <line number="16" hits="0" branch="False" />
                <line number="17" hits="0" branch="False" />
                <line number="18" hits="0" branch="False" />
                <line number="19" hits="0" branch="False" />
              </lines>
            </method>
          </methods>
          <lines>
            <line number="16" hits="0" branch="False" />
            <line number="17" hits="0" branch="False" />
            <line number="18" hits="0" branch="False" />
            <line number="19" hits="0" branch="False" />
          </lines>
        </class>
        <class name="MiniProjectApp.Controllers.UserValidationController/&lt;ValidateUser&gt;d__2" filename="MyPersonalFiles\GensparkTraining\MiniProject\MiniProjectAppSolution\MiniProjectApp\Controllers\UserValidationController.cs" line-rate="0" branch-rate="1" complexity="1">
          <methods>
            <method name="MoveNext" signature="()" line-rate="0" branch-rate="1" complexity="1">
              <lines>
                <line number="26" hits="0" branch="False" />
                <line number="28" hits="0" branch="False" />
                <line number="29" hits="0" branch="False" />
                <line number="30" hits="0" branch="False" />
                <line number="31" hits="0" branch="False" />
                <line number="33" hits="0" branch="False" />
                <line number="34" hits="0" branch="False" />
                <line number="35" hits="0" branch="False" />
                <line number="39" hits="0" branch="False" />
              </lines>
            </method>
          </methods>
          <lines>
            <line number="26" hits="0" branch="False" />
            <line number="28" hits="0" branch="False" />
            <line number="29" hits="0" branch="False" />
            <line number="30" hits="0" branch="False" />
            <line number="31" hits="0" branch="False" />
            <line number="33" hits="0" branch="False" />
            <line number="34" hits="0" branch="False" />
            <line number="35" hits="0" branch="False" />
            <line number="39" hits="0" branch="False" />
          </lines>
        </class>
        <class name="MiniProjectApp.Context.LibraryManagementContext" filename="MyPersonalFiles\GensparkTraining\MiniProject\MiniProjectAppSolution\MiniProjectApp\Context\LibraryManagementContext.cs" line-rate="1" branch-rate="1" complexity="19">
          <methods>
            <method name="get_Users" signature="()" line-rate="1" branch-rate="1" complexity="1">
              <lines>
                <line number="14" hits="37" branch="False" />
              </lines>
            </method>
            <method name="get_UserCredentials" signature="()" line-rate="1" branch-rate="1" complexity="1">
              <lines>
                <line number="15" hits="16" branch="False" />
              </lines>
            </method>
            <method name="get_Books" signature="()" line-rate="1" branch-rate="1" complexity="1">
              <lines>
                <line number="16" hits="27" branch="False" />
              </lines>
            </method>
            <method name="get_Cart" signature="()" line-rate="1" branch-rate="1" complexity="1">
              <lines>
                <line number="17" hits="28" branch="False" />
              </lines>
            </method>
            <method name="get_RentCart" signature="()" line-rate="1" branch-rate="1" complexity="1">
              <lines>
                <line number="18" hits="16" branch="False" />
              </lines>
            </method>
            <method name="get_SuperRentCart" signature="()" line-rate="1" branch-rate="1" complexity="1">
              <lines>
                <line number="19" hits="16" branch="False" />
              </lines>
            </method>
            <method name="get_SalesStocks" signature="()" line-rate="1" branch-rate="1" complexity="1">
              <lines>
                <line number="20" hits="30" branch="False" />
              </lines>
            </method>
            <method name="get_Sales" signature="()" line-rate="1" branch-rate="1" complexity="1">
              <lines>
                <line number="22" hits="16" branch="False" />
              </lines>
            </method>
            <method name="get_SaleDetails" signature="()" line-rate="1" branch-rate="1" complexity="1">
              <lines>
                <line number="23" hits="16" branch="False" />
              </lines>
            </method>
            <method name="get_Feedbacks" signature="()" line-rate="1" branch-rate="1" complexity="1">
              <lines>
                <line number="24" hits="19" branch="False" />
              </lines>
            </method>
            <method name="get_Purchases" signature="()" line-rate="1" branch-rate="1" complexity="1">
              <lines>
                <line number="26" hits="16" branch="False" />
              </lines>
            </method>
            <method name="get_PurchaseDetails" signature="()" line-rate="1" branch-rate="1" complexity="1">
              <lines>
                <line number="28" hits="16" branch="False" />
              </lines>
            </method>
            <method name="get_RentStocks" signature="()" line-rate="1" branch-rate="1" complexity="1">
              <lines>
                <line number="30" hits="16" branch="False" />
              </lines>
            </method>
            <method name="get_Rents" signature="()" line-rate="1" branch-rate="1" complexity="1">
              <lines>
                <line number="32" hits="16" branch="False" />
              </lines>
            </method>
            <method name="get_RentDetails" signature="()" line-rate="1" branch-rate="1" complexity="1">
              <lines>
                <line number="34" hits="16" branch="False" />
              </lines>
            </method>
            <method name="get_Fines" signature="()" line-rate="1" branch-rate="1" complexity="1">
              <lines>
                <line number="36" hits="16" branch="False" />
              </lines>
            </method>
            <method name="get_FineDetails" signature="()" line-rate="1" branch-rate="1" complexity="1">
              <lines>
                <line number="38" hits="16" branch="False" />
              </lines>
            </method>
            <method name="OnModelCreating" signature="(Microsoft.EntityFrameworkCore.ModelBuilder)" line-rate="1" branch-rate="1" complexity="1">
              <lines>
                <line number="43" hits="2" branch="False" />
                <line number="44" hits="2" branch="False" />
                <line number="45" hits="2" branch="False" />
                <line number="46" hits="2" branch="False" />
                <line number="47" hits="2" branch="False" />
                <line number="48" hits="2" branch="False" />
                <line number="49" hits="2" branch="False" />
                <line number="50" hits="2" branch="False" />
                <line number="51" hits="2" branch="False" />
                <line number="52" hits="2" branch="False" />
                <line number="53" hits="2" branch="False" />
                <line number="54" hits="2" branch="False" />
                <line number="55" hits="2" branch="False" />
                <line number="57" hits="2" branch="False" />
                <line number="58" hits="2" branch="False" />
                <line number="59" hits="2" branch="False" />
                <line number="60" hits="2" branch="False" />
                <line number="61" hits="2" branch="False" />
                <line number="62" hits="2" branch="False" />
                <line number="63" hits="2" branch="False" />
                <line number="64" hits="2" branch="False" />
                <line number="65" hits="2" branch="False" />
                <line number="67" hits="2" branch="False" />
                <line number="68" hits="2" branch="False" />
                <line number="69" hits="2" branch="False" />
                <line number="70" hits="2" branch="False" />
                <line number="71" hits="2" branch="False" />
                <line number="72" hits="2" branch="False" />
                <line number="73" hits="2" branch="False" />
                <line number="74" hits="2" branch="False" />
                <line number="75" hits="2" branch="False" />
                <line number="77" hits="2" branch="False" />
                <line number="78" hits="2" branch="False" />
                <line number="79" hits="2" branch="False" />
                <line number="80" hits="2" branch="False" />
                <line number="81" hits="2" branch="False" />
                <line number="83" hits="2" branch="False" />
                <line number="84" hits="2" branch="False" />
                <line number="85" hits="2" branch="False" />
                <line number="86" hits="2" branch="False" />
                <line number="87" hits="2" branch="False" />
                <line number="92" hits="2" branch="False" />
                <line number="93" hits="2" branch="False" />
                <line number="95" hits="2" branch="False" />
                <line number="96" hits="2" branch="False" />
                <line number="98" hits="2" branch="False" />
                <line number="99" hits="2" branch="False" />
                <line number="101" hits="2" branch="False" />
                <line number="102" hits="2" branch="False" />
                <line number="104" hits="2" branch="False" />
                <line number="105" hits="2" branch="False" />
                <line number="107" hits="2" branch="False" />
                <line number="108" hits="2" branch="False" />
                <line number="110" hits="2" branch="False" />
                <line number="111" hits="2" branch="False" />
                <line number="114" hits="2" branch="False" />
                <line number="115" hits="2" branch="False" />
                <line number="116" hits="2" branch="False" />
                <line number="117" hits="2" branch="False" />
                <line number="122" hits="2" branch="False" />
              </lines>
            </method>
            <method name=".ctor" signature="(Microsoft.EntityFrameworkCore.DbContextOptions)" line-rate="1" branch-rate="1" complexity="1">
              <lines>
                <line number="9" hits="16" branch="False" />
                <line number="10" hits="16" branch="False" />
                <line number="12" hits="16" branch="False" />
              </lines>
            </method>
          </methods>
          <lines>
            <line number="14" hits="37" branch="False" />
            <line number="15" hits="16" branch="False" />
            <line number="16" hits="27" branch="False" />
            <line number="17" hits="28" branch="False" />
            <line number="18" hits="16" branch="False" />
            <line number="19" hits="16" branch="False" />
            <line number="20" hits="30" branch="False" />
            <line number="22" hits="16" branch="False" />
            <line number="23" hits="16" branch="False" />
            <line number="24" hits="19" branch="False" />
            <line number="26" hits="16" branch="False" />
            <line number="28" hits="16" branch="False" />
            <line number="30" hits="16" branch="False" />
            <line number="32" hits="16" branch="False" />
            <line number="34" hits="16" branch="False" />
            <line number="36" hits="16" branch="False" />
            <line number="38" hits="16" branch="False" />
            <line number="43" hits="2" branch="False" />
            <line number="44" hits="2" branch="False" />
            <line number="45" hits="2" branch="False" />
            <line number="46" hits="2" branch="False" />
            <line number="47" hits="2" branch="False" />
            <line number="48" hits="2" branch="False" />
            <line number="49" hits="2" branch="False" />
            <line number="50" hits="2" branch="False" />
            <line number="51" hits="2" branch="False" />
            <line number="52" hits="2" branch="False" />
            <line number="53" hits="2" branch="False" />
            <line number="54" hits="2" branch="False" />
            <line number="55" hits="2" branch="False" />
            <line number="57" hits="2" branch="False" />
            <line number="58" hits="2" branch="False" />
            <line number="59" hits="2" branch="False" />
            <line number="60" hits="2" branch="False" />
            <line number="61" hits="2" branch="False" />
            <line number="62" hits="2" branch="False" />
            <line number="63" hits="2" branch="False" />
            <line number="64" hits="2" branch="False" />
            <line number="65" hits="2" branch="False" />
            <line number="67" hits="2" branch="False" />
            <line number="68" hits="2" branch="False" />
            <line number="69" hits="2" branch="False" />
            <line number="70" hits="2" branch="False" />
            <line number="71" hits="2" branch="False" />
            <line number="72" hits="2" branch="False" />
            <line number="73" hits="2" branch="False" />
            <line number="74" hits="2" branch="False" />
            <line number="75" hits="2" branch="False" />
            <line number="77" hits="2" branch="False" />
            <line number="78" hits="2" branch="False" />
            <line number="79" hits="2" branch="False" />
            <line number="80" hits="2" branch="False" />
            <line number="81" hits="2" branch="False" />
            <line number="83" hits="2" branch="False" />
            <line number="84" hits="2" branch="False" />
            <line number="85" hits="2" branch="False" />
            <line number="86" hits="2" branch="False" />
            <line number="87" hits="2" branch="False" />
            <line number="92" hits="2" branch="False" />
            <line number="93" hits="2" branch="False" />
            <line number="95" hits="2" branch="False" />
            <line number="96" hits="2" branch="False" />
            <line number="98" hits="2" branch="False" />
            <line number="99" hits="2" branch="False" />
            <line number="101" hits="2" branch="False" />
            <line number="102" hits="2" branch="False" />
            <line number="104" hits="2" branch="False" />
            <line number="105" hits="2" branch="False" />
            <line number="107" hits="2" branch="False" />
            <line number="108" hits="2" branch="False" />
            <line number="110" hits="2" branch="False" />
            <line number="111" hits="2" branch="False" />
            <line number="114" hits="2" branch="False" />
            <line number="115" hits="2" branch="False" />
            <line number="116" hits="2" branch="False" />
            <line number="117" hits="2" branch="False" />
            <line number="122" hits="2" branch="False" />
            <line number="9" hits="16" branch="False" />
            <line number="10" hits="16" branch="False" />
            <line number="12" hits="16" branch="False" />
          </lines>
        </class>
      </classes>
    </package>
  </packages>
</coverage>