<?xml version="1.0" encoding="utf-8"?>
<coverage line-rate="0.8256999999999999" branch-rate="0.5978" version="1.9" timestamp="1717553841" lines-covered="2052" lines-valid="2485" branches-covered="165" branches-valid="276">
  <sources>
    <source>C:\</source>
  </sources>
  <packages>
    <package name="LibraryManagemenTest" line-rate="0.9440000000000001" branch-rate="1" complexity="105">
      <classes>
        <class name="AutoGeneratedProgram" filename="Users\VC\.nuget\packages\microsoft.net.test.sdk\17.5.0\build\netcoreapp3.1\Microsoft.NET.Test.Sdk.Program.cs" line-rate="0" branch-rate="1" complexity="1">
          <methods>
            <method name="Main" signature="(System.String[])" line-rate="0" branch-rate="1" complexity="1">
              <lines>
                <line number="4" hits="0" branch="False" />
              </lines>
            </method>
          </methods>
          <lines>
            <line number="4" hits="0" branch="False" />
          </lines>
        </class>
        <class name="LibraryManagemenTest.AuthServicesTest/&lt;&gt;c__DisplayClass1_0/&lt;&lt;UserLoginIncorrectUserId&gt;b__0&gt;d" filename="MyPersonalFiles\GensparkTraining\MiniProject\MiniProjectAppSolution\LibraryManagemenTest\AuthServicesTest.cs" line-rate="1" branch-rate="1" complexity="1">
          <methods>
            <method name="MoveNext" signature="()" line-rate="1" branch-rate="1" complexity="1">
              <lines>
                <line number="57" hits="2" branch="False" />
              </lines>
            </method>
          </methods>
          <lines>
            <line number="57" hits="2" branch="False" />
          </lines>
        </class>
        <class name="LibraryManagemenTest.AuthServicesTest/&lt;&gt;c__DisplayClass2_0/&lt;&lt;UserLoginIncorrectPassword&gt;b__0&gt;d" filename="MyPersonalFiles\GensparkTraining\MiniProject\MiniProjectAppSolution\LibraryManagemenTest\AuthServicesTest.cs" line-rate="1" branch-rate="1" complexity="1">
          <methods>
            <method name="MoveNext" signature="()" line-rate="1" branch-rate="1" complexity="1">
              <lines>
                <line number="81" hits="2" branch="False" />
              </lines>
            </method>
          </methods>
          <lines>
            <line number="81" hits="2" branch="False" />
          </lines>
        </class>
        <class name="LibraryManagemenTest.AuthServicesTest/&lt;UpgradeToPremium&gt;d__4" filename="MyPersonalFiles\GensparkTraining\MiniProject\MiniProjectAppSolution\LibraryManagemenTest\AuthServicesTest.cs" line-rate="0.909" branch-rate="1" complexity="1">
          <methods>
            <method name="MoveNext" signature="()" line-rate="0.909" branch-rate="1" complexity="1">
              <lines>
                <line number="112" hits="1" branch="False" />
                <line number="113" hits="1" branch="False" />
                <line number="114" hits="1" branch="False" />
                <line number="115" hits="1" branch="False" />
                <line number="116" hits="1" branch="False" />
                <line number="117" hits="1" branch="False" />
                <line number="119" hits="1" branch="False" />
                <line number="122" hits="1" branch="False" />
                <line number="124" hits="1" branch="False" />
                <line number="125" hits="1" branch="False" />
                <line number="130" hits="0" branch="False" />
              </lines>
            </method>
          </methods>
          <lines>
            <line number="112" hits="1" branch="False" />
            <line number="113" hits="1" branch="False" />
            <line number="114" hits="1" branch="False" />
            <line number="115" hits="1" branch="False" />
            <line number="116" hits="1" branch="False" />
            <line number="117" hits="1" branch="False" />
            <line number="119" hits="1" branch="False" />
            <line number="122" hits="1" branch="False" />
            <line number="124" hits="1" branch="False" />
            <line number="125" hits="1" branch="False" />
            <line number="130" hits="0" branch="False" />
          </lines>
        </class>
        <class name="LibraryManagemenTest.AuthServicesTest/&lt;UserLogin&gt;d__0" filename="MyPersonalFiles\GensparkTraining\MiniProject\MiniProjectAppSolution\LibraryManagemenTest\AuthServicesTest.cs" line-rate="0.9285" branch-rate="1" complexity="1">
          <methods>
            <method name="MoveNext" signature="()" line-rate="0.9285" branch-rate="1" complexity="1">
              <lines>
                <line number="16" hits="1" branch="False" />
                <line number="17" hits="1" branch="False" />
                <line number="18" hits="1" branch="False" />
                <line number="19" hits="1" branch="False" />
                <line number="20" hits="1" branch="False" />
                <line number="21" hits="1" branch="False" />
                <line number="23" hits="1" branch="False" />
                <line number="26" hits="1" branch="False" />
                <line number="28" hits="1" branch="False" />
                <line number="29" hits="1" branch="False" />
                <line number="31" hits="1" branch="False" />
                <line number="33" hits="1" branch="False" />
                <line number="34" hits="1" branch="False" />
                <line number="37" hits="0" branch="False" />
              </lines>
            </method>
          </methods>
          <lines>
            <line number="16" hits="1" branch="False" />
            <line number="17" hits="1" branch="False" />
            <line number="18" hits="1" branch="False" />
            <line number="19" hits="1" branch="False" />
            <line number="20" hits="1" branch="False" />
            <line number="21" hits="1" branch="False" />
            <line number="23" hits="1" branch="False" />
            <line number="26" hits="1" branch="False" />
            <line number="28" hits="1" branch="False" />
            <line number="29" hits="1" branch="False" />
            <line number="31" hits="1" branch="False" />
            <line number="33" hits="1" branch="False" />
            <line number="34" hits="1" branch="False" />
            <line number="37" hits="0" branch="False" />
          </lines>
        </class>
        <class name="LibraryManagemenTest.AuthServicesTest/&lt;UserLoginIncorrectPassword&gt;d__2" filename="MyPersonalFiles\GensparkTraining\MiniProject\MiniProjectAppSolution\LibraryManagemenTest\AuthServicesTest.cs" line-rate="1" branch-rate="1" complexity="1">
          <methods>
            <method name="MoveNext" signature="()" line-rate="1" branch-rate="1" complexity="1">
              <lines>
                <line number="65" hits="1" branch="False" />
                <line number="66" hits="1" branch="False" />
                <line number="67" hits="1" branch="False" />
                <line number="68" hits="1" branch="False" />
                <line number="69" hits="1" branch="False" />
                <line number="70" hits="1" branch="False" />
                <line number="72" hits="1" branch="False" />
                <line number="75" hits="1" branch="False" />
                <line number="77" hits="1" branch="False" />
                <line number="78" hits="1" branch="False" />
                <line number="82" hits="1" branch="False" />
                <line number="85" hits="1" branch="False" />
              </lines>
            </method>
          </methods>
          <lines>
            <line number="65" hits="1" branch="False" />
            <line number="66" hits="1" branch="False" />
            <line number="67" hits="1" branch="False" />
            <line number="68" hits="1" branch="False" />
            <line number="69" hits="1" branch="False" />
            <line number="70" hits="1" branch="False" />
            <line number="72" hits="1" branch="False" />
            <line number="75" hits="1" branch="False" />
            <line number="77" hits="1" branch="False" />
            <line number="78" hits="1" branch="False" />
            <line number="82" hits="1" branch="False" />
            <line number="85" hits="1" branch="False" />
          </lines>
        </class>
        <class name="LibraryManagemenTest.AuthServicesTest/&lt;UserLoginIncorrectUserId&gt;d__1" filename="MyPersonalFiles\GensparkTraining\MiniProject\MiniProjectAppSolution\LibraryManagemenTest\AuthServicesTest.cs" line-rate="1" branch-rate="1" complexity="1">
          <methods>
            <method name="MoveNext" signature="()" line-rate="1" branch-rate="1" complexity="1">
              <lines>
                <line number="41" hits="1" branch="False" />
                <line number="42" hits="1" branch="False" />
                <line number="43" hits="1" branch="False" />
                <line number="44" hits="1" branch="False" />
                <line number="45" hits="1" branch="False" />
                <line number="46" hits="1" branch="False" />
                <line number="48" hits="1" branch="False" />
                <line number="51" hits="1" branch="False" />
                <line number="53" hits="1" branch="False" />
                <line number="54" hits="1" branch="False" />
                <line number="58" hits="1" branch="False" />
                <line number="61" hits="1" branch="False" />
              </lines>
            </method>
          </methods>
          <lines>
            <line number="41" hits="1" branch="False" />
            <line number="42" hits="1" branch="False" />
            <line number="43" hits="1" branch="False" />
            <line number="44" hits="1" branch="False" />
            <line number="45" hits="1" branch="False" />
            <line number="46" hits="1" branch="False" />
            <line number="48" hits="1" branch="False" />
            <line number="51" hits="1" branch="False" />
            <line number="53" hits="1" branch="False" />
            <line number="54" hits="1" branch="False" />
            <line number="58" hits="1" branch="False" />
            <line number="61" hits="1" branch="False" />
          </lines>
        </class>
        <class name="LibraryManagemenTest.AuthServicesTest/&lt;UserRegister&gt;d__3" filename="MyPersonalFiles\GensparkTraining\MiniProject\MiniProjectAppSolution\LibraryManagemenTest\AuthServicesTest.cs" line-rate="0.9" branch-rate="1" complexity="1">
          <methods>
            <method name="MoveNext" signature="()" line-rate="0.9" branch-rate="1" complexity="1">
              <lines>
                <line number="92" hits="1" branch="False" />
                <line number="93" hits="1" branch="False" />
                <line number="94" hits="1" branch="False" />
                <line number="95" hits="1" branch="False" />
                <line number="96" hits="1" branch="False" />
                <line number="97" hits="1" branch="False" />
                <line number="99" hits="1" branch="False" />
                <line number="101" hits="1" branch="False" />
                <line number="102" hits="1" branch="False" />
                <line number="105" hits="0" branch="False" />
              </lines>
            </method>
          </methods>
          <lines>
            <line number="92" hits="1" branch="False" />
            <line number="93" hits="1" branch="False" />
            <line number="94" hits="1" branch="False" />
            <line number="95" hits="1" branch="False" />
            <line number="96" hits="1" branch="False" />
            <line number="97" hits="1" branch="False" />
            <line number="99" hits="1" branch="False" />
            <line number="101" hits="1" branch="False" />
            <line number="102" hits="1" branch="False" />
            <line number="105" hits="0" branch="False" />
          </lines>
        </class>
        <class name="LibraryManagemenTest.BaseSetup" filename="MyPersonalFiles\GensparkTraining\MiniProject\MiniProjectAppSolution\LibraryManagemenTest\BaseSetup.cs" line-rate="1" branch-rate="1" complexity="1">
          <methods>
            <method name="TearDown" signature="()" line-rate="1" branch-rate="1" complexity="1">
              <lines>
                <line number="138" hits="69" branch="False" />
                <line number="139" hits="69" branch="False" />
                <line number="140" hits="69" branch="False" />
                <line number="141" hits="69" branch="False" />
              </lines>
            </method>
          </methods>
          <lines>
            <line number="138" hits="69" branch="False" />
            <line number="139" hits="69" branch="False" />
            <line number="140" hits="69" branch="False" />
            <line number="141" hits="69" branch="False" />
          </lines>
        </class>
        <class name="LibraryManagemenTest.BaseSetup/&lt;Setup&gt;d__28" filename="MyPersonalFiles\GensparkTraining\MiniProject\MiniProjectAppSolution\LibraryManagemenTest\BaseSetup.cs" line-rate="1" branch-rate="1" complexity="1">
          <methods>
            <method name="MoveNext" signature="()" line-rate="1" branch-rate="1" complexity="1">
              <lines>
                <line number="62" hits="69" branch="False" />
                <line number="64" hits="69" branch="False" />
                <line number="65" hits="69" branch="False" />
                <line number="66" hits="69" branch="False" />
                <line number="68" hits="69" branch="False" />
                <line number="70" hits="69" branch="False" />
                <line number="71" hits="69" branch="False" />
                <line number="72" hits="69" branch="False" />
                <line number="75" hits="69" branch="False" />
                <line number="76" hits="69" branch="False" />
                <line number="77" hits="69" branch="False" />
                <line number="78" hits="69" branch="False" />
                <line number="79" hits="69" branch="False" />
                <line number="80" hits="69" branch="False" />
                <line number="87" hits="69" branch="False" />
                <line number="88" hits="69" branch="False" />
                <line number="90" hits="69" branch="False" />
                <line number="91" hits="69" branch="False" />
                <line number="92" hits="69" branch="False" />
                <line number="93" hits="69" branch="False" />
                <line number="94" hits="69" branch="False" />
                <line number="95" hits="69" branch="False" />
                <line number="96" hits="69" branch="False" />
                <line number="97" hits="69" branch="False" />
                <line number="98" hits="69" branch="False" />
                <line number="99" hits="69" branch="False" />
                <line number="100" hits="69" branch="False" />
                <line number="101" hits="69" branch="False" />
                <line number="102" hits="69" branch="False" />
                <line number="103" hits="69" branch="False" />
                <line number="107" hits="69" branch="False" />
                <line number="109" hits="69" branch="False" />
                <line number="110" hits="69" branch="False" />
                <line number="113" hits="69" branch="False" />
                <line number="115" hits="69" branch="False" />
                <line number="117" hits="69" branch="False" />
                <line number="119" hits="69" branch="False" />
                <line number="121" hits="69" branch="False" />
                <line number="123" hits="69" branch="False" />
                <line number="125" hits="69" branch="False" />
                <line number="127" hits="69" branch="False" />
                <line number="129" hits="69" branch="False" />
                <line number="131" hits="69" branch="False" />
              </lines>
            </method>
          </methods>
          <lines>
            <line number="62" hits="69" branch="False" />
            <line number="64" hits="69" branch="False" />
            <line number="65" hits="69" branch="False" />
            <line number="66" hits="69" branch="False" />
            <line number="68" hits="69" branch="False" />
            <line number="70" hits="69" branch="False" />
            <line number="71" hits="69" branch="False" />
            <line number="72" hits="69" branch="False" />
            <line number="75" hits="69" branch="False" />
            <line number="76" hits="69" branch="False" />
            <line number="77" hits="69" branch="False" />
            <line number="78" hits="69" branch="False" />
            <line number="79" hits="69" branch="False" />
            <line number="80" hits="69" branch="False" />
            <line number="87" hits="69" branch="False" />
            <line number="88" hits="69" branch="False" />
            <line number="90" hits="69" branch="False" />
            <line number="91" hits="69" branch="False" />
            <line number="92" hits="69" branch="False" />
            <line number="93" hits="69" branch="False" />
            <line number="94" hits="69" branch="False" />
            <line number="95" hits="69" branch="False" />
            <line number="96" hits="69" branch="False" />
            <line number="97" hits="69" branch="False" />
            <line number="98" hits="69" branch="False" />
            <line number="99" hits="69" branch="False" />
            <line number="100" hits="69" branch="False" />
            <line number="101" hits="69" branch="False" />
            <line number="102" hits="69" branch="False" />
            <line number="103" hits="69" branch="False" />
            <line number="107" hits="69" branch="False" />
            <line number="109" hits="69" branch="False" />
            <line number="110" hits="69" branch="False" />
            <line number="113" hits="69" branch="False" />
            <line number="115" hits="69" branch="False" />
            <line number="117" hits="69" branch="False" />
            <line number="119" hits="69" branch="False" />
            <line number="121" hits="69" branch="False" />
            <line number="123" hits="69" branch="False" />
            <line number="125" hits="69" branch="False" />
            <line number="127" hits="69" branch="False" />
            <line number="129" hits="69" branch="False" />
            <line number="131" hits="69" branch="False" />
          </lines>
        </class>
        <class name="LibraryManagemenTest.BookServicesTest" filename="MyPersonalFiles\GensparkTraining\MiniProject\MiniProjectAppSolution\LibraryManagemenTest\BookServicesTest.cs" line-rate="1" branch-rate="1" complexity="1">
          <methods>
            <method name="Setup" signature="()" line-rate="1" branch-rate="1" complexity="1">
              <lines>
                <line number="12" hits="8" branch="False" />
                <line number="13" hits="8" branch="False" />
              </lines>
            </method>
          </methods>
          <lines>
            <line number="12" hits="8" branch="False" />
            <line number="13" hits="8" branch="False" />
          </lines>
        </class>
        <class name="LibraryManagemenTest.BookServicesTest/&lt;&lt;GetFeedbackEmptyListFail&gt;b__8_0&gt;d" filename="MyPersonalFiles\GensparkTraining\MiniProject\MiniProjectAppSolution\LibraryManagemenTest\BookServicesTest.cs" line-rate="1" branch-rate="1" complexity="1">
          <methods>
            <method name="MoveNext" signature="()" line-rate="1" branch-rate="1" complexity="1">
              <lines>
                <line number="123" hits="2" branch="False" />
              </lines>
            </method>
          </methods>
          <lines>
            <line number="123" hits="2" branch="False" />
          </lines>
        </class>
        <class name="LibraryManagemenTest.BookServicesTest/&lt;&lt;GetFeedbackFail&gt;b__7_0&gt;d" filename="MyPersonalFiles\GensparkTraining\MiniProject\MiniProjectAppSolution\LibraryManagemenTest\BookServicesTest.cs" line-rate="1" branch-rate="1" complexity="1">
          <methods>
            <method name="MoveNext" signature="()" line-rate="1" branch-rate="1" complexity="1">
              <lines>
                <line number="103" hits="2" branch="False" />
              </lines>
            </method>
          </methods>
          <lines>
            <line number="103" hits="2" branch="False" />
          </lines>
        </class>
        <class name="LibraryManagemenTest.BookServicesTest/&lt;&gt;c__DisplayClass4_0/&lt;&lt;GiveFeedbackUserIdFail&gt;b__0&gt;d" filename="MyPersonalFiles\GensparkTraining\MiniProject\MiniProjectAppSolution\LibraryManagemenTest\BookServicesTest.cs" line-rate="1" branch-rate="1" complexity="1">
          <methods>
            <method name="MoveNext" signature="()" line-rate="1" branch-rate="1" complexity="1">
              <lines>
                <line number="50" hits="2" branch="False" />
              </lines>
            </method>
          </methods>
          <lines>
            <line number="50" hits="2" branch="False" />
          </lines>
        </class>
        <class name="LibraryManagemenTest.BookServicesTest/&lt;&gt;c__DisplayClass5_0/&lt;&lt;GiveFeedbackBookIdFail&gt;b__0&gt;d" filename="MyPersonalFiles\GensparkTraining\MiniProject\MiniProjectAppSolution\LibraryManagemenTest\BookServicesTest.cs" line-rate="1" branch-rate="1" complexity="1">
          <methods>
            <method name="MoveNext" signature="()" line-rate="1" branch-rate="1" complexity="1">
              <lines>
                <line number="61" hits="2" branch="False" />
              </lines>
            </method>
          </methods>
          <lines>
            <line number="61" hits="2" branch="False" />
          </lines>
        </class>
        <class name="LibraryManagemenTest.BookServicesTest/&lt;GetFeedback&gt;d__6" filename="MyPersonalFiles\GensparkTraining\MiniProject\MiniProjectAppSolution\LibraryManagemenTest\BookServicesTest.cs" line-rate="0.909" branch-rate="1" complexity="1">
          <methods>
            <method name="MoveNext" signature="()" line-rate="0.909" branch-rate="1" complexity="1">
              <lines>
                <line number="68" hits="1" branch="False" />
                <line number="69" hits="1" branch="False" />
                <line number="70" hits="1" branch="False" />
                <line number="71" hits="1" branch="False" />
                <line number="74" hits="1" branch="False" />
                <line number="76" hits="1" branch="False" />
                <line number="80" hits="1" branch="False" />
                <line number="81" hits="1" branch="False" />
                <line number="82" hits="1" branch="False" />
                <line number="83" hits="1" branch="False" />
                <line number="85" hits="0" branch="False" />
              </lines>
            </method>
          </methods>
          <lines>
            <line number="68" hits="1" branch="False" />
            <line number="69" hits="1" branch="False" />
            <line number="70" hits="1" branch="False" />
            <line number="71" hits="1" branch="False" />
            <line number="74" hits="1" branch="False" />
            <line number="76" hits="1" branch="False" />
            <line number="80" hits="1" branch="False" />
            <line number="81" hits="1" branch="False" />
            <line number="82" hits="1" branch="False" />
            <line number="83" hits="1" branch="False" />
            <line number="85" hits="0" branch="False" />
          </lines>
        </class>
        <class name="LibraryManagemenTest.BookServicesTest/&lt;GetFeedbackEmptyListFail&gt;d__8" filename="MyPersonalFiles\GensparkTraining\MiniProject\MiniProjectAppSolution\LibraryManagemenTest\BookServicesTest.cs" line-rate="1" branch-rate="1" complexity="1">
          <methods>
            <method name="MoveNext" signature="()" line-rate="1" branch-rate="1" complexity="1">
              <lines>
                <line number="110" hits="1" branch="False" />
                <line number="111" hits="1" branch="False" />
                <line number="112" hits="1" branch="False" />
                <line number="113" hits="1" branch="False" />
                <line number="116" hits="1" branch="False" />
                <line number="117" hits="1" branch="False" />
                <line number="124" hits="1" branch="False" />
                <line number="126" hits="1" branch="False" />
              </lines>
            </method>
          </methods>
          <lines>
            <line number="110" hits="1" branch="False" />
            <line number="111" hits="1" branch="False" />
            <line number="112" hits="1" branch="False" />
            <line number="113" hits="1" branch="False" />
            <line number="116" hits="1" branch="False" />
            <line number="117" hits="1" branch="False" />
            <line number="124" hits="1" branch="False" />
            <line number="126" hits="1" branch="False" />
          </lines>
        </class>
        <class name="LibraryManagemenTest.BookServicesTest/&lt;GetFeedbackFail&gt;d__7" filename="MyPersonalFiles\GensparkTraining\MiniProject\MiniProjectAppSolution\LibraryManagemenTest\BookServicesTest.cs" line-rate="1" branch-rate="1" complexity="1">
          <methods>
            <method name="MoveNext" signature="()" line-rate="1" branch-rate="1" complexity="1">
              <lines>
                <line number="89" hits="1" branch="False" />
                <line number="90" hits="1" branch="False" />
                <line number="91" hits="1" branch="False" />
                <line number="92" hits="1" branch="False" />
                <line number="95" hits="1" branch="False" />
                <line number="97" hits="1" branch="False" />
                <line number="104" hits="1" branch="False" />
                <line number="106" hits="1" branch="False" />
              </lines>
            </method>
          </methods>
          <lines>
            <line number="89" hits="1" branch="False" />
            <line number="90" hits="1" branch="False" />
            <line number="91" hits="1" branch="False" />
            <line number="92" hits="1" branch="False" />
            <line number="95" hits="1" branch="False" />
            <line number="97" hits="1" branch="False" />
            <line number="104" hits="1" branch="False" />
            <line number="106" hits="1" branch="False" />
          </lines>
        </class>
        <class name="LibraryManagemenTest.BookServicesTest/&lt;GiveFeedback&gt;d__3" filename="MyPersonalFiles\GensparkTraining\MiniProject\MiniProjectAppSolution\LibraryManagemenTest\BookServicesTest.cs" line-rate="1" branch-rate="1" complexity="1">
          <methods>
            <method name="MoveNext" signature="()" line-rate="1" branch-rate="1" complexity="1">
              <lines>
                <line number="36" hits="1" branch="False" />
                <line number="37" hits="1" branch="False" />
                <line number="38" hits="1" branch="False" />
                <line number="39" hits="1" branch="False" />
                <line number="40" hits="1" branch="False" />
                <line number="42" hits="1" branch="False" />
              </lines>
            </method>
          </methods>
          <lines>
            <line number="36" hits="1" branch="False" />
            <line number="37" hits="1" branch="False" />
            <line number="38" hits="1" branch="False" />
            <line number="39" hits="1" branch="False" />
            <line number="40" hits="1" branch="False" />
            <line number="42" hits="1" branch="False" />
          </lines>
        </class>
        <class name="LibraryManagemenTest.BookServicesTest/&lt;GiveFeedbackBookIdFail&gt;d__5" filename="MyPersonalFiles\GensparkTraining\MiniProject\MiniProjectAppSolution\LibraryManagemenTest\BookServicesTest.cs" line-rate="1" branch-rate="1" complexity="1">
          <methods>
            <method name="MoveNext" signature="()" line-rate="1" branch-rate="1" complexity="1">
              <lines>
                <line number="57" hits="1" branch="False" />
                <line number="58" hits="1" branch="False" />
                <line number="60" hits="1" branch="False" />
                <line number="62" hits="1" branch="False" />
                <line number="64" hits="1" branch="False" />
              </lines>
            </method>
          </methods>
          <lines>
            <line number="57" hits="1" branch="False" />
            <line number="58" hits="1" branch="False" />
            <line number="60" hits="1" branch="False" />
            <line number="62" hits="1" branch="False" />
            <line number="64" hits="1" branch="False" />
          </lines>
        </class>
        <class name="LibraryManagemenTest.BookServicesTest/&lt;GiveFeedbackUserIdFail&gt;d__4" filename="MyPersonalFiles\GensparkTraining\MiniProject\MiniProjectAppSolution\LibraryManagemenTest\BookServicesTest.cs" line-rate="1" branch-rate="1" complexity="1">
          <methods>
            <method name="MoveNext" signature="()" line-rate="1" branch-rate="1" complexity="1">
              <lines>
                <line number="46" hits="1" branch="False" />
                <line number="47" hits="1" branch="False" />
                <line number="49" hits="1" branch="False" />
                <line number="51" hits="1" branch="False" />
                <line number="53" hits="1" branch="False" />
              </lines>
            </method>
          </methods>
          <lines>
            <line number="46" hits="1" branch="False" />
            <line number="47" hits="1" branch="False" />
            <line number="49" hits="1" branch="False" />
            <line number="51" hits="1" branch="False" />
            <line number="53" hits="1" branch="False" />
          </lines>
        </class>
        <class name="LibraryManagemenTest.BookServicesTest/&lt;ViewBooksForRent&gt;d__2" filename="MyPersonalFiles\GensparkTraining\MiniProject\MiniProjectAppSolution\LibraryManagemenTest\BookServicesTest.cs" line-rate="0.8" branch-rate="1" complexity="1">
          <methods>
            <method name="MoveNext" signature="()" line-rate="0.8" branch-rate="1" complexity="1">
              <lines>
                <line number="26" hits="1" branch="False" />
                <line number="27" hits="1" branch="False" />
                <line number="29" hits="1" branch="False" />
                <line number="30" hits="1" branch="False" />
                <line number="31" hits="0" branch="False" />
              </lines>
            </method>
          </methods>
          <lines>
            <line number="26" hits="1" branch="False" />
            <line number="27" hits="1" branch="False" />
            <line number="29" hits="1" branch="False" />
            <line number="30" hits="1" branch="False" />
            <line number="31" hits="0" branch="False" />
          </lines>
        </class>
        <class name="LibraryManagemenTest.BookServicesTest/&lt;ViewBooksForSale&gt;d__1" filename="MyPersonalFiles\GensparkTraining\MiniProject\MiniProjectAppSolution\LibraryManagemenTest\BookServicesTest.cs" line-rate="0.8" branch-rate="1" complexity="1">
          <methods>
            <method name="MoveNext" signature="()" line-rate="0.8" branch-rate="1" complexity="1">
              <lines>
                <line number="17" hits="1" branch="False" />
                <line number="18" hits="1" branch="False" />
                <line number="20" hits="1" branch="False" />
                <line number="21" hits="1" branch="False" />
                <line number="22" hits="0" branch="False" />
              </lines>
            </method>
          </methods>
          <lines>
            <line number="17" hits="1" branch="False" />
            <line number="18" hits="1" branch="False" />
            <line number="20" hits="1" branch="False" />
            <line number="21" hits="1" branch="False" />
            <line number="22" hits="0" branch="False" />
          </lines>
        </class>
        <class name="LibraryManagemenTest.CartServicesTest/&lt;&lt;AddItemsToCartBookIdFail&gt;b__2_0&gt;d" filename="MyPersonalFiles\GensparkTraining\MiniProject\MiniProjectAppSolution\LibraryManagemenTest\CartServicesTest.cs" line-rate="1" branch-rate="1" complexity="1">
          <methods>
            <method name="MoveNext" signature="()" line-rate="1" branch-rate="1" complexity="1">
              <lines>
                <line number="39" hits="2" branch="False" />
              </lines>
            </method>
          </methods>
          <lines>
            <line number="39" hits="2" branch="False" />
          </lines>
        </class>
        <class name="LibraryManagemenTest.CartServicesTest/&lt;&lt;AddItemsToCartOutofStock&gt;b__3_0&gt;d" filename="MyPersonalFiles\GensparkTraining\MiniProject\MiniProjectAppSolution\LibraryManagemenTest\CartServicesTest.cs" line-rate="1" branch-rate="1" complexity="1">
          <methods>
            <method name="MoveNext" signature="()" line-rate="1" branch-rate="1" complexity="1">
              <lines>
                <line number="47" hits="2" branch="False" />
              </lines>
            </method>
          </methods>
          <lines>
            <line number="47" hits="2" branch="False" />
          </lines>
        </class>
        <class name="LibraryManagemenTest.CartServicesTest/&lt;&lt;AddItemsToCartUserIdFail&gt;b__1_0&gt;d" filename="MyPersonalFiles\GensparkTraining\MiniProject\MiniProjectAppSolution\LibraryManagemenTest\CartServicesTest.cs" line-rate="1" branch-rate="1" complexity="1">
          <methods>
            <method name="MoveNext" signature="()" line-rate="1" branch-rate="1" complexity="1">
              <lines>
                <line number="30" hits="2" branch="False" />
              </lines>
            </method>
          </methods>
          <lines>
            <line number="30" hits="2" branch="False" />
          </lines>
        </class>
        <class name="LibraryManagemenTest.CartServicesTest/&lt;&lt;CheckoutCartEmptyCartFail&gt;b__9_0&gt;d" filename="MyPersonalFiles\GensparkTraining\MiniProject\MiniProjectAppSolution\LibraryManagemenTest\CartServicesTest.cs" line-rate="1" branch-rate="1" complexity="1">
          <methods>
            <method name="MoveNext" signature="()" line-rate="1" branch-rate="1" complexity="1">
              <lines>
                <line number="118" hits="2" branch="False" />
              </lines>
            </method>
          </methods>
          <lines>
            <line number="118" hits="2" branch="False" />
          </lines>
        </class>
        <class name="LibraryManagemenTest.CartServicesTest/&lt;&lt;CheckoutCartOutOfStockFail&gt;b__10_0&gt;d" filename="MyPersonalFiles\GensparkTraining\MiniProject\MiniProjectAppSolution\LibraryManagemenTest\CartServicesTest.cs" line-rate="1" branch-rate="1" complexity="1">
          <methods>
            <method name="MoveNext" signature="()" line-rate="1" branch-rate="1" complexity="1">
              <lines>
                <line number="131" hits="2" branch="False" />
              </lines>
            </method>
          </methods>
          <lines>
            <line number="131" hits="2" branch="False" />
          </lines>
        </class>
        <class name="LibraryManagemenTest.CartServicesTest/&lt;&lt;GetCartItemsFail&gt;b__12_0&gt;d" filename="MyPersonalFiles\GensparkTraining\MiniProject\MiniProjectAppSolution\LibraryManagemenTest\CartServicesTest.cs" line-rate="1" branch-rate="1" complexity="1">
          <methods>
            <method name="MoveNext" signature="()" line-rate="1" branch-rate="1" complexity="1">
              <lines>
                <line number="153" hits="2" branch="False" />
              </lines>
            </method>
          </methods>
          <lines>
            <line number="153" hits="2" branch="False" />
          </lines>
        </class>
        <class name="LibraryManagemenTest.CartServicesTest/&lt;&lt;GetRentCartItemsFail&gt;b__14_0&gt;d" filename="MyPersonalFiles\GensparkTraining\MiniProject\MiniProjectAppSolution\LibraryManagemenTest\CartServicesTest.cs" line-rate="1" branch-rate="1" complexity="1">
          <methods>
            <method name="MoveNext" signature="()" line-rate="1" branch-rate="1" complexity="1">
              <lines>
                <line number="181" hits="2" branch="False" />
              </lines>
            </method>
          </methods>
          <lines>
            <line number="181" hits="2" branch="False" />
          </lines>
        </class>
        <class name="LibraryManagemenTest.CartServicesTest/&lt;&lt;GetSuperRentCartItemsFail&gt;b__16_0&gt;d" filename="MyPersonalFiles\GensparkTraining\MiniProject\MiniProjectAppSolution\LibraryManagemenTest\CartServicesTest.cs" line-rate="1" branch-rate="1" complexity="1">
          <methods>
            <method name="MoveNext" signature="()" line-rate="1" branch-rate="1" complexity="1">
              <lines>
                <line number="209" hits="2" branch="False" />
              </lines>
            </method>
          </methods>
          <lines>
            <line number="209" hits="2" branch="False" />
          </lines>
        </class>
        <class name="LibraryManagemenTest.CartServicesTest/&lt;&lt;RemoveItemFromCartFail&gt;b__6_0&gt;d" filename="MyPersonalFiles\GensparkTraining\MiniProject\MiniProjectAppSolution\LibraryManagemenTest\CartServicesTest.cs" line-rate="1" branch-rate="1" complexity="1">
          <methods>
            <method name="MoveNext" signature="()" line-rate="1" branch-rate="1" complexity="1">
              <lines>
                <line number="80" hits="2" branch="False" />
              </lines>
            </method>
          </methods>
          <lines>
            <line number="80" hits="2" branch="False" />
          </lines>
        </class>
        <class name="LibraryManagemenTest.CartServicesTest/&lt;AddItemsToCart&gt;d__0" filename="MyPersonalFiles\GensparkTraining\MiniProject\MiniProjectAppSolution\LibraryManagemenTest\CartServicesTest.cs" line-rate="0.8" branch-rate="1" complexity="1">
          <methods>
            <method name="MoveNext" signature="()" line-rate="0.8" branch-rate="1" complexity="1">
              <lines>
                <line number="18" hits="1" branch="False" />
                <line number="19" hits="1" branch="False" />
                <line number="21" hits="1" branch="False" />
                <line number="22" hits="1" branch="False" />
                <line number="23" hits="0" branch="False" />
              </lines>
            </method>
          </methods>
          <lines>
            <line number="18" hits="1" branch="False" />
            <line number="19" hits="1" branch="False" />
            <line number="21" hits="1" branch="False" />
            <line number="22" hits="1" branch="False" />
            <line number="23" hits="0" branch="False" />
          </lines>
        </class>
        <class name="LibraryManagemenTest.CartServicesTest/&lt;AddItemsToCartBookIdFail&gt;d__2" filename="MyPersonalFiles\GensparkTraining\MiniProject\MiniProjectAppSolution\LibraryManagemenTest\CartServicesTest.cs" line-rate="1" branch-rate="1" complexity="1">
          <methods>
            <method name="MoveNext" signature="()" line-rate="1" branch-rate="1" complexity="1">
              <lines>
                <line number="36" hits="1" branch="False" />
                <line number="40" hits="1" branch="False" />
                <line number="41" hits="1" branch="False" />
              </lines>
            </method>
          </methods>
          <lines>
            <line number="36" hits="1" branch="False" />
            <line number="40" hits="1" branch="False" />
            <line number="41" hits="1" branch="False" />
          </lines>
        </class>
        <class name="LibraryManagemenTest.CartServicesTest/&lt;AddItemsToCartOutofStock&gt;d__3" filename="MyPersonalFiles\GensparkTraining\MiniProject\MiniProjectAppSolution\LibraryManagemenTest\CartServicesTest.cs" line-rate="1" branch-rate="1" complexity="1">
          <methods>
            <method name="MoveNext" signature="()" line-rate="1" branch-rate="1" complexity="1">
              <lines>
                <line number="45" hits="1" branch="False" />
                <line number="48" hits="1" branch="False" />
                <line number="49" hits="1" branch="False" />
              </lines>
            </method>
          </methods>
          <lines>
            <line number="45" hits="1" branch="False" />
            <line number="48" hits="1" branch="False" />
            <line number="49" hits="1" branch="False" />
          </lines>
        </class>
        <class name="LibraryManagemenTest.CartServicesTest/&lt;AddItemsToCartUserIdFail&gt;d__1" filename="MyPersonalFiles\GensparkTraining\MiniProject\MiniProjectAppSolution\LibraryManagemenTest\CartServicesTest.cs" line-rate="1" branch-rate="1" complexity="1">
          <methods>
            <method name="MoveNext" signature="()" line-rate="1" branch-rate="1" complexity="1">
              <lines>
                <line number="27" hits="1" branch="False" />
                <line number="31" hits="1" branch="False" />
                <line number="32" hits="1" branch="False" />
              </lines>
            </method>
          </methods>
          <lines>
            <line number="27" hits="1" branch="False" />
            <line number="31" hits="1" branch="False" />
            <line number="32" hits="1" branch="False" />
          </lines>
        </class>
        <class name="LibraryManagemenTest.CartServicesTest/&lt;CheckoutCart&gt;d__7" filename="MyPersonalFiles\GensparkTraining\MiniProject\MiniProjectAppSolution\LibraryManagemenTest\CartServicesTest.cs" line-rate="0.8571" branch-rate="1" complexity="1">
          <methods>
            <method name="MoveNext" signature="()" line-rate="0.8571" branch-rate="1" complexity="1">
              <lines>
                <line number="89" hits="1" branch="False" />
                <line number="90" hits="1" branch="False" />
                <line number="91" hits="1" branch="False" />
                <line number="92" hits="1" branch="False" />
                <line number="94" hits="1" branch="False" />
                <line number="95" hits="1" branch="False" />
                <line number="97" hits="0" branch="False" />
              </lines>
            </method>
          </methods>
          <lines>
            <line number="89" hits="1" branch="False" />
            <line number="90" hits="1" branch="False" />
            <line number="91" hits="1" branch="False" />
            <line number="92" hits="1" branch="False" />
            <line number="94" hits="1" branch="False" />
            <line number="95" hits="1" branch="False" />
            <line number="97" hits="0" branch="False" />
          </lines>
        </class>
        <class name="LibraryManagemenTest.CartServicesTest/&lt;CheckoutCartEmptyCartFail&gt;d__9" filename="MyPersonalFiles\GensparkTraining\MiniProject\MiniProjectAppSolution\LibraryManagemenTest\CartServicesTest.cs" line-rate="1" branch-rate="1" complexity="1">
          <methods>
            <method name="MoveNext" signature="()" line-rate="1" branch-rate="1" complexity="1">
              <lines>
                <line number="114" hits="1" branch="False" />
                <line number="119" hits="1" branch="False" />
                <line number="121" hits="1" branch="False" />
              </lines>
            </method>
          </methods>
          <lines>
            <line number="114" hits="1" branch="False" />
            <line number="119" hits="1" branch="False" />
            <line number="121" hits="1" branch="False" />
          </lines>
        </class>
        <class name="LibraryManagemenTest.CartServicesTest/&lt;CheckoutCartOutOfStockFail&gt;d__10" filename="MyPersonalFiles\GensparkTraining\MiniProject\MiniProjectAppSolution\LibraryManagemenTest\CartServicesTest.cs" line-rate="1" branch-rate="1" complexity="1">
          <methods>
            <method name="MoveNext" signature="()" line-rate="1" branch-rate="1" complexity="1">
              <lines>
                <line number="125" hits="1" branch="False" />
                <line number="126" hits="1" branch="False" />
                <line number="127" hits="1" branch="False" />
                <line number="128" hits="1" branch="False" />
                <line number="132" hits="1" branch="False" />
                <line number="134" hits="1" branch="False" />
              </lines>
            </method>
          </methods>
          <lines>
            <line number="125" hits="1" branch="False" />
            <line number="126" hits="1" branch="False" />
            <line number="127" hits="1" branch="False" />
            <line number="128" hits="1" branch="False" />
            <line number="132" hits="1" branch="False" />
            <line number="134" hits="1" branch="False" />
          </lines>
        </class>
        <class name="LibraryManagemenTest.CartServicesTest/&lt;CheckoutCartPremiumUser&gt;d__8" filename="MyPersonalFiles\GensparkTraining\MiniProject\MiniProjectAppSolution\LibraryManagemenTest\CartServicesTest.cs" line-rate="0.8571" branch-rate="1" complexity="1">
          <methods>
            <method name="MoveNext" signature="()" line-rate="0.8571" branch-rate="1" complexity="1">
              <lines>
                <line number="101" hits="1" branch="False" />
                <line number="102" hits="1" branch="False" />
                <line number="103" hits="1" branch="False" />
                <line number="104" hits="1" branch="False" />
                <line number="106" hits="1" branch="False" />
                <line number="107" hits="1" branch="False" />
                <line number="109" hits="0" branch="False" />
              </lines>
            </method>
          </methods>
          <lines>
            <line number="101" hits="1" branch="False" />
            <line number="102" hits="1" branch="False" />
            <line number="103" hits="1" branch="False" />
            <line number="104" hits="1" branch="False" />
            <line number="106" hits="1" branch="False" />
            <line number="107" hits="1" branch="False" />
            <line number="109" hits="0" branch="False" />
          </lines>
        </class>
        <class name="LibraryManagemenTest.CartServicesTest/&lt;GetCartItems&gt;d__11" filename="MyPersonalFiles\GensparkTraining\MiniProject\MiniProjectAppSolution\LibraryManagemenTest\CartServicesTest.cs" line-rate="1" branch-rate="1" complexity="1">
          <methods>
            <method name="MoveNext" signature="()" line-rate="1" branch-rate="1" complexity="1">
              <lines>
                <line number="139" hits="1" branch="False" />
                <line number="140" hits="1" branch="False" />
                <line number="141" hits="1" branch="False" />
                <line number="143" hits="1" branch="False" />
                <line number="145" hits="1" branch="False" />
                <line number="147" hits="1" branch="False" />
              </lines>
            </method>
          </methods>
          <lines>
            <line number="139" hits="1" branch="False" />
            <line number="140" hits="1" branch="False" />
            <line number="141" hits="1" branch="False" />
            <line number="143" hits="1" branch="False" />
            <line number="145" hits="1" branch="False" />
            <line number="147" hits="1" branch="False" />
          </lines>
        </class>
        <class name="LibraryManagemenTest.CartServicesTest/&lt;GetCartItemsFail&gt;d__12" filename="MyPersonalFiles\GensparkTraining\MiniProject\MiniProjectAppSolution\LibraryManagemenTest\CartServicesTest.cs" line-rate="1" branch-rate="1" complexity="1">
          <methods>
            <method name="MoveNext" signature="()" line-rate="1" branch-rate="1" complexity="1">
              <lines>
                <line number="151" hits="1" branch="False" />
                <line number="154" hits="1" branch="False" />
                <line number="156" hits="1" branch="False" />
              </lines>
            </method>
          </methods>
          <lines>
            <line number="151" hits="1" branch="False" />
            <line number="154" hits="1" branch="False" />
            <line number="156" hits="1" branch="False" />
          </lines>
        </class>
        <class name="LibraryManagemenTest.CartServicesTest/&lt;GetRentCartItems&gt;d__13" filename="MyPersonalFiles\GensparkTraining\MiniProject\MiniProjectAppSolution\LibraryManagemenTest\CartServicesTest.cs" line-rate="1" branch-rate="1" complexity="1">
          <methods>
            <method name="MoveNext" signature="()" line-rate="1" branch-rate="1" complexity="1">
              <lines>
                <line number="160" hits="1" branch="False" />
                <line number="161" hits="1" branch="False" />
                <line number="162" hits="1" branch="False" />
                <line number="163" hits="1" branch="False" />
                <line number="164" hits="1" branch="False" />
                <line number="165" hits="1" branch="False" />
                <line number="167" hits="1" branch="False" />
                <line number="169" hits="1" branch="False" />
                <line number="171" hits="1" branch="False" />
                <line number="173" hits="1" branch="False" />
              </lines>
            </method>
          </methods>
          <lines>
            <line number="160" hits="1" branch="False" />
            <line number="161" hits="1" branch="False" />
            <line number="162" hits="1" branch="False" />
            <line number="163" hits="1" branch="False" />
            <line number="164" hits="1" branch="False" />
            <line number="165" hits="1" branch="False" />
            <line number="167" hits="1" branch="False" />
            <line number="169" hits="1" branch="False" />
            <line number="171" hits="1" branch="False" />
            <line number="173" hits="1" branch="False" />
          </lines>
        </class>
        <class name="LibraryManagemenTest.CartServicesTest/&lt;GetRentCartItemsFail&gt;d__14" filename="MyPersonalFiles\GensparkTraining\MiniProject\MiniProjectAppSolution\LibraryManagemenTest\CartServicesTest.cs" line-rate="1" branch-rate="1" complexity="1">
          <methods>
            <method name="MoveNext" signature="()" line-rate="1" branch-rate="1" complexity="1">
              <lines>
                <line number="179" hits="1" branch="False" />
                <line number="182" hits="1" branch="False" />
                <line number="184" hits="1" branch="False" />
              </lines>
            </method>
          </methods>
          <lines>
            <line number="179" hits="1" branch="False" />
            <line number="182" hits="1" branch="False" />
            <line number="184" hits="1" branch="False" />
          </lines>
        </class>
        <class name="LibraryManagemenTest.CartServicesTest/&lt;GetSuperRentCartItems&gt;d__15" filename="MyPersonalFiles\GensparkTraining\MiniProject\MiniProjectAppSolution\LibraryManagemenTest\CartServicesTest.cs" line-rate="1" branch-rate="1" complexity="1">
          <methods>
            <method name="MoveNext" signature="()" line-rate="1" branch-rate="1" complexity="1">
              <lines>
                <line number="189" hits="1" branch="False" />
                <line number="190" hits="1" branch="False" />
                <line number="191" hits="1" branch="False" />
                <line number="192" hits="1" branch="False" />
                <line number="193" hits="1" branch="False" />
                <line number="194" hits="1" branch="False" />
                <line number="196" hits="1" branch="False" />
                <line number="198" hits="1" branch="False" />
                <line number="200" hits="1" branch="False" />
                <line number="202" hits="1" branch="False" />
              </lines>
            </method>
          </methods>
          <lines>
            <line number="189" hits="1" branch="False" />
            <line number="190" hits="1" branch="False" />
            <line number="191" hits="1" branch="False" />
            <line number="192" hits="1" branch="False" />
            <line number="193" hits="1" branch="False" />
            <line number="194" hits="1" branch="False" />
            <line number="196" hits="1" branch="False" />
            <line number="198" hits="1" branch="False" />
            <line number="200" hits="1" branch="False" />
            <line number="202" hits="1" branch="False" />
          </lines>
        </class>
        <class name="LibraryManagemenTest.CartServicesTest/&lt;GetSuperRentCartItemsFail&gt;d__16" filename="MyPersonalFiles\GensparkTraining\MiniProject\MiniProjectAppSolution\LibraryManagemenTest\CartServicesTest.cs" line-rate="1" branch-rate="1" complexity="1">
          <methods>
            <method name="MoveNext" signature="()" line-rate="1" branch-rate="1" complexity="1">
              <lines>
                <line number="207" hits="1" branch="False" />
                <line number="210" hits="1" branch="False" />
                <line number="212" hits="1" branch="False" />
              </lines>
            </method>
          </methods>
          <lines>
            <line number="207" hits="1" branch="False" />
            <line number="210" hits="1" branch="False" />
            <line number="212" hits="1" branch="False" />
          </lines>
        </class>
        <class name="LibraryManagemenTest.CartServicesTest/&lt;RemoveItemFromCart&gt;d__5" filename="MyPersonalFiles\GensparkTraining\MiniProject\MiniProjectAppSolution\LibraryManagemenTest\CartServicesTest.cs" line-rate="0.8332999999999999" branch-rate="1" complexity="1">
          <methods>
            <method name="MoveNext" signature="()" line-rate="0.8332999999999999" branch-rate="1" complexity="1">
              <lines>
                <line number="64" hits="1" branch="False" />
                <line number="66" hits="1" branch="False" />
                <line number="67" hits="1" branch="False" />
                <line number="69" hits="1" branch="False" />
                <line number="70" hits="1" branch="False" />
                <line number="71" hits="0" branch="False" />
              </lines>
            </method>
          </methods>
          <lines>
            <line number="64" hits="1" branch="False" />
            <line number="66" hits="1" branch="False" />
            <line number="67" hits="1" branch="False" />
            <line number="69" hits="1" branch="False" />
            <line number="70" hits="1" branch="False" />
            <line number="71" hits="0" branch="False" />
          </lines>
        </class>
        <class name="LibraryManagemenTest.CartServicesTest/&lt;RemoveItemFromCartFail&gt;d__6" filename="MyPersonalFiles\GensparkTraining\MiniProject\MiniProjectAppSolution\LibraryManagemenTest\CartServicesTest.cs" line-rate="1" branch-rate="1" complexity="1">
          <methods>
            <method name="MoveNext" signature="()" line-rate="1" branch-rate="1" complexity="1">
              <lines>
                <line number="75" hits="1" branch="False" />
                <line number="77" hits="1" branch="False" />
                <line number="81" hits="1" branch="False" />
                <line number="83" hits="1" branch="False" />
              </lines>
            </method>
          </methods>
          <lines>
            <line number="75" hits="1" branch="False" />
            <line number="77" hits="1" branch="False" />
            <line number="81" hits="1" branch="False" />
            <line number="83" hits="1" branch="False" />
          </lines>
        </class>
        <class name="LibraryManagemenTest.CartServicesTest/&lt;UpdateCartItemQuantity&gt;d__4" filename="MyPersonalFiles\GensparkTraining\MiniProject\MiniProjectAppSolution\LibraryManagemenTest\CartServicesTest.cs" line-rate="0.8332999999999999" branch-rate="1" complexity="1">
          <methods>
            <method name="MoveNext" signature="()" line-rate="0.8332999999999999" branch-rate="1" complexity="1">
              <lines>
                <line number="53" hits="1" branch="False" />
                <line number="54" hits="1" branch="False" />
                <line number="56" hits="1" branch="False" />
                <line number="58" hits="1" branch="False" />
                <line number="59" hits="1" branch="False" />
                <line number="60" hits="0" branch="False" />
              </lines>
            </method>
          </methods>
          <lines>
            <line number="53" hits="1" branch="False" />
            <line number="54" hits="1" branch="False" />
            <line number="56" hits="1" branch="False" />
            <line number="58" hits="1" branch="False" />
            <line number="59" hits="1" branch="False" />
            <line number="60" hits="0" branch="False" />
          </lines>
        </class>
        <class name="LibraryManagemenTest.FineServicesTest/&lt;&lt;PayFineFOrOneBookBookNotReturnedFail&gt;b__4_0&gt;d" filename="MyPersonalFiles\GensparkTraining\MiniProject\MiniProjectAppSolution\LibraryManagemenTest\FineServicesTest.cs" line-rate="1" branch-rate="1" complexity="1">
          <methods>
            <method name="MoveNext" signature="()" line-rate="1" branch-rate="1" complexity="1">
              <lines>
                <line number="75" hits="2" branch="False" />
              </lines>
            </method>
          </methods>
          <lines>
            <line number="75" hits="2" branch="False" />
          </lines>
        </class>
        <class name="LibraryManagemenTest.FineServicesTest/&lt;&lt;PayFineForAllBooksAlreadyPaidException&gt;b__6_0&gt;d" filename="MyPersonalFiles\GensparkTraining\MiniProject\MiniProjectAppSolution\LibraryManagemenTest\FineServicesTest.cs" line-rate="1" branch-rate="1" complexity="1">
          <methods>
            <method name="MoveNext" signature="()" line-rate="1" branch-rate="1" complexity="1">
              <lines>
                <line number="112" hits="2" branch="False" />
              </lines>
            </method>
          </methods>
          <lines>
            <line number="112" hits="2" branch="False" />
          </lines>
        </class>
        <class name="LibraryManagemenTest.FineServicesTest/&lt;&lt;PayFineForAllBooksBooksNotReturned&gt;b__8_0&gt;d" filename="MyPersonalFiles\GensparkTraining\MiniProject\MiniProjectAppSolution\LibraryManagemenTest\FineServicesTest.cs" line-rate="1" branch-rate="1" complexity="1">
          <methods>
            <method name="MoveNext" signature="()" line-rate="1" branch-rate="1" complexity="1">
              <lines>
                <line number="141" hits="2" branch="False" />
              </lines>
            </method>
          </methods>
          <lines>
            <line number="141" hits="2" branch="False" />
          </lines>
        </class>
        <class name="LibraryManagemenTest.FineServicesTest/&lt;&lt;VerifyUnPaidFineFail&gt;b__3_0&gt;d" filename="MyPersonalFiles\GensparkTraining\MiniProject\MiniProjectAppSolution\LibraryManagemenTest\FineServicesTest.cs" line-rate="1" branch-rate="1" complexity="1">
          <methods>
            <method name="MoveNext" signature="()" line-rate="1" branch-rate="1" complexity="1">
              <lines>
                <line number="63" hits="2" branch="False" />
              </lines>
            </method>
          </methods>
          <lines>
            <line number="63" hits="2" branch="False" />
          </lines>
        </class>
        <class name="LibraryManagemenTest.FineServicesTest/&lt;&lt;ViewFinesFail&gt;b__1_0&gt;d" filename="MyPersonalFiles\GensparkTraining\MiniProject\MiniProjectAppSolution\LibraryManagemenTest\FineServicesTest.cs" line-rate="1" branch-rate="1" complexity="1">
          <methods>
            <method name="MoveNext" signature="()" line-rate="1" branch-rate="1" complexity="1">
              <lines>
                <line number="35" hits="2" branch="False" />
              </lines>
            </method>
          </methods>
          <lines>
            <line number="35" hits="2" branch="False" />
          </lines>
        </class>
        <class name="LibraryManagemenTest.FineServicesTest/&lt;PayFineFOrOneBookBookNotReturnedFail&gt;d__4" filename="MyPersonalFiles\GensparkTraining\MiniProject\MiniProjectAppSolution\LibraryManagemenTest\FineServicesTest.cs" line-rate="1" branch-rate="1" complexity="1">
          <methods>
            <method name="MoveNext" signature="()" line-rate="1" branch-rate="1" complexity="1">
              <lines>
                <line number="71" hits="1" branch="False" />
                <line number="72" hits="1" branch="False" />
                <line number="76" hits="1" branch="False" />
                <line number="79" hits="1" branch="False" />
              </lines>
            </method>
          </methods>
          <lines>
            <line number="71" hits="1" branch="False" />
            <line number="72" hits="1" branch="False" />
            <line number="76" hits="1" branch="False" />
            <line number="79" hits="1" branch="False" />
          </lines>
        </class>
        <class name="LibraryManagemenTest.FineServicesTest/&lt;PayFineForAllBooks&gt;d__7" filename="MyPersonalFiles\GensparkTraining\MiniProject\MiniProjectAppSolution\LibraryManagemenTest\FineServicesTest.cs" line-rate="0.909" branch-rate="1" complexity="1">
          <methods>
            <method name="MoveNext" signature="()" line-rate="0.909" branch-rate="1" complexity="1">
              <lines>
                <line number="121" hits="1" branch="False" />
                <line number="122" hits="1" branch="False" />
                <line number="123" hits="1" branch="False" />
                <line number="124" hits="1" branch="False" />
                <line number="125" hits="1" branch="False" />
                <line number="126" hits="1" branch="False" />
                <line number="127" hits="1" branch="False" />
                <line number="129" hits="1" branch="False" />
                <line number="131" hits="1" branch="False" />
                <line number="132" hits="1" branch="False" />
                <line number="133" hits="0" branch="False" />
              </lines>
            </method>
          </methods>
          <lines>
            <line number="121" hits="1" branch="False" />
            <line number="122" hits="1" branch="False" />
            <line number="123" hits="1" branch="False" />
            <line number="124" hits="1" branch="False" />
            <line number="125" hits="1" branch="False" />
            <line number="126" hits="1" branch="False" />
            <line number="127" hits="1" branch="False" />
            <line number="129" hits="1" branch="False" />
            <line number="131" hits="1" branch="False" />
            <line number="132" hits="1" branch="False" />
            <line number="133" hits="0" branch="False" />
          </lines>
        </class>
        <class name="LibraryManagemenTest.FineServicesTest/&lt;PayFineForAllBooksAlreadyPaidException&gt;d__6" filename="MyPersonalFiles\GensparkTraining\MiniProject\MiniProjectAppSolution\LibraryManagemenTest\FineServicesTest.cs" line-rate="1" branch-rate="1" complexity="1">
          <methods>
            <method name="MoveNext" signature="()" line-rate="1" branch-rate="1" complexity="1">
              <lines>
                <line number="101" hits="1" branch="False" />
                <line number="102" hits="1" branch="False" />
                <line number="103" hits="1" branch="False" />
                <line number="104" hits="1" branch="False" />
                <line number="105" hits="1" branch="False" />
                <line number="106" hits="1" branch="False" />
                <line number="107" hits="1" branch="False" />
                <line number="109" hits="1" branch="False" />
                <line number="113" hits="1" branch="False" />
                <line number="117" hits="1" branch="False" />
              </lines>
            </method>
          </methods>
          <lines>
            <line number="101" hits="1" branch="False" />
            <line number="102" hits="1" branch="False" />
            <line number="103" hits="1" branch="False" />
            <line number="104" hits="1" branch="False" />
            <line number="105" hits="1" branch="False" />
            <line number="106" hits="1" branch="False" />
            <line number="107" hits="1" branch="False" />
            <line number="109" hits="1" branch="False" />
            <line number="113" hits="1" branch="False" />
            <line number="117" hits="1" branch="False" />
          </lines>
        </class>
        <class name="LibraryManagemenTest.FineServicesTest/&lt;PayFineForAllBooksBooksNotReturned&gt;d__8" filename="MyPersonalFiles\GensparkTraining\MiniProject\MiniProjectAppSolution\LibraryManagemenTest\FineServicesTest.cs" line-rate="1" branch-rate="1" complexity="1">
          <methods>
            <method name="MoveNext" signature="()" line-rate="1" branch-rate="1" complexity="1">
              <lines>
                <line number="137" hits="1" branch="False" />
                <line number="138" hits="1" branch="False" />
                <line number="142" hits="1" branch="False" />
                <line number="144" hits="1" branch="False" />
              </lines>
            </method>
          </methods>
          <lines>
            <line number="137" hits="1" branch="False" />
            <line number="138" hits="1" branch="False" />
            <line number="142" hits="1" branch="False" />
            <line number="144" hits="1" branch="False" />
          </lines>
        </class>
        <class name="LibraryManagemenTest.FineServicesTest/&lt;PayFineForOneBook&gt;d__5" filename="MyPersonalFiles\GensparkTraining\MiniProject\MiniProjectAppSolution\LibraryManagemenTest\FineServicesTest.cs" line-rate="0.909" branch-rate="1" complexity="1">
          <methods>
            <method name="MoveNext" signature="()" line-rate="0.909" branch-rate="1" complexity="1">
              <lines>
                <line number="83" hits="1" branch="False" />
                <line number="84" hits="1" branch="False" />
                <line number="85" hits="1" branch="False" />
                <line number="86" hits="1" branch="False" />
                <line number="87" hits="1" branch="False" />
                <line number="88" hits="1" branch="False" />
                <line number="89" hits="1" branch="False" />
                <line number="91" hits="1" branch="False" />
                <line number="92" hits="1" branch="False" />
                <line number="93" hits="1" branch="False" />
                <line number="96" hits="0" branch="False" />
              </lines>
            </method>
          </methods>
          <lines>
            <line number="83" hits="1" branch="False" />
            <line number="84" hits="1" branch="False" />
            <line number="85" hits="1" branch="False" />
            <line number="86" hits="1" branch="False" />
            <line number="87" hits="1" branch="False" />
            <line number="88" hits="1" branch="False" />
            <line number="89" hits="1" branch="False" />
            <line number="91" hits="1" branch="False" />
            <line number="92" hits="1" branch="False" />
            <line number="93" hits="1" branch="False" />
            <line number="96" hits="0" branch="False" />
          </lines>
        </class>
        <class name="LibraryManagemenTest.FineServicesTest/&lt;VerifyUnPaidFine&gt;d__2" filename="MyPersonalFiles\GensparkTraining\MiniProject\MiniProjectAppSolution\LibraryManagemenTest\FineServicesTest.cs" line-rate="0.8332999999999999" branch-rate="1" complexity="1">
          <methods>
            <method name="MoveNext" signature="()" line-rate="0.8332999999999999" branch-rate="1" complexity="1">
              <lines>
                <line number="44" hits="1" branch="False" />
                <line number="46" hits="1" branch="False" />
                <line number="48" hits="1" branch="False" />
                <line number="51" hits="1" branch="False" />
                <line number="52" hits="1" branch="False" />
                <line number="55" hits="0" branch="False" />
              </lines>
            </method>
          </methods>
          <lines>
            <line number="44" hits="1" branch="False" />
            <line number="46" hits="1" branch="False" />
            <line number="48" hits="1" branch="False" />
            <line number="51" hits="1" branch="False" />
            <line number="52" hits="1" branch="False" />
            <line number="55" hits="0" branch="False" />
          </lines>
        </class>
        <class name="LibraryManagemenTest.FineServicesTest/&lt;VerifyUnPaidFineFail&gt;d__3" filename="MyPersonalFiles\GensparkTraining\MiniProject\MiniProjectAppSolution\LibraryManagemenTest\FineServicesTest.cs" line-rate="1" branch-rate="1" complexity="1">
          <methods>
            <method name="MoveNext" signature="()" line-rate="1" branch-rate="1" complexity="1">
              <lines>
                <line number="61" hits="1" branch="False" />
                <line number="64" hits="1" branch="False" />
                <line number="66" hits="1" branch="False" />
              </lines>
            </method>
          </methods>
          <lines>
            <line number="61" hits="1" branch="False" />
            <line number="64" hits="1" branch="False" />
            <line number="66" hits="1" branch="False" />
          </lines>
        </class>
        <class name="LibraryManagemenTest.FineServicesTest/&lt;ViewFines&gt;d__0" filename="MyPersonalFiles\GensparkTraining\MiniProject\MiniProjectAppSolution\LibraryManagemenTest\FineServicesTest.cs" line-rate="0.8332999999999999" branch-rate="1" complexity="1">
          <methods>
            <method name="MoveNext" signature="()" line-rate="0.8332999999999999" branch-rate="1" complexity="1">
              <lines>
                <line number="16" hits="1" branch="False" />
                <line number="18" hits="1" branch="False" />
                <line number="20" hits="1" branch="False" />
                <line number="23" hits="1" branch="False" />
                <line number="24" hits="1" branch="False" />
                <line number="27" hits="0" branch="False" />
              </lines>
            </method>
          </methods>
          <lines>
            <line number="16" hits="1" branch="False" />
            <line number="18" hits="1" branch="False" />
            <line number="20" hits="1" branch="False" />
            <line number="23" hits="1" branch="False" />
            <line number="24" hits="1" branch="False" />
            <line number="27" hits="0" branch="False" />
          </lines>
        </class>
        <class name="LibraryManagemenTest.FineServicesTest/&lt;ViewFinesFail&gt;d__1" filename="MyPersonalFiles\GensparkTraining\MiniProject\MiniProjectAppSolution\LibraryManagemenTest\FineServicesTest.cs" line-rate="1" branch-rate="1" complexity="1">
          <methods>
            <method name="MoveNext" signature="()" line-rate="1" branch-rate="1" complexity="1">
              <lines>
                <line number="32" hits="1" branch="False" />
                <line number="36" hits="1" branch="False" />
                <line number="39" hits="1" branch="False" />
              </lines>
            </method>
          </methods>
          <lines>
            <line number="32" hits="1" branch="False" />
            <line number="36" hits="1" branch="False" />
            <line number="39" hits="1" branch="False" />
          </lines>
        </class>
        <class name="LibraryManagemenTest.PurchaseServicesTest/&lt;&lt;ViewPurchaseDetailsFail&gt;b__8_0&gt;d" filename="MyPersonalFiles\GensparkTraining\MiniProject\MiniProjectAppSolution\LibraryManagemenTest\PurchaseServicesTest.cs" line-rate="1" branch-rate="1" complexity="1">
          <methods>
            <method name="MoveNext" signature="()" line-rate="1" branch-rate="1" complexity="1">
              <lines>
                <line number="239" hits="2" branch="False" />
              </lines>
            </method>
          </methods>
          <lines>
            <line number="239" hits="2" branch="False" />
          </lines>
        </class>
        <class name="LibraryManagemenTest.PurchaseServicesTest/&lt;&gt;c__DisplayClass1_0/&lt;&lt;PurchaseBooksForSaleEmptyInputFail&gt;b__0&gt;d" filename="MyPersonalFiles\GensparkTraining\MiniProject\MiniProjectAppSolution\LibraryManagemenTest\PurchaseServicesTest.cs" line-rate="1" branch-rate="1" complexity="1">
          <methods>
            <method name="MoveNext" signature="()" line-rate="1" branch-rate="1" complexity="1">
              <lines>
                <line number="54" hits="2" branch="False" />
              </lines>
            </method>
          </methods>
          <lines>
            <line number="54" hits="2" branch="False" />
          </lines>
        </class>
        <class name="LibraryManagemenTest.PurchaseServicesTest/&lt;&gt;c__DisplayClass4_0/&lt;&lt;PurchaseBooksForRentEmptyInputFail&gt;b__0&gt;d" filename="MyPersonalFiles\GensparkTraining\MiniProject\MiniProjectAppSolution\LibraryManagemenTest\PurchaseServicesTest.cs" line-rate="1" branch-rate="1" complexity="1">
          <methods>
            <method name="MoveNext" signature="()" line-rate="1" branch-rate="1" complexity="1">
              <lines>
                <line number="128" hits="2" branch="False" />
              </lines>
            </method>
          </methods>
          <lines>
            <line number="128" hits="2" branch="False" />
          </lines>
        </class>
        <class name="LibraryManagemenTest.PurchaseServicesTest/&lt;PurchaseBooksForRentEmptyInputFail&gt;d__4" filename="MyPersonalFiles\GensparkTraining\MiniProject\MiniProjectAppSolution\LibraryManagemenTest\PurchaseServicesTest.cs" line-rate="1" branch-rate="1" complexity="1">
          <methods>
            <method name="MoveNext" signature="()" line-rate="1" branch-rate="1" complexity="1">
              <lines>
                <line number="114" hits="1" branch="False" />
                <line number="116" hits="1" branch="False" />
                <line number="119" hits="1" branch="False" />
                <line number="122" hits="1" branch="False" />
                <line number="124" hits="1" branch="False" />
                <line number="129" hits="1" branch="False" />
                <line number="132" hits="1" branch="False" />
              </lines>
            </method>
          </methods>
          <lines>
            <line number="114" hits="1" branch="False" />
            <line number="116" hits="1" branch="False" />
            <line number="119" hits="1" branch="False" />
            <line number="122" hits="1" branch="False" />
            <line number="124" hits="1" branch="False" />
            <line number="129" hits="1" branch="False" />
            <line number="132" hits="1" branch="False" />
          </lines>
        </class>
        <class name="LibraryManagemenTest.PurchaseServicesTest/&lt;PurchaseBooksForSaleEmptyInputFail&gt;d__1" filename="MyPersonalFiles\GensparkTraining\MiniProject\MiniProjectAppSolution\LibraryManagemenTest\PurchaseServicesTest.cs" line-rate="1" branch-rate="1" complexity="1">
          <methods>
            <method name="MoveNext" signature="()" line-rate="1" branch-rate="1" complexity="1">
              <lines>
                <line number="40" hits="1" branch="False" />
                <line number="42" hits="1" branch="False" />
                <line number="45" hits="1" branch="False" />
                <line number="48" hits="1" branch="False" />
                <line number="50" hits="1" branch="False" />
                <line number="55" hits="1" branch="False" />
                <line number="58" hits="1" branch="False" />
              </lines>
            </method>
          </methods>
          <lines>
            <line number="40" hits="1" branch="False" />
            <line number="42" hits="1" branch="False" />
            <line number="45" hits="1" branch="False" />
            <line number="48" hits="1" branch="False" />
            <line number="50" hits="1" branch="False" />
            <line number="55" hits="1" branch="False" />
            <line number="58" hits="1" branch="False" />
          </lines>
        </class>
        <class name="LibraryManagemenTest.PurchaseServicesTest/&lt;PurchaseNewBooksForRent&gt;d__5" filename="MyPersonalFiles\GensparkTraining\MiniProject\MiniProjectAppSolution\LibraryManagemenTest\PurchaseServicesTest.cs" line-rate="0.9229999999999999" branch-rate="1" complexity="1">
          <methods>
            <method name="MoveNext" signature="()" line-rate="0.9229999999999999" branch-rate="1" complexity="1">
              <lines>
                <line number="136" hits="1" branch="False" />
                <line number="138" hits="1" branch="False" />
                <line number="140" hits="1" branch="False" />
                <line number="141" hits="1" branch="False" />
                <line number="143" hits="1" branch="False" />
                <line number="144" hits="1" branch="False" />
                <line number="145" hits="1" branch="False" />
                <line number="147" hits="1" branch="False" />
                <line number="149" hits="1" branch="False" />
                <line number="151" hits="1" branch="False" />
                <line number="153" hits="1" branch="False" />
                <line number="154" hits="1" branch="False" />
                <line number="157" hits="0" branch="False" />
              </lines>
            </method>
          </methods>
          <lines>
            <line number="136" hits="1" branch="False" />
            <line number="138" hits="1" branch="False" />
            <line number="140" hits="1" branch="False" />
            <line number="141" hits="1" branch="False" />
            <line number="143" hits="1" branch="False" />
            <line number="144" hits="1" branch="False" />
            <line number="145" hits="1" branch="False" />
            <line number="147" hits="1" branch="False" />
            <line number="149" hits="1" branch="False" />
            <line number="151" hits="1" branch="False" />
            <line number="153" hits="1" branch="False" />
            <line number="154" hits="1" branch="False" />
            <line number="157" hits="0" branch="False" />
          </lines>
        </class>
        <class name="LibraryManagemenTest.PurchaseServicesTest/&lt;PurchaseNewBooksForSale&gt;d__2" filename="MyPersonalFiles\GensparkTraining\MiniProject\MiniProjectAppSolution\LibraryManagemenTest\PurchaseServicesTest.cs" line-rate="0.9229999999999999" branch-rate="1" complexity="1">
          <methods>
            <method name="MoveNext" signature="()" line-rate="0.9229999999999999" branch-rate="1" complexity="1">
              <lines>
                <line number="62" hits="1" branch="False" />
[...]
              <lines>
                <line number="12" hits="1" branch="False" />
              </lines>
            </method>
            <method name=".ctor" signature="()" line-rate="1" branch-rate="1" complexity="1">
              <lines>
                <line number="7" hits="1" branch="False" />
                <line number="8" hits="1" branch="False" />
                <line number="9" hits="1" branch="False" />
                <line number="10" hits="1" branch="False" />
              </lines>
            </method>
          </methods>
          <lines>
            <line number="12" hits="1" branch="False" />
            <line number="7" hits="1" branch="False" />
            <line number="8" hits="1" branch="False" />
            <line number="9" hits="1" branch="False" />
            <line number="10" hits="1" branch="False" />
          </lines>
        </class>
        <class name="MiniProjectApp.Exceptions.OutOfStockException" filename="MyPersonalFiles\GensparkTraining\MiniProject\MiniProjectAppSolution\MiniProjectApp\Exceptions\OutOfStockException.cs" line-rate="1" branch-rate="1" complexity="2">
          <methods>
            <method name="get_Message" signature="()" line-rate="1" branch-rate="1" complexity="1">
              <lines>
                <line number="16" hits="2" branch="False" />
              </lines>
            </method>
            <method name=".ctor" signature="(System.Int32,System.Int32)" line-rate="1" branch-rate="1" complexity="1">
              <lines>
                <line number="9" hits="2" branch="False" />
                <line number="10" hits="2" branch="False" />
                <line number="11" hits="2" branch="False" />
                <line number="12" hits="2" branch="False" />
              </lines>
            </method>
          </methods>
          <lines>
            <line number="16" hits="2" branch="False" />
            <line number="9" hits="2" branch="False" />
            <line number="10" hits="2" branch="False" />
            <line number="11" hits="2" branch="False" />
            <line number="12" hits="2" branch="False" />
          </lines>
        </class>
        <class name="MiniProjectApp.Exceptions.UnableToRegisterException" filename="MyPersonalFiles\GensparkTraining\MiniProject\MiniProjectAppSolution\MiniProjectApp\Exceptions\UnableToRegisterException.cs" line-rate="0" branch-rate="1" complexity="2">
          <methods>
            <method name="get_Message" signature="()" line-rate="0" branch-rate="1" complexity="1">
              <lines>
                <line number="11" hits="0" branch="False" />
              </lines>
            </method>
            <method name=".ctor" signature="(System.String)" line-rate="0" branch-rate="1" complexity="1">
              <lines>
                <line number="6" hits="0" branch="False" />
                <line number="8" hits="0" branch="False" />
                <line number="9" hits="0" branch="False" />
              </lines>
            </method>
          </methods>
          <lines>
            <line number="11" hits="0" branch="False" />
            <line number="6" hits="0" branch="False" />
            <line number="8" hits="0" branch="False" />
            <line number="9" hits="0" branch="False" />
          </lines>
        </class>
        <class name="MiniProjectApp.Exceptions.UnauthorizedUserException" filename="MyPersonalFiles\GensparkTraining\MiniProject\MiniProjectAppSolution\MiniProjectApp\Exceptions\UnauthorizedUserException.cs" line-rate="1" branch-rate="1" complexity="2">
          <methods>
            <method name="get_Message" signature="()" line-rate="1" branch-rate="1" complexity="1">
              <lines>
                <line number="12" hits="2" branch="False" />
              </lines>
            </method>
            <method name=".ctor" signature="(System.String)" line-rate="1" branch-rate="1" complexity="1">
              <lines>
                <line number="7" hits="2" branch="False" />
                <line number="8" hits="2" branch="False" />
                <line number="9" hits="2" branch="False" />
                <line number="10" hits="2" branch="False" />
              </lines>
            </method>
          </methods>
          <lines>
            <line number="12" hits="2" branch="False" />
            <line number="7" hits="2" branch="False" />
            <line number="8" hits="2" branch="False" />
            <line number="9" hits="2" branch="False" />
            <line number="10" hits="2" branch="False" />
          </lines>
        </class>
        <class name="MiniProjectApp.Context.LibraryManagementContext" filename="MyPersonalFiles\GensparkTraining\MiniProject\MiniProjectAppSolution\MiniProjectApp\Context\LibraryManagementContext.cs" line-rate="1" branch-rate="1" complexity="19">
          <methods>
            <method name="get_Users" signature="()" line-rate="1" branch-rate="1" complexity="1">
              <lines>
                <line number="14" hits="148" branch="False" />
              </lines>
            </method>
            <method name="get_UserCredentials" signature="()" line-rate="1" branch-rate="1" complexity="1">
              <lines>
                <line number="15" hits="87" branch="False" />
              </lines>
            </method>
            <method name="get_Books" signature="()" line-rate="1" branch-rate="1" complexity="1">
              <lines>
                <line number="16" hits="94" branch="False" />
              </lines>
            </method>
            <method name="get_Cart" signature="()" line-rate="1" branch-rate="1" complexity="1">
              <lines>
                <line number="17" hits="102" branch="False" />
              </lines>
            </method>
            <method name="get_RentCart" signature="()" line-rate="1" branch-rate="1" complexity="1">
              <lines>
                <line number="18" hits="99" branch="False" />
              </lines>
            </method>
            <method name="get_SuperRentCart" signature="()" line-rate="1" branch-rate="1" complexity="1">
              <lines>
                <line number="19" hits="79" branch="False" />
              </lines>
            </method>
            <method name="get_SalesStocks" signature="()" line-rate="1" branch-rate="1" complexity="1">
              <lines>
                <line number="20" hits="132" branch="False" />
              </lines>
            </method>
            <method name="get_Sales" signature="()" line-rate="1" branch-rate="1" complexity="1">
              <lines>
                <line number="22" hits="73" branch="False" />
              </lines>
            </method>
            <method name="get_SaleDetails" signature="()" line-rate="1" branch-rate="1" complexity="1">
              <lines>
                <line number="23" hits="69" branch="False" />
              </lines>
            </method>
            <method name="get_Feedbacks" signature="()" line-rate="1" branch-rate="1" complexity="1">
              <lines>
                <line number="24" hits="72" branch="False" />
              </lines>
            </method>
            <method name="get_Purchases" signature="()" line-rate="1" branch-rate="1" complexity="1">
              <lines>
                <line number="26" hits="79" branch="False" />
              </lines>
            </method>
            <method name="get_PurchaseDetails" signature="()" line-rate="1" branch-rate="1" complexity="1">
              <lines>
                <line number="28" hits="69" branch="False" />
              </lines>
            </method>
            <method name="get_RentStocks" signature="()" line-rate="1" branch-rate="1" complexity="1">
              <lines>
                <line number="30" hits="113" branch="False" />
              </lines>
            </method>
            <method name="get_Rents" signature="()" line-rate="1" branch-rate="1" complexity="1">
              <lines>
                <line number="32" hits="98" branch="False" />
              </lines>
            </method>
            <method name="get_RentDetails" signature="()" line-rate="1" branch-rate="1" complexity="1">
              <lines>
                <line number="34" hits="80" branch="False" />
              </lines>
            </method>
            <method name="get_Fines" signature="()" line-rate="1" branch-rate="1" complexity="1">
              <lines>
                <line number="36" hits="83" branch="False" />
              </lines>
            </method>
            <method name="get_FineDetails" signature="()" line-rate="1" branch-rate="1" complexity="1">
              <lines>
                <line number="38" hits="74" branch="False" />
              </lines>
            </method>
            <method name="OnModelCreating" signature="(Microsoft.EntityFrameworkCore.ModelBuilder)" line-rate="1" branch-rate="1" complexity="1">
              <lines>
                <line number="43" hits="2" branch="False" />
                <line number="44" hits="2" branch="False" />
                <line number="45" hits="2" branch="False" />
                <line number="46" hits="2" branch="False" />
                <line number="47" hits="2" branch="False" />
                <line number="48" hits="2" branch="False" />
                <line number="49" hits="2" branch="False" />
                <line number="50" hits="2" branch="False" />
                <line number="51" hits="2" branch="False" />
                <line number="52" hits="2" branch="False" />
                <line number="53" hits="2" branch="False" />
                <line number="54" hits="2" branch="False" />
                <line number="55" hits="2" branch="False" />
                <line number="57" hits="2" branch="False" />
                <line number="58" hits="2" branch="False" />
                <line number="59" hits="2" branch="False" />
                <line number="60" hits="2" branch="False" />
                <line number="61" hits="2" branch="False" />
                <line number="62" hits="2" branch="False" />
                <line number="63" hits="2" branch="False" />
                <line number="64" hits="2" branch="False" />
                <line number="65" hits="2" branch="False" />
                <line number="67" hits="2" branch="False" />
                <line number="68" hits="2" branch="False" />
                <line number="69" hits="2" branch="False" />
                <line number="70" hits="2" branch="False" />
                <line number="71" hits="2" branch="False" />
                <line number="72" hits="2" branch="False" />
                <line number="73" hits="2" branch="False" />
                <line number="74" hits="2" branch="False" />
                <line number="75" hits="2" branch="False" />
                <line number="77" hits="2" branch="False" />
                <line number="78" hits="2" branch="False" />
                <line number="79" hits="2" branch="False" />
                <line number="80" hits="2" branch="False" />
                <line number="81" hits="2" branch="False" />
                <line number="83" hits="2" branch="False" />
                <line number="84" hits="2" branch="False" />
                <line number="85" hits="2" branch="False" />
                <line number="86" hits="2" branch="False" />
                <line number="87" hits="2" branch="False" />
                <line number="89" hits="2" branch="False" />
                <line number="90" hits="2" branch="False" />
                <line number="91" hits="2" branch="False" />
                <line number="92" hits="2" branch="False" />
                <line number="93" hits="2" branch="False" />
                <line number="95" hits="2" branch="False" />
                <line number="96" hits="2" branch="False" />
                <line number="97" hits="2" branch="False" />
                <line number="98" hits="2" branch="False" />
                <line number="99" hits="2" branch="False" />
                <line number="100" hits="2" branch="False" />
                <line number="101" hits="2" branch="False" />
                <line number="103" hits="2" branch="False" />
                <line number="104" hits="2" branch="False" />
                <line number="105" hits="2" branch="False" />
                <line number="107" hits="2" branch="False" />
                <line number="108" hits="2" branch="False" />
                <line number="109" hits="2" branch="False" />
                <line number="114" hits="2" branch="False" />
                <line number="115" hits="2" branch="False" />
                <line number="117" hits="2" branch="False" />
                <line number="118" hits="2" branch="False" />
                <line number="120" hits="2" branch="False" />
                <line number="121" hits="2" branch="False" />
                <line number="123" hits="2" branch="False" />
                <line number="124" hits="2" branch="False" />
                <line number="126" hits="2" branch="False" />
                <line number="127" hits="2" branch="False" />
                <line number="129" hits="2" branch="False" />
                <line number="130" hits="2" branch="False" />
                <line number="132" hits="2" branch="False" />
                <line number="133" hits="2" branch="False" />
                <line number="136" hits="2" branch="False" />
                <line number="137" hits="2" branch="False" />
                <line number="138" hits="2" branch="False" />
                <line number="139" hits="2" branch="False" />
                <line number="144" hits="2" branch="False" />
              </lines>
            </method>
            <method name=".ctor" signature="(Microsoft.EntityFrameworkCore.DbContextOptions)" line-rate="1" branch-rate="1" complexity="1">
              <lines>
                <line number="9" hits="69" branch="False" />
                <line number="10" hits="69" branch="False" />
                <line number="12" hits="69" branch="False" />
              </lines>
            </method>
          </methods>
          <lines>
            <line number="14" hits="148" branch="False" />
            <line number="15" hits="87" branch="False" />
            <line number="16" hits="94" branch="False" />
            <line number="17" hits="102" branch="False" />
            <line number="18" hits="99" branch="False" />
            <line number="19" hits="79" branch="False" />
            <line number="20" hits="132" branch="False" />
            <line number="22" hits="73" branch="False" />
            <line number="23" hits="69" branch="False" />
            <line number="24" hits="72" branch="False" />
            <line number="26" hits="79" branch="False" />
            <line number="28" hits="69" branch="False" />
            <line number="30" hits="113" branch="False" />
            <line number="32" hits="98" branch="False" />
            <line number="34" hits="80" branch="False" />
            <line number="36" hits="83" branch="False" />
            <line number="38" hits="74" branch="False" />
            <line number="43" hits="2" branch="False" />
            <line number="44" hits="2" branch="False" />
            <line number="45" hits="2" branch="False" />
            <line number="46" hits="2" branch="False" />
            <line number="47" hits="2" branch="False" />
            <line number="48" hits="2" branch="False" />
            <line number="49" hits="2" branch="False" />
            <line number="50" hits="2" branch="False" />
            <line number="51" hits="2" branch="False" />
            <line number="52" hits="2" branch="False" />
            <line number="53" hits="2" branch="False" />
            <line number="54" hits="2" branch="False" />
            <line number="55" hits="2" branch="False" />
            <line number="57" hits="2" branch="False" />
            <line number="58" hits="2" branch="False" />
            <line number="59" hits="2" branch="False" />
            <line number="60" hits="2" branch="False" />
            <line number="61" hits="2" branch="False" />
            <line number="62" hits="2" branch="False" />
            <line number="63" hits="2" branch="False" />
            <line number="64" hits="2" branch="False" />
            <line number="65" hits="2" branch="False" />
            <line number="67" hits="2" branch="False" />
            <line number="68" hits="2" branch="False" />
            <line number="69" hits="2" branch="False" />
            <line number="70" hits="2" branch="False" />
            <line number="71" hits="2" branch="False" />
            <line number="72" hits="2" branch="False" />
            <line number="73" hits="2" branch="False" />
            <line number="74" hits="2" branch="False" />
            <line number="75" hits="2" branch="False" />
            <line number="77" hits="2" branch="False" />
            <line number="78" hits="2" branch="False" />
            <line number="79" hits="2" branch="False" />
            <line number="80" hits="2" branch="False" />
            <line number="81" hits="2" branch="False" />
            <line number="83" hits="2" branch="False" />
            <line number="84" hits="2" branch="False" />
            <line number="85" hits="2" branch="False" />
            <line number="86" hits="2" branch="False" />
            <line number="87" hits="2" branch="False" />
            <line number="89" hits="2" branch="False" />
            <line number="90" hits="2" branch="False" />
            <line number="91" hits="2" branch="False" />
            <line number="92" hits="2" branch="False" />
            <line number="93" hits="2" branch="False" />
            <line number="95" hits="2" branch="False" />
            <line number="96" hits="2" branch="False" />
            <line number="97" hits="2" branch="False" />
            <line number="98" hits="2" branch="False" />
            <line number="99" hits="2" branch="False" />
            <line number="100" hits="2" branch="False" />
            <line number="101" hits="2" branch="False" />
            <line number="103" hits="2" branch="False" />
            <line number="104" hits="2" branch="False" />
            <line number="105" hits="2" branch="False" />
            <line number="107" hits="2" branch="False" />
            <line number="108" hits="2" branch="False" />
            <line number="109" hits="2" branch="False" />
            <line number="114" hits="2" branch="False" />
            <line number="115" hits="2" branch="False" />
            <line number="117" hits="2" branch="False" />
            <line number="118" hits="2" branch="False" />
            <line number="120" hits="2" branch="False" />
            <line number="121" hits="2" branch="False" />
            <line number="123" hits="2" branch="False" />
            <line number="124" hits="2" branch="False" />
            <line number="126" hits="2" branch="False" />
            <line number="127" hits="2" branch="False" />
            <line number="129" hits="2" branch="False" />
            <line number="130" hits="2" branch="False" />
            <line number="132" hits="2" branch="False" />
            <line number="133" hits="2" branch="False" />
            <line number="136" hits="2" branch="False" />
            <line number="137" hits="2" branch="False" />
            <line number="138" hits="2" branch="False" />
            <line number="139" hits="2" branch="False" />
            <line number="144" hits="2" branch="False" />
            <line number="9" hits="69" branch="False" />
            <line number="10" hits="69" branch="False" />
            <line number="12" hits="69" branch="False" />
          </lines>
        </class>
      </classes>
    </package>
  </packages>
</coverage>